This file contains any messages produced by compilers while
running configure, to aid debugging if configure makes a mistake.

It was created by transmission configure 2.94, which was
generated by GNU Autoconf 2.69.  Invocation command line was

  $ ./configure --host=arm-linux-androideabi --prefix=/home/dev/tm/transmission/builder/toolchain_arm/sysroot/usr --without-gtk --disable-libnotify --disable-mac --disable-wx --disable-beos --enable-utp --disable-nls --enable-inotify --enable-lightweight --enable-cli --enable-daemon --with-zlib=/home/dev/tm/transmission/builder/toolchain_arm/sysroot/usr PKG_CONFIG=/usr/bin/pkg-config PKG_CONFIG_PATH=/home/dev/tm/transmission/builder/toolchain_arm/sysroot/usr/lib/pkgconfig

## --------- ##
## Platform. ##
## --------- ##

hostname = ubuntu
uname -m = x86_64
uname -r = 4.15.0-43-generic
uname -s = Linux
uname -v = #46-Ubuntu SMP Thu Dec 6 14:45:28 UTC 2018

/usr/bin/uname -p = unknown
/bin/uname -X     = unknown

/bin/arch              = unknown
/usr/bin/arch -k       = unknown
/usr/convex/getsysinfo = unknown
/usr/bin/hostinfo      = unknown
/bin/machine           = unknown
/usr/bin/oslevel       = unknown
/bin/universe          = unknown

PATH: /usr/local/sbin
PATH: /usr/local/bin
PATH: /usr/sbin
PATH: /usr/bin
PATH: /sbin
PATH: /bin
PATH: /usr/games
PATH: /usr/local/games
PATH: /snap/bin
PATH: /usr/lib/jvm/java-8-oracle/bin
PATH: /usr/lib/jvm/java-8-oracle/db/bin
PATH: /usr/lib/jvm/java-8-oracle/jre/bin


## ----------- ##
## Core tests. ##
## ----------- ##

configure:2656: checking whether make supports nested variables
configure:2673: result: yes
configure:2733: checking for a BSD-compatible install
configure:2801: result: /usr/bin/install -c
configure:2812: checking whether build environment is sane
configure:2867: result: yes
configure:2926: checking for arm-linux-androideabi-strip
configure:2956: result: no
configure:2966: checking for strip
configure:2982: found /usr/bin/strip
configure:2993: result: strip
configure:3018: checking for a thread-safe mkdir -p
configure:3057: result: /bin/mkdir -p
configure:3064: checking for gawk
configure:3080: found /usr/bin/gawk
configure:3091: result: gawk
configure:3102: checking whether make sets $(MAKE)
configure:3124: result: yes
configure:3210: checking how to create a pax tar archive
configure:3221: tar --version
tar (GNU tar) 1.29
Copyright (C) 2015 Free Software Foundation, Inc.
License GPLv3+: GNU GPL version 3 or later <http://gnu.org/licenses/gpl.html>.
This is free software: you are free to change and redistribute it.
There is NO WARRANTY, to the extent permitted by law.

Written by John Gilmore and Jay Fenlason.
configure:3224: $? = 0
configure:3264: tardir=conftest.dir && eval tar --format=posix -chf - "$tardir" >conftest.tar
configure:3267: $? = 0
configure:3271: tar -xf - <conftest.tar
configure:3274: $? = 0
configure:3276: cat conftest.dir/file
GrepMe
configure:3279: $? = 0
configure:3292: result: gnutar
configure:3371: checking build system type
configure:3385: result: x86_64-pc-linux-gnu
configure:3405: checking host system type
configure:3418: result: arm-unknown-linux-androideabi
configure:3459: checking how to print strings
configure:3486: result: printf
configure:3519: checking for style of include used by make
configure:3547: result: GNU
configure:3578: checking for arm-linux-androideabi-gcc
configure:3605: result: /home/dev/tm/transmission/builder/toolchain_arm/bin/arm-linux-androideabi-clang
configure:3874: checking for C compiler version
configure:3883: /home/dev/tm/transmission/builder/toolchain_arm/bin/arm-linux-androideabi-clang --version >&5
Android (4691093 based on r316199) clang version 6.0.2 (https://android.googlesource.com/toolchain/clang 183abd29fc496f55536e7d904e0abae47888fc7f) (https://android.googlesource.com/toolchain/llvm 34361f192e41ed6e4e8f9aca80a4ea7e9856f327) (based on LLVM 6.0.2svn)
Target: armv7a-none-linux-android
Thread model: posix
InstalledDir: /home/dev/tm/transmission/builder/toolchain_arm/bin
configure:3894: $? = 0
configure:3883: /home/dev/tm/transmission/builder/toolchain_arm/bin/arm-linux-androideabi-clang -v >&5
Android (4691093 based on r316199) clang version 6.0.2 (https://android.googlesource.com/toolchain/clang 183abd29fc496f55536e7d904e0abae47888fc7f) (https://android.googlesource.com/toolchain/llvm 34361f192e41ed6e4e8f9aca80a4ea7e9856f327) (based on LLVM 6.0.2svn)
Target: armv7a-none-linux-android
Thread model: posix
InstalledDir: /home/dev/tm/transmission/builder/toolchain_arm/bin
Found candidate GCC installation: /home/dev/tm/transmission/builder/toolchain_arm/bin/../lib/gcc/arm-linux-androideabi/4.9.x
Selected GCC installation: /home/dev/tm/transmission/builder/toolchain_arm/bin/../lib/gcc/arm-linux-androideabi/4.9.x
Candidate multilib: thumb;@mthumb
Candidate multilib: armv7-a;@march=armv7-a
Candidate multilib: armv7-a/thumb;@march=armv7-a@mthumb
Candidate multilib: .;
... rest of stderr output deleted ...
configure:3894: $? = 0
configure:3883: /home/dev/tm/transmission/builder/toolchain_arm/bin/arm-linux-androideabi-clang -V >&5
clang60: error: argument to '-V' is missing (expected 1 value)
clang60: error: no input files
configure:3894: $? = 1
configure:3883: /home/dev/tm/transmission/builder/toolchain_arm/bin/arm-linux-androideabi-clang -qversion >&5
clang60: error: unknown argument: '-qversion'
clang60: error: no input files
configure:3894: $? = 1
configure:3914: checking whether the C compiler works
configure:3936: /home/dev/tm/transmission/builder/toolchain_arm/bin/arm-linux-androideabi-clang --sysroot=/home/dev/tm/transmission/builder/toolchain_arm/sysroot -I/home/dev/tm/transmission/builder/toolchain_arm/sysroot/usr/include -I/home/dev/tm/transmission/builder/toolchain_arm/include -O3 -DNDEBUG -fPIC -static --sysroot=/home/dev/tm/transmission/builder/toolchain_arm/sysroot -I/home/dev/tm/transmission/builder/toolchain_arm/sysroot/usr/include -I/home/dev/tm/transmission/builder/toolchain_arm/include -O3 -DNDEBUG -fPIC -static --sysroot=/home/dev/tm/transmission/builder/toolchain_arm/sysroot -L/home/dev/tm/transmission/builder/toolchain_arm/sysroot/usr/lib -L/home/dev/tm/transmission/builder/toolchain_arm/lib -fPIC -pie -static conftest.c  >&5
clang60: warning: argument unused during compilation: '-pie' [-Wunused-command-line-argument]
configure:3940: $? = 0
configure:3988: result: yes
configure:3991: checking for C compiler default output file name
configure:3993: result: a.out
configure:3999: checking for suffix of executables
configure:4006: /home/dev/tm/transmission/builder/toolchain_arm/bin/arm-linux-androideabi-clang -o conftest --sysroot=/home/dev/tm/transmission/builder/toolchain_arm/sysroot -I/home/dev/tm/transmission/builder/toolchain_arm/sysroot/usr/include -I/home/dev/tm/transmission/builder/toolchain_arm/include -O3 -DNDEBUG -fPIC -static --sysroot=/home/dev/tm/transmission/builder/toolchain_arm/sysroot -I/home/dev/tm/transmission/builder/toolchain_arm/sysroot/usr/include -I/home/dev/tm/transmission/builder/toolchain_arm/include -O3 -DNDEBUG -fPIC -static --sysroot=/home/dev/tm/transmission/builder/toolchain_arm/sysroot -L/home/dev/tm/transmission/builder/toolchain_arm/sysroot/usr/lib -L/home/dev/tm/transmission/builder/toolchain_arm/lib -fPIC -pie -static conftest.c  >&5
clang60: warning: argument unused during compilation: '-pie' [-Wunused-command-line-argument]
configure:4010: $? = 0
configure:4032: result: 
configure:4054: checking whether we are cross compiling
configure:4062: /home/dev/tm/transmission/builder/toolchain_arm/bin/arm-linux-androideabi-clang -o conftest --sysroot=/home/dev/tm/transmission/builder/toolchain_arm/sysroot -I/home/dev/tm/transmission/builder/toolchain_arm/sysroot/usr/include -I/home/dev/tm/transmission/builder/toolchain_arm/include -O3 -DNDEBUG -fPIC -static --sysroot=/home/dev/tm/transmission/builder/toolchain_arm/sysroot -I/home/dev/tm/transmission/builder/toolchain_arm/sysroot/usr/include -I/home/dev/tm/transmission/builder/toolchain_arm/include -O3 -DNDEBUG -fPIC -static --sysroot=/home/dev/tm/transmission/builder/toolchain_arm/sysroot -L/home/dev/tm/transmission/builder/toolchain_arm/sysroot/usr/lib -L/home/dev/tm/transmission/builder/toolchain_arm/lib -fPIC -pie -static conftest.c  >&5
clang60: warning: argument unused during compilation: '-pie' [-Wunused-command-line-argument]
configure:4066: $? = 0
configure:4073: ./conftest
./configure: line 4075: ./conftest: cannot execute binary file: Exec format error
configure:4077: $? = 126
configure:4092: result: yes
configure:4097: checking for suffix of object files
configure:4119: /home/dev/tm/transmission/builder/toolchain_arm/bin/arm-linux-androideabi-clang -c --sysroot=/home/dev/tm/transmission/builder/toolchain_arm/sysroot -I/home/dev/tm/transmission/builder/toolchain_arm/sysroot/usr/include -I/home/dev/tm/transmission/builder/toolchain_arm/include -O3 -DNDEBUG -fPIC -static --sysroot=/home/dev/tm/transmission/builder/toolchain_arm/sysroot -I/home/dev/tm/transmission/builder/toolchain_arm/sysroot/usr/include -I/home/dev/tm/transmission/builder/toolchain_arm/include -O3 -DNDEBUG -fPIC -static conftest.c >&5
configure:4123: $? = 0
configure:4144: result: o
configure:4148: checking whether we are using the GNU C compiler
configure:4167: /home/dev/tm/transmission/builder/toolchain_arm/bin/arm-linux-androideabi-clang -c --sysroot=/home/dev/tm/transmission/builder/toolchain_arm/sysroot -I/home/dev/tm/transmission/builder/toolchain_arm/sysroot/usr/include -I/home/dev/tm/transmission/builder/toolchain_arm/include -O3 -DNDEBUG -fPIC -static --sysroot=/home/dev/tm/transmission/builder/toolchain_arm/sysroot -I/home/dev/tm/transmission/builder/toolchain_arm/sysroot/usr/include -I/home/dev/tm/transmission/builder/toolchain_arm/include -O3 -DNDEBUG -fPIC -static conftest.c >&5
configure:4167: $? = 0
configure:4176: result: yes
configure:4185: checking whether /home/dev/tm/transmission/builder/toolchain_arm/bin/arm-linux-androideabi-clang accepts -g
configure:4205: /home/dev/tm/transmission/builder/toolchain_arm/bin/arm-linux-androideabi-clang -c -g --sysroot=/home/dev/tm/transmission/builder/toolchain_arm/sysroot -I/home/dev/tm/transmission/builder/toolchain_arm/sysroot/usr/include -I/home/dev/tm/transmission/builder/toolchain_arm/include -O3 -DNDEBUG -fPIC -static conftest.c >&5
configure:4205: $? = 0
configure:4246: result: yes
configure:4263: checking for /home/dev/tm/transmission/builder/toolchain_arm/bin/arm-linux-androideabi-clang option to accept ISO C89
configure:4326: /home/dev/tm/transmission/builder/toolchain_arm/bin/arm-linux-androideabi-clang  -c --sysroot=/home/dev/tm/transmission/builder/toolchain_arm/sysroot -I/home/dev/tm/transmission/builder/toolchain_arm/sysroot/usr/include -I/home/dev/tm/transmission/builder/toolchain_arm/include -O3 -DNDEBUG -fPIC -static --sysroot=/home/dev/tm/transmission/builder/toolchain_arm/sysroot -I/home/dev/tm/transmission/builder/toolchain_arm/sysroot/usr/include -I/home/dev/tm/transmission/builder/toolchain_arm/include -O3 -DNDEBUG -fPIC -static conftest.c >&5
configure:4326: $? = 0
configure:4339: result: none needed
configure:4364: checking whether /home/dev/tm/transmission/builder/toolchain_arm/bin/arm-linux-androideabi-clang understands -c and -o together
configure:4386: /home/dev/tm/transmission/builder/toolchain_arm/bin/arm-linux-androideabi-clang -c conftest.c -o conftest2.o
configure:4389: $? = 0
configure:4386: /home/dev/tm/transmission/builder/toolchain_arm/bin/arm-linux-androideabi-clang -c conftest.c -o conftest2.o
configure:4389: $? = 0
configure:4401: result: yes
configure:4420: checking dependency style of /home/dev/tm/transmission/builder/toolchain_arm/bin/arm-linux-androideabi-clang
configure:4531: result: gcc3
configure:4546: checking for a sed that does not truncate output
configure:4610: result: /bin/sed
configure:4628: checking for grep that handles long lines and -e
configure:4686: result: /bin/grep
configure:4691: checking for egrep
configure:4753: result: /bin/grep -E
configure:4758: checking for fgrep
configure:4820: result: /bin/grep -F
configure:4855: checking for ld used by /home/dev/tm/transmission/builder/toolchain_arm/bin/arm-linux-androideabi-clang
configure:4922: result: /home/dev/tm/transmission/builder/toolchain_arm/bin/arm-linux-androideabi-ld.gold
configure:4929: checking if the linker (/home/dev/tm/transmission/builder/toolchain_arm/bin/arm-linux-androideabi-ld.gold) is GNU ld
configure:4944: result: yes
configure:4956: checking for BSD- or MS-compatible name lister (nm)
configure:5010: result: /home/dev/tm/transmission/builder/toolchain_arm/bin/arm-linux-androideabi-nm
configure:5140: checking the name lister (/home/dev/tm/transmission/builder/toolchain_arm/bin/arm-linux-androideabi-nm) interface
configure:5147: /home/dev/tm/transmission/builder/toolchain_arm/bin/arm-linux-androideabi-clang -c --sysroot=/home/dev/tm/transmission/builder/toolchain_arm/sysroot -I/home/dev/tm/transmission/builder/toolchain_arm/sysroot/usr/include -I/home/dev/tm/transmission/builder/toolchain_arm/include -O3 -DNDEBUG -fPIC -static --sysroot=/home/dev/tm/transmission/builder/toolchain_arm/sysroot -I/home/dev/tm/transmission/builder/toolchain_arm/sysroot/usr/include -I/home/dev/tm/transmission/builder/toolchain_arm/include -O3 -DNDEBUG -fPIC -static conftest.c >&5
configure:5150: /home/dev/tm/transmission/builder/toolchain_arm/bin/arm-linux-androideabi-nm "conftest.o"
configure:5153: output
00000000 B some_variable
configure:5160: result: BSD nm
configure:5163: checking whether ln -s works
configure:5167: result: yes
configure:5175: checking the maximum length of command line arguments
configure:5306: result: 1572864
configure:5354: checking how to convert x86_64-pc-linux-gnu file names to arm-unknown-linux-androideabi format
configure:5394: result: func_convert_file_noop
configure:5401: checking how to convert x86_64-pc-linux-gnu file names to toolchain format
configure:5421: result: func_convert_file_noop
configure:5428: checking for /home/dev/tm/transmission/builder/toolchain_arm/bin/arm-linux-androideabi-ld.gold option to reload object files
configure:5435: result: -r
configure:5469: checking for arm-linux-androideabi-objdump
configure:5499: result: no
configure:5509: checking for objdump
configure:5525: found /usr/bin/objdump
configure:5536: result: objdump
configure:5548: WARNING: using cross tools not prefixed with host triplet
configure:5568: checking how to recognize dependent libraries
configure:5768: result: pass_all
configure:5813: checking for arm-linux-androideabi-dlltool
configure:5843: result: no
configure:5853: checking for dlltool
configure:5883: result: no
configure:5913: checking how to associate runtime and link libraries
configure:5940: result: printf %s\n
configure:5957: checking for arm-linux-androideabi-ar
configure:5984: result: /home/dev/tm/transmission/builder/toolchain_arm/bin/arm-linux-androideabi-ar
configure:6065: checking for archiver @FILE support
configure:6082: /home/dev/tm/transmission/builder/toolchain_arm/bin/arm-linux-androideabi-clang -c --sysroot=/home/dev/tm/transmission/builder/toolchain_arm/sysroot -I/home/dev/tm/transmission/builder/toolchain_arm/sysroot/usr/include -I/home/dev/tm/transmission/builder/toolchain_arm/include -O3 -DNDEBUG -fPIC -static --sysroot=/home/dev/tm/transmission/builder/toolchain_arm/sysroot -I/home/dev/tm/transmission/builder/toolchain_arm/sysroot/usr/include -I/home/dev/tm/transmission/builder/toolchain_arm/include -O3 -DNDEBUG -fPIC -static conftest.c >&5
configure:6082: $? = 0
configure:6085: /home/dev/tm/transmission/builder/toolchain_arm/bin/arm-linux-androideabi-ar cru libconftest.a @conftest.lst >&5
configure:6088: $? = 0
configure:6093: /home/dev/tm/transmission/builder/toolchain_arm/bin/arm-linux-androideabi-ar cru libconftest.a @conftest.lst >&5
/home/dev/tm/transmission/builder/toolchain_arm/bin/arm-linux-androideabi-ar: conftest.o: No such file or directory
configure:6096: $? = 1
configure:6108: result: @
configure:6126: checking for arm-linux-androideabi-strip
configure:6153: result: strip
configure:6225: checking for arm-linux-androideabi-ranlib
configure:6252: result: /home/dev/tm/transmission/builder/toolchain_arm/bin/arm-linux-androideabi-ranlib
configure:6394: checking command to parse /home/dev/tm/transmission/builder/toolchain_arm/bin/arm-linux-androideabi-nm output from /home/dev/tm/transmission/builder/toolchain_arm/bin/arm-linux-androideabi-clang object
configure:6547: /home/dev/tm/transmission/builder/toolchain_arm/bin/arm-linux-androideabi-clang -c --sysroot=/home/dev/tm/transmission/builder/toolchain_arm/sysroot -I/home/dev/tm/transmission/builder/toolchain_arm/sysroot/usr/include -I/home/dev/tm/transmission/builder/toolchain_arm/include -O3 -DNDEBUG -fPIC -static --sysroot=/home/dev/tm/transmission/builder/toolchain_arm/sysroot -I/home/dev/tm/transmission/builder/toolchain_arm/sysroot/usr/include -I/home/dev/tm/transmission/builder/toolchain_arm/include -O3 -DNDEBUG -fPIC -static conftest.c >&5
configure:6550: $? = 0
configure:6554: /home/dev/tm/transmission/builder/toolchain_arm/bin/arm-linux-androideabi-nm conftest.o \| sed -n -e 's/^.*[ ]\([ABCDGIRSTW][ABCDGIRSTW]*\)[ ][ ]*\([_A-Za-z][_A-Za-z0-9]*\)$/\1 \2 \2/p' | sed '/ __gnu_lto/d' \> conftest.nm
configure:6557: $? = 0
configure:6623: /home/dev/tm/transmission/builder/toolchain_arm/bin/arm-linux-androideabi-clang -o conftest --sysroot=/home/dev/tm/transmission/builder/toolchain_arm/sysroot -I/home/dev/tm/transmission/builder/toolchain_arm/sysroot/usr/include -I/home/dev/tm/transmission/builder/toolchain_arm/include -O3 -DNDEBUG -fPIC -static --sysroot=/home/dev/tm/transmission/builder/toolchain_arm/sysroot -I/home/dev/tm/transmission/builder/toolchain_arm/sysroot/usr/include -I/home/dev/tm/transmission/builder/toolchain_arm/include -O3 -DNDEBUG -fPIC -static --sysroot=/home/dev/tm/transmission/builder/toolchain_arm/sysroot -L/home/dev/tm/transmission/builder/toolchain_arm/sysroot/usr/lib -L/home/dev/tm/transmission/builder/toolchain_arm/lib -fPIC -pie -static conftest.c conftstm.o >&5
clang60: warning: argument unused during compilation: '-pie' [-Wunused-command-line-argument]
configure:6626: $? = 0
configure:6664: result: ok
configure:6711: checking for sysroot
configure:6741: result: no
configure:6748: checking for a working dd
configure:6786: result: /bin/dd
configure:6790: checking how to truncate binary pipes
configure:6805: result: /bin/dd bs=4096 count=1
configure:7094: checking for arm-linux-androideabi-mt
configure:7124: result: no
configure:7134: checking for mt
configure:7150: found /bin/mt
configure:7161: result: mt
configure:7184: checking if mt is a manifest tool
configure:7190: mt '-?'
configure:7198: result: no
configure:7875: checking how to run the C preprocessor
configure:7945: result: /home/dev/tm/transmission/builder/toolchain_arm/bin/arm-linux-androideabi-cpp
configure:7965: /home/dev/tm/transmission/builder/toolchain_arm/bin/arm-linux-androideabi-cpp --sysroot=/home/dev/tm/transmission/builder/toolchain_arm/sysroot -I/home/dev/tm/transmission/builder/toolchain_arm/sysroot/usr/include -I/home/dev/tm/transmission/builder/toolchain_arm/include -O3 -DNDEBUG -fPIC -static conftest.c
configure:7965: $? = 0
configure:7979: /home/dev/tm/transmission/builder/toolchain_arm/bin/arm-linux-androideabi-cpp --sysroot=/home/dev/tm/transmission/builder/toolchain_arm/sysroot -I/home/dev/tm/transmission/builder/toolchain_arm/sysroot/usr/include -I/home/dev/tm/transmission/builder/toolchain_arm/include -O3 -DNDEBUG -fPIC -static conftest.c
conftest.c:11:28: fatal error: ac_nonexistent.h: No such file or directory
 #include <ac_nonexistent.h>
                            ^
compilation terminated.
configure:7979: $? = 1
configure: failed program was:
| /* confdefs.h */
| #define PACKAGE_NAME "transmission"
| #define PACKAGE_TARNAME "transmission"
| #define PACKAGE_VERSION "2.94"
| #define PACKAGE_STRING "transmission 2.94"
| #define PACKAGE_BUGREPORT "https://github.com/transmission/transmission"
| #define PACKAGE_URL ""
| #define PACKAGE "transmission"
| #define VERSION "2.94"
| /* end confdefs.h.  */
| #include <ac_nonexistent.h>
configure:8008: checking for ANSI C header files
configure:8028: /home/dev/tm/transmission/builder/toolchain_arm/bin/arm-linux-androideabi-clang -c --sysroot=/home/dev/tm/transmission/builder/toolchain_arm/sysroot -I/home/dev/tm/transmission/builder/toolchain_arm/sysroot/usr/include -I/home/dev/tm/transmission/builder/toolchain_arm/include -O3 -DNDEBUG -fPIC -static --sysroot=/home/dev/tm/transmission/builder/toolchain_arm/sysroot -I/home/dev/tm/transmission/builder/toolchain_arm/sysroot/usr/include -I/home/dev/tm/transmission/builder/toolchain_arm/include -O3 -DNDEBUG -fPIC -static conftest.c >&5
configure:8028: $? = 0
configure:8112: result: yes
configure:8125: checking for sys/types.h
configure:8125: /home/dev/tm/transmission/builder/toolchain_arm/bin/arm-linux-androideabi-clang -c --sysroot=/home/dev/tm/transmission/builder/toolchain_arm/sysroot -I/home/dev/tm/transmission/builder/toolchain_arm/sysroot/usr/include -I/home/dev/tm/transmission/builder/toolchain_arm/include -O3 -DNDEBUG -fPIC -static --sysroot=/home/dev/tm/transmission/builder/toolchain_arm/sysroot -I/home/dev/tm/transmission/builder/toolchain_arm/sysroot/usr/include -I/home/dev/tm/transmission/builder/toolchain_arm/include -O3 -DNDEBUG -fPIC -static conftest.c >&5
configure:8125: $? = 0
configure:8125: result: yes
configure:8125: checking for sys/stat.h
configure:8125: /home/dev/tm/transmission/builder/toolchain_arm/bin/arm-linux-androideabi-clang -c --sysroot=/home/dev/tm/transmission/builder/toolchain_arm/sysroot -I/home/dev/tm/transmission/builder/toolchain_arm/sysroot/usr/include -I/home/dev/tm/transmission/builder/toolchain_arm/include -O3 -DNDEBUG -fPIC -static --sysroot=/home/dev/tm/transmission/builder/toolchain_arm/sysroot -I/home/dev/tm/transmission/builder/toolchain_arm/sysroot/usr/include -I/home/dev/tm/transmission/builder/toolchain_arm/include -O3 -DNDEBUG -fPIC -static conftest.c >&5
configure:8125: $? = 0
configure:8125: result: yes
configure:8125: checking for stdlib.h
configure:8125: /home/dev/tm/transmission/builder/toolchain_arm/bin/arm-linux-androideabi-clang -c --sysroot=/home/dev/tm/transmission/builder/toolchain_arm/sysroot -I/home/dev/tm/transmission/builder/toolchain_arm/sysroot/usr/include -I/home/dev/tm/transmission/builder/toolchain_arm/include -O3 -DNDEBUG -fPIC -static --sysroot=/home/dev/tm/transmission/builder/toolchain_arm/sysroot -I/home/dev/tm/transmission/builder/toolchain_arm/sysroot/usr/include -I/home/dev/tm/transmission/builder/toolchain_arm/include -O3 -DNDEBUG -fPIC -static conftest.c >&5
configure:8125: $? = 0
configure:8125: result: yes
configure:8125: checking for string.h
configure:8125: /home/dev/tm/transmission/builder/toolchain_arm/bin/arm-linux-androideabi-clang -c --sysroot=/home/dev/tm/transmission/builder/toolchain_arm/sysroot -I/home/dev/tm/transmission/builder/toolchain_arm/sysroot/usr/include -I/home/dev/tm/transmission/builder/toolchain_arm/include -O3 -DNDEBUG -fPIC -static --sysroot=/home/dev/tm/transmission/builder/toolchain_arm/sysroot -I/home/dev/tm/transmission/builder/toolchain_arm/sysroot/usr/include -I/home/dev/tm/transmission/builder/toolchain_arm/include -O3 -DNDEBUG -fPIC -static conftest.c >&5
configure:8125: $? = 0
configure:8125: result: yes
configure:8125: checking for memory.h
configure:8125: /home/dev/tm/transmission/builder/toolchain_arm/bin/arm-linux-androideabi-clang -c --sysroot=/home/dev/tm/transmission/builder/toolchain_arm/sysroot -I/home/dev/tm/transmission/builder/toolchain_arm/sysroot/usr/include -I/home/dev/tm/transmission/builder/toolchain_arm/include -O3 -DNDEBUG -fPIC -static --sysroot=/home/dev/tm/transmission/builder/toolchain_arm/sysroot -I/home/dev/tm/transmission/builder/toolchain_arm/sysroot/usr/include -I/home/dev/tm/transmission/builder/toolchain_arm/include -O3 -DNDEBUG -fPIC -static conftest.c >&5
configure:8125: $? = 0
configure:8125: result: yes
configure:8125: checking for strings.h
configure:8125: /home/dev/tm/transmission/builder/toolchain_arm/bin/arm-linux-androideabi-clang -c --sysroot=/home/dev/tm/transmission/builder/toolchain_arm/sysroot -I/home/dev/tm/transmission/builder/toolchain_arm/sysroot/usr/include -I/home/dev/tm/transmission/builder/toolchain_arm/include -O3 -DNDEBUG -fPIC -static --sysroot=/home/dev/tm/transmission/builder/toolchain_arm/sysroot -I/home/dev/tm/transmission/builder/toolchain_arm/sysroot/usr/include -I/home/dev/tm/transmission/builder/toolchain_arm/include -O3 -DNDEBUG -fPIC -static conftest.c >&5
configure:8125: $? = 0
configure:8125: result: yes
configure:8125: checking for inttypes.h
configure:8125: /home/dev/tm/transmission/builder/toolchain_arm/bin/arm-linux-androideabi-clang -c --sysroot=/home/dev/tm/transmission/builder/toolchain_arm/sysroot -I/home/dev/tm/transmission/builder/toolchain_arm/sysroot/usr/include -I/home/dev/tm/transmission/builder/toolchain_arm/include -O3 -DNDEBUG -fPIC -static --sysroot=/home/dev/tm/transmission/builder/toolchain_arm/sysroot -I/home/dev/tm/transmission/builder/toolchain_arm/sysroot/usr/include -I/home/dev/tm/transmission/builder/toolchain_arm/include -O3 -DNDEBUG -fPIC -static conftest.c >&5
configure:8125: $? = 0
configure:8125: result: yes
configure:8125: checking for stdint.h
configure:8125: /home/dev/tm/transmission/builder/toolchain_arm/bin/arm-linux-androideabi-clang -c --sysroot=/home/dev/tm/transmission/builder/toolchain_arm/sysroot -I/home/dev/tm/transmission/builder/toolchain_arm/sysroot/usr/include -I/home/dev/tm/transmission/builder/toolchain_arm/include -O3 -DNDEBUG -fPIC -static --sysroot=/home/dev/tm/transmission/builder/toolchain_arm/sysroot -I/home/dev/tm/transmission/builder/toolchain_arm/sysroot/usr/include -I/home/dev/tm/transmission/builder/toolchain_arm/include -O3 -DNDEBUG -fPIC -static conftest.c >&5
configure:8125: $? = 0
configure:8125: result: yes
configure:8125: checking for unistd.h
configure:8125: /home/dev/tm/transmission/builder/toolchain_arm/bin/arm-linux-androideabi-clang -c --sysroot=/home/dev/tm/transmission/builder/toolchain_arm/sysroot -I/home/dev/tm/transmission/builder/toolchain_arm/sysroot/usr/include -I/home/dev/tm/transmission/builder/toolchain_arm/include -O3 -DNDEBUG -fPIC -static --sysroot=/home/dev/tm/transmission/builder/toolchain_arm/sysroot -I/home/dev/tm/transmission/builder/toolchain_arm/sysroot/usr/include -I/home/dev/tm/transmission/builder/toolchain_arm/include -O3 -DNDEBUG -fPIC -static conftest.c >&5
configure:8125: $? = 0
configure:8125: result: yes
configure:8139: checking for dlfcn.h
configure:8139: /home/dev/tm/transmission/builder/toolchain_arm/bin/arm-linux-androideabi-clang -c --sysroot=/home/dev/tm/transmission/builder/toolchain_arm/sysroot -I/home/dev/tm/transmission/builder/toolchain_arm/sysroot/usr/include -I/home/dev/tm/transmission/builder/toolchain_arm/include -O3 -DNDEBUG -fPIC -static --sysroot=/home/dev/tm/transmission/builder/toolchain_arm/sysroot -I/home/dev/tm/transmission/builder/toolchain_arm/sysroot/usr/include -I/home/dev/tm/transmission/builder/toolchain_arm/include -O3 -DNDEBUG -fPIC -static conftest.c >&5
configure:8139: $? = 0
configure:8139: result: yes
configure:8395: checking for objdir
configure:8410: result: .libs
configure:8674: checking if /home/dev/tm/transmission/builder/toolchain_arm/bin/arm-linux-androideabi-clang supports -fno-rtti -fno-exceptions
configure:8692: /home/dev/tm/transmission/builder/toolchain_arm/bin/arm-linux-androideabi-clang -c --sysroot=/home/dev/tm/transmission/builder/toolchain_arm/sysroot -I/home/dev/tm/transmission/builder/toolchain_arm/sysroot/usr/include -I/home/dev/tm/transmission/builder/toolchain_arm/include -O3 -DNDEBUG -fPIC -static --sysroot=/home/dev/tm/transmission/builder/toolchain_arm/sysroot -I/home/dev/tm/transmission/builder/toolchain_arm/sysroot/usr/include -I/home/dev/tm/transmission/builder/toolchain_arm/include -O3 -DNDEBUG -fPIC -static -fno-rtti -fno-exceptions conftest.c >&5
configure:8696: $? = 0
configure:8709: result: yes
configure:9067: checking for /home/dev/tm/transmission/builder/toolchain_arm/bin/arm-linux-androideabi-clang option to produce PIC
configure:9074: result: -fPIC -DPIC
configure:9082: checking if /home/dev/tm/transmission/builder/toolchain_arm/bin/arm-linux-androideabi-clang PIC flag -fPIC -DPIC works
configure:9100: /home/dev/tm/transmission/builder/toolchain_arm/bin/arm-linux-androideabi-clang -c --sysroot=/home/dev/tm/transmission/builder/toolchain_arm/sysroot -I/home/dev/tm/transmission/builder/toolchain_arm/sysroot/usr/include -I/home/dev/tm/transmission/builder/toolchain_arm/include -O3 -DNDEBUG -fPIC -static --sysroot=/home/dev/tm/transmission/builder/toolchain_arm/sysroot -I/home/dev/tm/transmission/builder/toolchain_arm/sysroot/usr/include -I/home/dev/tm/transmission/builder/toolchain_arm/include -O3 -DNDEBUG -fPIC -static -fPIC -DPIC -DPIC conftest.c >&5
configure:9104: $? = 0
configure:9117: result: yes
configure:9146: checking if /home/dev/tm/transmission/builder/toolchain_arm/bin/arm-linux-androideabi-clang static flag -static works
clang60: warning: argument unused during compilation: '-pie' [-Wunused-command-line-argument]
configure:9174: result: yes
configure:9189: checking if /home/dev/tm/transmission/builder/toolchain_arm/bin/arm-linux-androideabi-clang supports -c -o file.o
configure:9210: /home/dev/tm/transmission/builder/toolchain_arm/bin/arm-linux-androideabi-clang -c --sysroot=/home/dev/tm/transmission/builder/toolchain_arm/sysroot -I/home/dev/tm/transmission/builder/toolchain_arm/sysroot/usr/include -I/home/dev/tm/transmission/builder/toolchain_arm/include -O3 -DNDEBUG -fPIC -static --sysroot=/home/dev/tm/transmission/builder/toolchain_arm/sysroot -I/home/dev/tm/transmission/builder/toolchain_arm/sysroot/usr/include -I/home/dev/tm/transmission/builder/toolchain_arm/include -O3 -DNDEBUG -fPIC -static -o out/conftest2.o conftest.c >&5
configure:9214: $? = 0
configure:9236: result: yes
configure:9244: checking if /home/dev/tm/transmission/builder/toolchain_arm/bin/arm-linux-androideabi-clang supports -c -o file.o
configure:9291: result: yes
configure:9324: checking whether the /home/dev/tm/transmission/builder/toolchain_arm/bin/arm-linux-androideabi-clang linker (/home/dev/tm/transmission/builder/toolchain_arm/bin/arm-linux-androideabi-ld.gold) supports shared libraries
configure:10587: result: yes
configure:10624: checking whether -lc should be explicitly linked in
configure:10632: /home/dev/tm/transmission/builder/toolchain_arm/bin/arm-linux-androideabi-clang -c --sysroot=/home/dev/tm/transmission/builder/toolchain_arm/sysroot -I/home/dev/tm/transmission/builder/toolchain_arm/sysroot/usr/include -I/home/dev/tm/transmission/builder/toolchain_arm/include -O3 -DNDEBUG -fPIC -static --sysroot=/home/dev/tm/transmission/builder/toolchain_arm/sysroot -I/home/dev/tm/transmission/builder/toolchain_arm/sysroot/usr/include -I/home/dev/tm/transmission/builder/toolchain_arm/include -O3 -DNDEBUG -fPIC -static conftest.c >&5
configure:10635: $? = 0
configure:10650: /home/dev/tm/transmission/builder/toolchain_arm/bin/arm-linux-androideabi-clang -shared  -fPIC -DPIC conftest.o  -v -Wl,-soname -Wl,conftest -o conftest 2\>\&1 \| /bin/grep  -lc  \>/dev/null 2\>\&1
configure:10653: $? = 0
configure:10667: result: no
configure:10827: checking dynamic linker characteristics
configure:11657: result: Android linker
configure:11779: checking how to hardcode library paths into programs
configure:11804: result: immediate
configure:12352: checking whether stripping libraries is possible
configure:12357: result: yes
configure:12392: checking if libtool supports shared libraries
configure:12394: result: yes
configure:12397: checking whether to build shared libraries
configure:12422: result: yes
configure:12425: checking whether to build static libraries
configure:12429: result: yes
configure:12554: checking for cos in -lm
configure:12579: /home/dev/tm/transmission/builder/toolchain_arm/bin/arm-linux-androideabi-clang -o conftest --sysroot=/home/dev/tm/transmission/builder/toolchain_arm/sysroot -I/home/dev/tm/transmission/builder/toolchain_arm/sysroot/usr/include -I/home/dev/tm/transmission/builder/toolchain_arm/include -O3 -DNDEBUG -fPIC -static --sysroot=/home/dev/tm/transmission/builder/toolchain_arm/sysroot -I/home/dev/tm/transmission/builder/toolchain_arm/sysroot/usr/include -I/home/dev/tm/transmission/builder/toolchain_arm/include -O3 -DNDEBUG -fPIC -static --sysroot=/home/dev/tm/transmission/builder/toolchain_arm/sysroot -L/home/dev/tm/transmission/builder/toolchain_arm/sysroot/usr/lib -L/home/dev/tm/transmission/builder/toolchain_arm/lib -fPIC -pie -static conftest.c -lm   >&5
clang60: warning: argument unused during compilation: '-pie' [-Wunused-command-line-argument]
conftest.c:30:6: warning: incompatible redeclaration of library function 'cos' [-Wincompatible-library-redeclaration]
char cos ();
     ^
conftest.c:30:6: note: 'cos' is a builtin with type 'double (double)'
1 warning generated.
configure:12579: $? = 0
configure:12588: result: yes
configure:12679: checking for arm-linux-androideabi-gcc
configure:12706: result: /home/dev/tm/transmission/builder/toolchain_arm/bin/arm-linux-androideabi-clang
configure:12975: checking for C compiler version
configure:12984: /home/dev/tm/transmission/builder/toolchain_arm/bin/arm-linux-androideabi-clang --version >&5
Android (4691093 based on r316199) clang version 6.0.2 (https://android.googlesource.com/toolchain/clang 183abd29fc496f55536e7d904e0abae47888fc7f) (https://android.googlesource.com/toolchain/llvm 34361f192e41ed6e4e8f9aca80a4ea7e9856f327) (based on LLVM 6.0.2svn)
Target: armv7a-none-linux-android
Thread model: posix
InstalledDir: /home/dev/tm/transmission/builder/toolchain_arm/bin
configure:12995: $? = 0
configure:12984: /home/dev/tm/transmission/builder/toolchain_arm/bin/arm-linux-androideabi-clang -v >&5
Android (4691093 based on r316199) clang version 6.0.2 (https://android.googlesource.com/toolchain/clang 183abd29fc496f55536e7d904e0abae47888fc7f) (https://android.googlesource.com/toolchain/llvm 34361f192e41ed6e4e8f9aca80a4ea7e9856f327) (based on LLVM 6.0.2svn)
Target: armv7a-none-linux-android
Thread model: posix
InstalledDir: /home/dev/tm/transmission/builder/toolchain_arm/bin
Found candidate GCC installation: /home/dev/tm/transmission/builder/toolchain_arm/bin/../lib/gcc/arm-linux-androideabi/4.9.x
Selected GCC installation: /home/dev/tm/transmission/builder/toolchain_arm/bin/../lib/gcc/arm-linux-androideabi/4.9.x
Candidate multilib: thumb;@mthumb
Candidate multilib: armv7-a;@march=armv7-a
Candidate multilib: armv7-a/thumb;@march=armv7-a@mthumb
Candidate multilib: .;
... rest of stderr output deleted ...
configure:12995: $? = 0
configure:12984: /home/dev/tm/transmission/builder/toolchain_arm/bin/arm-linux-androideabi-clang -V >&5
clang60: error: argument to '-V' is missing (expected 1 value)
clang60: error: no input files
configure:12995: $? = 1
configure:12984: /home/dev/tm/transmission/builder/toolchain_arm/bin/arm-linux-androideabi-clang -qversion >&5
clang60: error: unknown argument: '-qversion'
clang60: error: no input files
configure:12995: $? = 1
configure:12999: checking whether we are using the GNU C compiler
configure:13027: result: yes
configure:13036: checking whether /home/dev/tm/transmission/builder/toolchain_arm/bin/arm-linux-androideabi-clang accepts -g
configure:13097: result: yes
configure:13114: checking for /home/dev/tm/transmission/builder/toolchain_arm/bin/arm-linux-androideabi-clang option to accept ISO C89
configure:13190: result: none needed
configure:13215: checking whether /home/dev/tm/transmission/builder/toolchain_arm/bin/arm-linux-androideabi-clang understands -c and -o together
configure:13252: result: yes
configure:13271: checking dependency style of /home/dev/tm/transmission/builder/toolchain_arm/bin/arm-linux-androideabi-clang
configure:13382: result: gcc3
configure:13509: checking for C++ compiler version
configure:13518: /home/dev/tm/transmission/builder/toolchain_arm/bin/arm-linux-androideabi-clang++ --version >&5
Android (4691093 based on r316199) clang version 6.0.2 (https://android.googlesource.com/toolchain/clang 183abd29fc496f55536e7d904e0abae47888fc7f) (https://android.googlesource.com/toolchain/llvm 34361f192e41ed6e4e8f9aca80a4ea7e9856f327) (based on LLVM 6.0.2svn)
Target: armv7a-none-linux-android
Thread model: posix
InstalledDir: /home/dev/tm/transmission/builder/toolchain_arm/bin
configure:13529: $? = 0
configure:13518: /home/dev/tm/transmission/builder/toolchain_arm/bin/arm-linux-androideabi-clang++ -v >&5
Android (4691093 based on r316199) clang version 6.0.2 (https://android.googlesource.com/toolchain/clang 183abd29fc496f55536e7d904e0abae47888fc7f) (https://android.googlesource.com/toolchain/llvm 34361f192e41ed6e4e8f9aca80a4ea7e9856f327) (based on LLVM 6.0.2svn)
Target: armv7a-none-linux-android
Thread model: posix
InstalledDir: /home/dev/tm/transmission/builder/toolchain_arm/bin
Found candidate GCC installation: /home/dev/tm/transmission/builder/toolchain_arm/bin/../lib/gcc/arm-linux-androideabi/4.9.x
Selected GCC installation: /home/dev/tm/transmission/builder/toolchain_arm/bin/../lib/gcc/arm-linux-androideabi/4.9.x
Candidate multilib: thumb;@mthumb
Candidate multilib: armv7-a;@march=armv7-a
Candidate multilib: armv7-a/thumb;@march=armv7-a@mthumb
Candidate multilib: .;
... rest of stderr output deleted ...
configure:13529: $? = 0
configure:13518: /home/dev/tm/transmission/builder/toolchain_arm/bin/arm-linux-androideabi-clang++ -V >&5
clang60++: error: argument to '-V' is missing (expected 1 value)
clang60++: error: no input files
configure:13529: $? = 1
configure:13518: /home/dev/tm/transmission/builder/toolchain_arm/bin/arm-linux-androideabi-clang++ -qversion >&5
clang60++: error: unknown argument: '-qversion'
clang60++: error: no input files
configure:13529: $? = 1
configure:13533: checking whether we are using the GNU C++ compiler
configure:13552: /home/dev/tm/transmission/builder/toolchain_arm/bin/arm-linux-androideabi-clang++ -c --sysroot=/home/dev/tm/transmission/builder/toolchain_arm/sysroot -I/home/dev/tm/transmission/builder/toolchain_arm/sysroot/usr/include -I/home/dev/tm/transmission/builder/toolchain_arm/include -O3 -DNDEBUG -fPIC -static --sysroot=/home/dev/tm/transmission/builder/toolchain_arm/sysroot -I/home/dev/tm/transmission/builder/toolchain_arm/sysroot/usr/include -I/home/dev/tm/transmission/builder/toolchain_arm/include -O3 -DNDEBUG -fPIC -static -DNDEBUG conftest.cpp >&5
configure:13552: $? = 0
configure:13561: result: yes
configure:13570: checking whether /home/dev/tm/transmission/builder/toolchain_arm/bin/arm-linux-androideabi-clang++ accepts -g
configure:13590: /home/dev/tm/transmission/builder/toolchain_arm/bin/arm-linux-androideabi-clang++ -c -g --sysroot=/home/dev/tm/transmission/builder/toolchain_arm/sysroot -I/home/dev/tm/transmission/builder/toolchain_arm/sysroot/usr/include -I/home/dev/tm/transmission/builder/toolchain_arm/include -O3 -DNDEBUG -fPIC -static -DNDEBUG conftest.cpp >&5
configure:13590: $? = 0
configure:13631: result: yes
configure:13656: checking dependency style of /home/dev/tm/transmission/builder/toolchain_arm/bin/arm-linux-androideabi-clang++
configure:13767: result: gcc3
configure:13800: checking how to run the C++ preprocessor
configure:13827: /home/dev/tm/transmission/builder/toolchain_arm/bin/arm-linux-androideabi-clang++ -E --sysroot=/home/dev/tm/transmission/builder/toolchain_arm/sysroot -I/home/dev/tm/transmission/builder/toolchain_arm/sysroot/usr/include -I/home/dev/tm/transmission/builder/toolchain_arm/include -O3 -DNDEBUG -fPIC -static -DNDEBUG conftest.cpp
configure:13827: $? = 0
configure:13841: /home/dev/tm/transmission/builder/toolchain_arm/bin/arm-linux-androideabi-clang++ -E --sysroot=/home/dev/tm/transmission/builder/toolchain_arm/sysroot -I/home/dev/tm/transmission/builder/toolchain_arm/sysroot/usr/include -I/home/dev/tm/transmission/builder/toolchain_arm/include -O3 -DNDEBUG -fPIC -static -DNDEBUG conftest.cpp
conftest.cpp:23:10: fatal error: 'ac_nonexistent.h' file not found
#include <ac_nonexistent.h>
         ^~~~~~~~~~~~~~~~~~
1 error generated.
configure:13841: $? = 1
configure: failed program was:
| /* confdefs.h */
| #define PACKAGE_NAME "transmission"
| #define PACKAGE_TARNAME "transmission"
| #define PACKAGE_VERSION "2.94"
| #define PACKAGE_STRING "transmission 2.94"
| #define PACKAGE_BUGREPORT "https://github.com/transmission/transmission"
| #define PACKAGE_URL ""
| #define PACKAGE "transmission"
| #define VERSION "2.94"
| #define STDC_HEADERS 1
| #define HAVE_SYS_TYPES_H 1
| #define HAVE_SYS_STAT_H 1
| #define HAVE_STDLIB_H 1
| #define HAVE_STRING_H 1
| #define HAVE_MEMORY_H 1
| #define HAVE_STRINGS_H 1
| #define HAVE_INTTYPES_H 1
| #define HAVE_STDINT_H 1
| #define HAVE_UNISTD_H 1
| #define HAVE_DLFCN_H 1
| #define LT_OBJDIR ".libs/"
| /* end confdefs.h.  */
| #include <ac_nonexistent.h>
configure:13866: result: /home/dev/tm/transmission/builder/toolchain_arm/bin/arm-linux-androideabi-clang++ -E
configure:13886: /home/dev/tm/transmission/builder/toolchain_arm/bin/arm-linux-androideabi-clang++ -E --sysroot=/home/dev/tm/transmission/builder/toolchain_arm/sysroot -I/home/dev/tm/transmission/builder/toolchain_arm/sysroot/usr/include -I/home/dev/tm/transmission/builder/toolchain_arm/include -O3 -DNDEBUG -fPIC -static -DNDEBUG conftest.cpp
configure:13886: $? = 0
configure:13900: /home/dev/tm/transmission/builder/toolchain_arm/bin/arm-linux-androideabi-clang++ -E --sysroot=/home/dev/tm/transmission/builder/toolchain_arm/sysroot -I/home/dev/tm/transmission/builder/toolchain_arm/sysroot/usr/include -I/home/dev/tm/transmission/builder/toolchain_arm/include -O3 -DNDEBUG -fPIC -static -DNDEBUG conftest.cpp
conftest.cpp:23:10: fatal error: 'ac_nonexistent.h' file not found
#include <ac_nonexistent.h>
         ^~~~~~~~~~~~~~~~~~
1 error generated.
configure:13900: $? = 1
configure: failed program was:
| /* confdefs.h */
| #define PACKAGE_NAME "transmission"
| #define PACKAGE_TARNAME "transmission"
| #define PACKAGE_VERSION "2.94"
| #define PACKAGE_STRING "transmission 2.94"
| #define PACKAGE_BUGREPORT "https://github.com/transmission/transmission"
| #define PACKAGE_URL ""
| #define PACKAGE "transmission"
| #define VERSION "2.94"
| #define STDC_HEADERS 1
| #define HAVE_SYS_TYPES_H 1
| #define HAVE_SYS_STAT_H 1
| #define HAVE_STDLIB_H 1
| #define HAVE_STRING_H 1
| #define HAVE_MEMORY_H 1
| #define HAVE_STRINGS_H 1
| #define HAVE_INTTYPES_H 1
| #define HAVE_STDINT_H 1
| #define HAVE_UNISTD_H 1
| #define HAVE_DLFCN_H 1
| #define LT_OBJDIR ".libs/"
| /* end confdefs.h.  */
| #include <ac_nonexistent.h>
configure:14062: checking for ld used by /home/dev/tm/transmission/builder/toolchain_arm/bin/arm-linux-androideabi-clang++
configure:14129: result: /home/dev/tm/transmission/builder/toolchain_arm/bin/arm-linux-androideabi-ld.gold
configure:14136: checking if the linker (/home/dev/tm/transmission/builder/toolchain_arm/bin/arm-linux-androideabi-ld.gold) is GNU ld
configure:14151: result: yes
configure:14206: checking whether the /home/dev/tm/transmission/builder/toolchain_arm/bin/arm-linux-androideabi-clang++ linker (/home/dev/tm/transmission/builder/toolchain_arm/bin/arm-linux-androideabi-ld.gold) supports shared libraries
configure:15279: result: yes
configure:15315: /home/dev/tm/transmission/builder/toolchain_arm/bin/arm-linux-androideabi-clang++ -c --sysroot=/home/dev/tm/transmission/builder/toolchain_arm/sysroot -I/home/dev/tm/transmission/builder/toolchain_arm/sysroot/usr/include -I/home/dev/tm/transmission/builder/toolchain_arm/include -O3 -DNDEBUG -fPIC -static --sysroot=/home/dev/tm/transmission/builder/toolchain_arm/sysroot -I/home/dev/tm/transmission/builder/toolchain_arm/sysroot/usr/include -I/home/dev/tm/transmission/builder/toolchain_arm/include -O3 -DNDEBUG -fPIC -static -DNDEBUG conftest.cpp >&5
configure:15318: $? = 0
configure:15799: checking for /home/dev/tm/transmission/builder/toolchain_arm/bin/arm-linux-androideabi-clang++ option to produce PIC
configure:15806: result: -fPIC -DPIC
configure:15814: checking if /home/dev/tm/transmission/builder/toolchain_arm/bin/arm-linux-androideabi-clang++ PIC flag -fPIC -DPIC works
configure:15832: /home/dev/tm/transmission/builder/toolchain_arm/bin/arm-linux-androideabi-clang++ -c --sysroot=/home/dev/tm/transmission/builder/toolchain_arm/sysroot -I/home/dev/tm/transmission/builder/toolchain_arm/sysroot/usr/include -I/home/dev/tm/transmission/builder/toolchain_arm/include -O3 -DNDEBUG -fPIC -static --sysroot=/home/dev/tm/transmission/builder/toolchain_arm/sysroot -I/home/dev/tm/transmission/builder/toolchain_arm/sysroot/usr/include -I/home/dev/tm/transmission/builder/toolchain_arm/include -O3 -DNDEBUG -fPIC -static -DNDEBUG -fPIC -DPIC -DPIC conftest.cpp >&5
configure:15836: $? = 0
configure:15849: result: yes
configure:15872: checking if /home/dev/tm/transmission/builder/toolchain_arm/bin/arm-linux-androideabi-clang++ static flag -static works
clang60++: warning: argument unused during compilation: '-pie' [-Wunused-command-line-argument]
configure:15900: result: yes
configure:15912: checking if /home/dev/tm/transmission/builder/toolchain_arm/bin/arm-linux-androideabi-clang++ supports -c -o file.o
configure:15933: /home/dev/tm/transmission/builder/toolchain_arm/bin/arm-linux-androideabi-clang++ -c --sysroot=/home/dev/tm/transmission/builder/toolchain_arm/sysroot -I/home/dev/tm/transmission/builder/toolchain_arm/sysroot/usr/include -I/home/dev/tm/transmission/builder/toolchain_arm/include -O3 -DNDEBUG -fPIC -static --sysroot=/home/dev/tm/transmission/builder/toolchain_arm/sysroot -I/home/dev/tm/transmission/builder/toolchain_arm/sysroot/usr/include -I/home/dev/tm/transmission/builder/toolchain_arm/include -O3 -DNDEBUG -fPIC -static -DNDEBUG -o out/conftest2.o conftest.cpp >&5
configure:15937: $? = 0
configure:15959: result: yes
configure:15964: checking if /home/dev/tm/transmission/builder/toolchain_arm/bin/arm-linux-androideabi-clang++ supports -c -o file.o
configure:16011: result: yes
configure:16041: checking whether the /home/dev/tm/transmission/builder/toolchain_arm/bin/arm-linux-androideabi-clang++ linker (/home/dev/tm/transmission/builder/toolchain_arm/bin/arm-linux-androideabi-ld.gold) supports shared libraries
configure:16084: result: yes
configure:16225: checking dynamic linker characteristics
configure:16982: result: Android linker
configure:17047: checking how to hardcode library paths into programs
configure:17072: result: immediate
configure:17112: checking for inline
configure:17128: /home/dev/tm/transmission/builder/toolchain_arm/bin/arm-linux-androideabi-clang -c --sysroot=/home/dev/tm/transmission/builder/toolchain_arm/sysroot -I/home/dev/tm/transmission/builder/toolchain_arm/sysroot/usr/include -I/home/dev/tm/transmission/builder/toolchain_arm/include -O3 -DNDEBUG -fPIC -static --sysroot=/home/dev/tm/transmission/builder/toolchain_arm/sysroot -I/home/dev/tm/transmission/builder/toolchain_arm/sysroot/usr/include -I/home/dev/tm/transmission/builder/toolchain_arm/include -O3 -DNDEBUG -fPIC -static -DNDEBUG conftest.c >&5
configure:17128: $? = 0
configure:17136: result: inline
configure:17158: checking gcc version
configure:17165: result: 4.2.1
configure:17175: checking for ANSI C header files
configure:17279: result: yes
configure:17287: checking whether time.h and sys/time.h may both be included
configure:17307: /home/dev/tm/transmission/builder/toolchain_arm/bin/arm-linux-androideabi-clang -c --sysroot=/home/dev/tm/transmission/builder/toolchain_arm/sysroot -I/home/dev/tm/transmission/builder/toolchain_arm/sysroot/usr/include -I/home/dev/tm/transmission/builder/toolchain_arm/include -O3 -DNDEBUG -fPIC -static -std=gnu99 -ggdb3 -Wall -W -Wpointer-arith -Wformat-security -Wundef -Wcast-align -Wstrict-prototypes -Wmissing-declarations -Wmissing-format-attribute -Wredundant-decls -Wnested-externs -Wunused-parameter -Wwrite-strings -Winline -Wfloat-equal -Wextra -Winit-self --sysroot=/home/dev/tm/transmission/builder/toolchain_arm/sysroot -I/home/dev/tm/transmission/builder/toolchain_arm/sysroot/usr/include -I/home/dev/tm/transmission/builder/toolchain_arm/include -O3 -DNDEBUG -fPIC -static -DNDEBUG conftest.c >&5
configure:17307: $? = 0
configure:17314: result: yes
configure:17326: checking stdbool.h usability
configure:17326: /home/dev/tm/transmission/builder/toolchain_arm/bin/arm-linux-androideabi-clang -c --sysroot=/home/dev/tm/transmission/builder/toolchain_arm/sysroot -I/home/dev/tm/transmission/builder/toolchain_arm/sysroot/usr/include -I/home/dev/tm/transmission/builder/toolchain_arm/include -O3 -DNDEBUG -fPIC -static -std=gnu99 -ggdb3 -Wall -W -Wpointer-arith -Wformat-security -Wundef -Wcast-align -Wstrict-prototypes -Wmissing-declarations -Wmissing-format-attribute -Wredundant-decls -Wnested-externs -Wunused-parameter -Wwrite-strings -Winline -Wfloat-equal -Wextra -Winit-self --sysroot=/home/dev/tm/transmission/builder/toolchain_arm/sysroot -I/home/dev/tm/transmission/builder/toolchain_arm/sysroot/usr/include -I/home/dev/tm/transmission/builder/toolchain_arm/include -O3 -DNDEBUG -fPIC -static -DNDEBUG conftest.c >&5
configure:17326: $? = 0
configure:17326: result: yes
configure:17326: checking stdbool.h presence
configure:17326: /home/dev/tm/transmission/builder/toolchain_arm/bin/arm-linux-androideabi-cpp --sysroot=/home/dev/tm/transmission/builder/toolchain_arm/sysroot -I/home/dev/tm/transmission/builder/toolchain_arm/sysroot/usr/include -I/home/dev/tm/transmission/builder/toolchain_arm/include -O3 -DNDEBUG -fPIC -static -DNDEBUG conftest.c
configure:17326: $? = 0
configure:17326: result: yes
configure:17326: checking for stdbool.h
configure:17326: result: yes
configure:17326: checking xlocale.h usability
configure:17326: /home/dev/tm/transmission/builder/toolchain_arm/bin/arm-linux-androideabi-clang -c --sysroot=/home/dev/tm/transmission/builder/toolchain_arm/sysroot -I/home/dev/tm/transmission/builder/toolchain_arm/sysroot/usr/include -I/home/dev/tm/transmission/builder/toolchain_arm/include -O3 -DNDEBUG -fPIC -static -std=gnu99 -ggdb3 -Wall -W -Wpointer-arith -Wformat-security -Wundef -Wcast-align -Wstrict-prototypes -Wmissing-declarations -Wmissing-format-attribute -Wredundant-decls -Wnested-externs -Wunused-parameter -Wwrite-strings -Winline -Wfloat-equal -Wextra -Winit-self --sysroot=/home/dev/tm/transmission/builder/toolchain_arm/sysroot -I/home/dev/tm/transmission/builder/toolchain_arm/sysroot/usr/include -I/home/dev/tm/transmission/builder/toolchain_arm/include -O3 -DNDEBUG -fPIC -static -DNDEBUG conftest.c >&5
configure:17326: $? = 0
configure:17326: result: yes
configure:17326: checking xlocale.h presence
configure:17326: /home/dev/tm/transmission/builder/toolchain_arm/bin/arm-linux-androideabi-cpp --sysroot=/home/dev/tm/transmission/builder/toolchain_arm/sysroot -I/home/dev/tm/transmission/builder/toolchain_arm/sysroot/usr/include -I/home/dev/tm/transmission/builder/toolchain_arm/include -O3 -DNDEBUG -fPIC -static -DNDEBUG conftest.c
configure:17326: $? = 0
configure:17326: result: yes
configure:17326: checking for xlocale.h
configure:17326: result: yes
configure:17339: checking for pread
configure:17339: /home/dev/tm/transmission/builder/toolchain_arm/bin/arm-linux-androideabi-clang -o conftest --sysroot=/home/dev/tm/transmission/builder/toolchain_arm/sysroot -I/home/dev/tm/transmission/builder/toolchain_arm/sysroot/usr/include -I/home/dev/tm/transmission/builder/toolchain_arm/include -O3 -DNDEBUG -fPIC -static -std=gnu99 -ggdb3 -Wall -W -Wpointer-arith -Wformat-security -Wundef -Wcast-align -Wstrict-prototypes -Wmissing-declarations -Wmissing-format-attribute -Wredundant-decls -Wnested-externs -Wunused-parameter -Wwrite-strings -Winline -Wfloat-equal -Wextra -Winit-self --sysroot=/home/dev/tm/transmission/builder/toolchain_arm/sysroot -I/home/dev/tm/transmission/builder/toolchain_arm/sysroot/usr/include -I/home/dev/tm/transmission/builder/toolchain_arm/include -O3 -DNDEBUG -fPIC -static -DNDEBUG --sysroot=/home/dev/tm/transmission/builder/toolchain_arm/sysroot -L/home/dev/tm/transmission/builder/toolchain_arm/sysroot/usr/lib -L/home/dev/tm/transmission/builder/toolchain_arm/lib -fPIC -pie -static conftest.c  >&5
clang60: warning: argument unused during compilation: '-pie' [-Wunused-command-line-argument]
conftest.c:50:12: warning: this function declaration is not a prototype [-Wstrict-prototypes]
char pread ();
           ^
            void
1 warning generated.
configure:17339: $? = 0
configure:17339: result: yes
configure:17339: checking for pwrite
configure:17339: /home/dev/tm/transmission/builder/toolchain_arm/bin/arm-linux-androideabi-clang -o conftest --sysroot=/home/dev/tm/transmission/builder/toolchain_arm/sysroot -I/home/dev/tm/transmission/builder/toolchain_arm/sysroot/usr/include -I/home/dev/tm/transmission/builder/toolchain_arm/include -O3 -DNDEBUG -fPIC -static -std=gnu99 -ggdb3 -Wall -W -Wpointer-arith -Wformat-security -Wundef -Wcast-align -Wstrict-prototypes -Wmissing-declarations -Wmissing-format-attribute -Wredundant-decls -Wnested-externs -Wunused-parameter -Wwrite-strings -Winline -Wfloat-equal -Wextra -Winit-self --sysroot=/home/dev/tm/transmission/builder/toolchain_arm/sysroot -I/home/dev/tm/transmission/builder/toolchain_arm/sysroot/usr/include -I/home/dev/tm/transmission/builder/toolchain_arm/include -O3 -DNDEBUG -fPIC -static -DNDEBUG --sysroot=/home/dev/tm/transmission/builder/toolchain_arm/sysroot -L/home/dev/tm/transmission/builder/toolchain_arm/sysroot/usr/lib -L/home/dev/tm/transmission/builder/toolchain_arm/lib -fPIC -pie -static conftest.c  >&5
clang60: warning: argument unused during compilation: '-pie' [-Wunused-command-line-argument]
conftest.c:51:13: warning: this function declaration is not a prototype [-Wstrict-prototypes]
char pwrite ();
            ^
             void
1 warning generated.
configure:17339: $? = 0
configure:17339: result: yes
configure:17339: checking for lrintf
configure:17339: /home/dev/tm/transmission/builder/toolchain_arm/bin/arm-linux-androideabi-clang -o conftest --sysroot=/home/dev/tm/transmission/builder/toolchain_arm/sysroot -I/home/dev/tm/transmission/builder/toolchain_arm/sysroot/usr/include -I/home/dev/tm/transmission/builder/toolchain_arm/include -O3 -DNDEBUG -fPIC -static -std=gnu99 -ggdb3 -Wall -W -Wpointer-arith -Wformat-security -Wundef -Wcast-align -Wstrict-prototypes -Wmissing-declarations -Wmissing-format-attribute -Wredundant-decls -Wnested-externs -Wunused-parameter -Wwrite-strings -Winline -Wfloat-equal -Wextra -Winit-self --sysroot=/home/dev/tm/transmission/builder/toolchain_arm/sysroot -I/home/dev/tm/transmission/builder/toolchain_arm/sysroot/usr/include -I/home/dev/tm/transmission/builder/toolchain_arm/include -O3 -DNDEBUG -fPIC -static -DNDEBUG --sysroot=/home/dev/tm/transmission/builder/toolchain_arm/sysroot -L/home/dev/tm/transmission/builder/toolchain_arm/sysroot/usr/lib -L/home/dev/tm/transmission/builder/toolchain_arm/lib -fPIC -pie -static conftest.c  >&5
clang60: warning: argument unused during compilation: '-pie' [-Wunused-command-line-argument]
conftest.c:52:13: warning: this function declaration is not a prototype [-Wstrict-prototypes]
char lrintf ();
            ^
             void
conftest.c:52:6: warning: incompatible redeclaration of library function 'lrintf' [-Wincompatible-library-redeclaration]
char lrintf ();
     ^
conftest.c:52:6: note: 'lrintf' is a builtin with type 'long (float)'
2 warnings generated.
conftest.c:63: error: undefined reference to 'lrintf'
clang60: error: linker command failed with exit code 1 (use -v to see invocation)
configure:17339: $? = 1
configure: failed program was:
| /* confdefs.h */
| #define PACKAGE_NAME "transmission"
| #define PACKAGE_TARNAME "transmission"
| #define PACKAGE_VERSION "2.94"
| #define PACKAGE_STRING "transmission 2.94"
| #define PACKAGE_BUGREPORT "https://github.com/transmission/transmission"
| #define PACKAGE_URL ""
| #define PACKAGE "transmission"
| #define VERSION "2.94"
| #define STDC_HEADERS 1
| #define HAVE_SYS_TYPES_H 1
| #define HAVE_SYS_STAT_H 1
| #define HAVE_STDLIB_H 1
| #define HAVE_STRING_H 1
| #define HAVE_MEMORY_H 1
| #define HAVE_STRINGS_H 1
| #define HAVE_INTTYPES_H 1
| #define HAVE_STDINT_H 1
| #define HAVE_UNISTD_H 1
| #define HAVE_DLFCN_H 1
| #define LT_OBJDIR ".libs/"
| #define STDC_HEADERS 1
| #define TIME_WITH_SYS_TIME 1
| #define HAVE_STDBOOL_H 1
| #define HAVE_XLOCALE_H 1
| #define HAVE_PREAD 1
| #define HAVE_PWRITE 1
| /* end confdefs.h.  */
| /* Define lrintf to an innocuous variant, in case <limits.h> declares lrintf.
|    For example, HP-UX 11i <limits.h> declares gettimeofday.  */
| #define lrintf innocuous_lrintf
| 
| /* System header to define __stub macros and hopefully few prototypes,
|     which can conflict with char lrintf (); below.
|     Prefer <limits.h> to <assert.h> if __STDC__ is defined, since
|     <limits.h> exists even on freestanding compilers.  */
| 
| #ifdef __STDC__
| # include <limits.h>
| #else
| # include <assert.h>
| #endif
| 
| #undef lrintf
| 
| /* Override any GCC internal prototype to avoid an error.
|    Use char because int might match the return type of a GCC
|    builtin and then its argument prototype would still apply.  */
| #ifdef __cplusplus
| extern "C"
| #endif
| char lrintf ();
| /* The GNU C library defines this for functions which it implements
|     to always fail with ENOSYS.  Some functions are actually named
|     something starting with __ and the normal name is an alias.  */
| #if defined __stub_lrintf || defined __stub___lrintf
| choke me
| #endif
| 
| int
| main ()
| {
| return lrintf ();
|   ;
|   return 0;
| }
configure:17339: result: no
configure:17339: checking for strlcpy
configure:17339: /home/dev/tm/transmission/builder/toolchain_arm/bin/arm-linux-androideabi-clang -o conftest --sysroot=/home/dev/tm/transmission/builder/toolchain_arm/sysroot -I/home/dev/tm/transmission/builder/toolchain_arm/sysroot/usr/include -I/home/dev/tm/transmission/builder/toolchain_arm/include -O3 -DNDEBUG -fPIC -static -std=gnu99 -ggdb3 -Wall -W -Wpointer-arith -Wformat-security -Wundef -Wcast-align -Wstrict-prototypes -Wmissing-declarations -Wmissing-format-attribute -Wredundant-decls -Wnested-externs -Wunused-parameter -Wwrite-strings -Winline -Wfloat-equal -Wextra -Winit-self --sysroot=/home/dev/tm/transmission/builder/toolchain_arm/sysroot -I/home/dev/tm/transmission/builder/toolchain_arm/sysroot/usr/include -I/home/dev/tm/transmission/builder/toolchain_arm/include -O3 -DNDEBUG -fPIC -static -DNDEBUG --sysroot=/home/dev/tm/transmission/builder/toolchain_arm/sysroot -L/home/dev/tm/transmission/builder/toolchain_arm/sysroot/usr/lib -L/home/dev/tm/transmission/builder/toolchain_arm/lib -fPIC -pie -static conftest.c  >&5
clang60: warning: argument unused during compilation: '-pie' [-Wunused-command-line-argument]
conftest.c:52:14: warning: this function declaration is not a prototype [-Wstrict-prototypes]
char strlcpy ();
             ^
              void
conftest.c:52:6: warning: incompatible redeclaration of library function 'strlcpy' [-Wincompatible-library-redeclaration]
char strlcpy ();
     ^
conftest.c:52:6: note: 'strlcpy' is a builtin with type 'unsigned int (char *, const char *, unsigned int)'
2 warnings generated.
configure:17339: $? = 0
configure:17339: result: yes
configure:17339: checking for daemon
configure:17339: /home/dev/tm/transmission/builder/toolchain_arm/bin/arm-linux-androideabi-clang -o conftest --sysroot=/home/dev/tm/transmission/builder/toolchain_arm/sysroot -I/home/dev/tm/transmission/builder/toolchain_arm/sysroot/usr/include -I/home/dev/tm/transmission/builder/toolchain_arm/include -O3 -DNDEBUG -fPIC -static -std=gnu99 -ggdb3 -Wall -W -Wpointer-arith -Wformat-security -Wundef -Wcast-align -Wstrict-prototypes -Wmissing-declarations -Wmissing-format-attribute -Wredundant-decls -Wnested-externs -Wunused-parameter -Wwrite-strings -Winline -Wfloat-equal -Wextra -Winit-self --sysroot=/home/dev/tm/transmission/builder/toolchain_arm/sysroot -I/home/dev/tm/transmission/builder/toolchain_arm/sysroot/usr/include -I/home/dev/tm/transmission/builder/toolchain_arm/include -O3 -DNDEBUG -fPIC -static -DNDEBUG --sysroot=/home/dev/tm/transmission/builder/toolchain_arm/sysroot -L/home/dev/tm/transmission/builder/toolchain_arm/sysroot/usr/lib -L/home/dev/tm/transmission/builder/toolchain_arm/lib -fPIC -pie -static conftest.c  >&5
clang60: warning: argument unused during compilation: '-pie' [-Wunused-command-line-argument]
conftest.c:53:13: warning: this function declaration is not a prototype [-Wstrict-prototypes]
char daemon ();
            ^
             void
1 warning generated.
configure:17339: $? = 0
configure:17339: result: yes
configure:17339: checking for dirname
configure:17339: /home/dev/tm/transmission/builder/toolchain_arm/bin/arm-linux-androideabi-clang -o conftest --sysroot=/home/dev/tm/transmission/builder/toolchain_arm/sysroot -I/home/dev/tm/transmission/builder/toolchain_arm/sysroot/usr/include -I/home/dev/tm/transmission/builder/toolchain_arm/include -O3 -DNDEBUG -fPIC -static -std=gnu99 -ggdb3 -Wall -W -Wpointer-arith -Wformat-security -Wundef -Wcast-align -Wstrict-prototypes -Wmissing-declarations -Wmissing-format-attribute -Wredundant-decls -Wnested-externs -Wunused-parameter -Wwrite-strings -Winline -Wfloat-equal -Wextra -Winit-self --sysroot=/home/dev/tm/transmission/builder/toolchain_arm/sysroot -I/home/dev/tm/transmission/builder/toolchain_arm/sysroot/usr/include -I/home/dev/tm/transmission/builder/toolchain_arm/include -O3 -DNDEBUG -fPIC -static -DNDEBUG --sysroot=/home/dev/tm/transmission/builder/toolchain_arm/sysroot -L/home/dev/tm/transmission/builder/toolchain_arm/sysroot/usr/lib -L/home/dev/tm/transmission/builder/toolchain_arm/lib -fPIC -pie -static conftest.c  >&5
clang60: warning: argument unused during compilation: '-pie' [-Wunused-command-line-argument]
conftest.c:54:14: warning: this function declaration is not a prototype [-Wstrict-prototypes]
char dirname ();
             ^
              void
1 warning generated.
configure:17339: $? = 0
configure:17339: result: yes
configure:17339: checking for basename
configure:17339: /home/dev/tm/transmission/builder/toolchain_arm/bin/arm-linux-androideabi-clang -o conftest --sysroot=/home/dev/tm/transmission/builder/toolchain_arm/sysroot -I/home/dev/tm/transmission/builder/toolchain_arm/sysroot/usr/include -I/home/dev/tm/transmission/builder/toolchain_arm/include -O3 -DNDEBUG -fPIC -static -std=gnu99 -ggdb3 -Wall -W -Wpointer-arith -Wformat-security -Wundef -Wcast-align -Wstrict-prototypes -Wmissing-declarations -Wmissing-format-attribute -Wredundant-decls -Wnested-externs -Wunused-parameter -Wwrite-strings -Winline -Wfloat-equal -Wextra -Winit-self --sysroot=/home/dev/tm/transmission/builder/toolchain_arm/sysroot -I/home/dev/tm/transmission/builder/toolchain_arm/sysroot/usr/include -I/home/dev/tm/transmission/builder/toolchain_arm/include -O3 -DNDEBUG -fPIC -static -DNDEBUG --sysroot=/home/dev/tm/transmission/builder/toolchain_arm/sysroot -L/home/dev/tm/transmission/builder/toolchain_arm/sysroot/usr/lib -L/home/dev/tm/transmission/builder/toolchain_arm/lib -fPIC -pie -static conftest.c  >&5
clang60: warning: argument unused during compilation: '-pie' [-Wunused-command-line-argument]
conftest.c:55:15: warning: this function declaration is not a prototype [-Wstrict-prototypes]
char basename ();
              ^
               void
1 warning generated.
configure:17339: $? = 0
configure:17339: result: yes
configure:17339: checking for canonicalize_file_name
configure:17339: /home/dev/tm/transmission/builder/toolchain_arm/bin/arm-linux-androideabi-clang -o conftest --sysroot=/home/dev/tm/transmission/builder/toolchain_arm/sysroot -I/home/dev/tm/transmission/builder/toolchain_arm/sysroot/usr/include -I/home/dev/tm/transmission/builder/toolchain_arm/include -O3 -DNDEBUG -fPIC -static -std=gnu99 -ggdb3 -Wall -W -Wpointer-arith -Wformat-security -Wundef -Wcast-align -Wstrict-prototypes -Wmissing-declarations -Wmissing-format-attribute -Wredundant-decls -Wnested-externs -Wunused-parameter -Wwrite-strings -Winline -Wfloat-equal -Wextra -Winit-self --sysroot=/home/dev/tm/transmission/builder/toolchain_arm/sysroot -I/home/dev/tm/transmission/builder/toolchain_arm/sysroot/usr/include -I/home/dev/tm/transmission/builder/toolchain_arm/include -O3 -DNDEBUG -fPIC -static -DNDEBUG --sysroot=/home/dev/tm/transmission/builder/toolchain_arm/sysroot -L/home/dev/tm/transmission/builder/toolchain_arm/sysroot/usr/lib -L/home/dev/tm/transmission/builder/toolchain_arm/lib -fPIC -pie -static conftest.c  >&5
clang60: warning: argument unused during compilation: '-pie' [-Wunused-command-line-argument]
conftest.c:56:29: warning: this function declaration is not a prototype [-Wstrict-prototypes]
char canonicalize_file_name ();
                            ^
                             void
1 warning generated.
conftest.c:67: error: undefined reference to 'canonicalize_file_name'
clang60: error: linker command failed with exit code 1 (use -v to see invocation)
configure:17339: $? = 1
configure: failed program was:
| /* confdefs.h */
| #define PACKAGE_NAME "transmission"
| #define PACKAGE_TARNAME "transmission"
| #define PACKAGE_VERSION "2.94"
| #define PACKAGE_STRING "transmission 2.94"
| #define PACKAGE_BUGREPORT "https://github.com/transmission/transmission"
| #define PACKAGE_URL ""
| #define PACKAGE "transmission"
| #define VERSION "2.94"
| #define STDC_HEADERS 1
| #define HAVE_SYS_TYPES_H 1
| #define HAVE_SYS_STAT_H 1
| #define HAVE_STDLIB_H 1
| #define HAVE_STRING_H 1
| #define HAVE_MEMORY_H 1
| #define HAVE_STRINGS_H 1
| #define HAVE_INTTYPES_H 1
| #define HAVE_STDINT_H 1
| #define HAVE_UNISTD_H 1
| #define HAVE_DLFCN_H 1
| #define LT_OBJDIR ".libs/"
| #define STDC_HEADERS 1
| #define TIME_WITH_SYS_TIME 1
| #define HAVE_STDBOOL_H 1
| #define HAVE_XLOCALE_H 1
| #define HAVE_PREAD 1
| #define HAVE_PWRITE 1
| #define HAVE_STRLCPY 1
| #define HAVE_DAEMON 1
| #define HAVE_DIRNAME 1
| #define HAVE_BASENAME 1
| /* end confdefs.h.  */
| /* Define canonicalize_file_name to an innocuous variant, in case <limits.h> declares canonicalize_file_name.
|    For example, HP-UX 11i <limits.h> declares gettimeofday.  */
| #define canonicalize_file_name innocuous_canonicalize_file_name
| 
| /* System header to define __stub macros and hopefully few prototypes,
|     which can conflict with char canonicalize_file_name (); below.
|     Prefer <limits.h> to <assert.h> if __STDC__ is defined, since
|     <limits.h> exists even on freestanding compilers.  */
| 
| #ifdef __STDC__
| # include <limits.h>
| #else
| # include <assert.h>
| #endif
| 
| #undef canonicalize_file_name
| 
| /* Override any GCC internal prototype to avoid an error.
|    Use char because int might match the return type of a GCC
|    builtin and then its argument prototype would still apply.  */
| #ifdef __cplusplus
| extern "C"
| #endif
| char canonicalize_file_name ();
| /* The GNU C library defines this for functions which it implements
|     to always fail with ENOSYS.  Some functions are actually named
|     something starting with __ and the normal name is an alias.  */
| #if defined __stub_canonicalize_file_name || defined __stub___canonicalize_file_name
| choke me
| #endif
| 
| int
| main ()
| {
| return canonicalize_file_name ();
|   ;
|   return 0;
| }
configure:17339: result: no
configure:17339: checking for strcasecmp
configure:17339: /home/dev/tm/transmission/builder/toolchain_arm/bin/arm-linux-androideabi-clang -o conftest --sysroot=/home/dev/tm/transmission/builder/toolchain_arm/sysroot -I/home/dev/tm/transmission/builder/toolchain_arm/sysroot/usr/include -I/home/dev/tm/transmission/builder/toolchain_arm/include -O3 -DNDEBUG -fPIC -static -std=gnu99 -ggdb3 -Wall -W -Wpointer-arith -Wformat-security -Wundef -Wcast-align -Wstrict-prototypes -Wmissing-declarations -Wmissing-format-attribute -Wredundant-decls -Wnested-externs -Wunused-parameter -Wwrite-strings -Winline -Wfloat-equal -Wextra -Winit-self --sysroot=/home/dev/tm/transmission/builder/toolchain_arm/sysroot -I/home/dev/tm/transmission/builder/toolchain_arm/sysroot/usr/include -I/home/dev/tm/transmission/builder/toolchain_arm/include -O3 -DNDEBUG -fPIC -static -DNDEBUG --sysroot=/home/dev/tm/transmission/builder/toolchain_arm/sysroot -L/home/dev/tm/transmission/builder/toolchain_arm/sysroot/usr/lib -L/home/dev/tm/transmission/builder/toolchain_arm/lib -fPIC -pie -static conftest.c  >&5
clang60: warning: argument unused during compilation: '-pie' [-Wunused-command-line-argument]
conftest.c:56:17: warning: this function declaration is not a prototype [-Wstrict-prototypes]
char strcasecmp ();
                ^
                 void
conftest.c:56:6: warning: incompatible redeclaration of library function 'strcasecmp' [-Wincompatible-library-redeclaration]
char strcasecmp ();
     ^
conftest.c:56:6: note: 'strcasecmp' is a builtin with type 'int (const char *, const char *)'
2 warnings generated.
configure:17339: $? = 0
configure:17339: result: yes
configure:17339: checking for localtime_r
configure:17339: /home/dev/tm/transmission/builder/toolchain_arm/bin/arm-linux-androideabi-clang -o conftest --sysroot=/home/dev/tm/transmission/builder/toolchain_arm/sysroot -I/home/dev/tm/transmission/builder/toolchain_arm/sysroot/usr/include -I/home/dev/tm/transmission/builder/toolchain_arm/include -O3 -DNDEBUG -fPIC -static -std=gnu99 -ggdb3 -Wall -W -Wpointer-arith -Wformat-security -Wundef -Wcast-align -Wstrict-prototypes -Wmissing-declarations -Wmissing-format-attribute -Wredundant-decls -Wnested-externs -Wunused-parameter -Wwrite-strings -Winline -Wfloat-equal -Wextra -Winit-self --sysroot=/home/dev/tm/transmission/builder/toolchain_arm/sysroot -I/home/dev/tm/transmission/builder/toolchain_arm/sysroot/usr/include -I/home/dev/tm/transmission/builder/toolchain_arm/include -O3 -DNDEBUG -fPIC -static -DNDEBUG --sysroot=/home/dev/tm/transmission/builder/toolchain_arm/sysroot -L/home/dev/tm/transmission/builder/toolchain_arm/sysroot/usr/lib -L/home/dev/tm/transmission/builder/toolchain_arm/lib -fPIC -pie -static conftest.c  >&5
clang60: warning: argument unused during compilation: '-pie' [-Wunused-command-line-argument]
conftest.c:57:18: warning: this function declaration is not a prototype [-Wstrict-prototypes]
char localtime_r ();
                 ^
                  void
1 warning generated.
configure:17339: $? = 0
configure:17339: result: yes
configure:17339: checking for fallocate64
configure:17339: /home/dev/tm/transmission/builder/toolchain_arm/bin/arm-linux-androideabi-clang -o conftest --sysroot=/home/dev/tm/transmission/builder/toolchain_arm/sysroot -I/home/dev/tm/transmission/builder/toolchain_arm/sysroot/usr/include -I/home/dev/tm/transmission/builder/toolchain_arm/include -O3 -DNDEBUG -fPIC -static -std=gnu99 -ggdb3 -Wall -W -Wpointer-arith -Wformat-security -Wundef -Wcast-align -Wstrict-prototypes -Wmissing-declarations -Wmissing-format-attribute -Wredundant-decls -Wnested-externs -Wunused-parameter -Wwrite-strings -Winline -Wfloat-equal -Wextra -Winit-self --sysroot=/home/dev/tm/transmission/builder/toolchain_arm/sysroot -I/home/dev/tm/transmission/builder/toolchain_arm/sysroot/usr/include -I/home/dev/tm/transmission/builder/toolchain_arm/include -O3 -DNDEBUG -fPIC -static -DNDEBUG --sysroot=/home/dev/tm/transmission/builder/toolchain_arm/sysroot -L/home/dev/tm/transmission/builder/toolchain_arm/sysroot/usr/lib -L/home/dev/tm/transmission/builder/toolchain_arm/lib -fPIC -pie -static conftest.c  >&5
clang60: warning: argument unused during compilation: '-pie' [-Wunused-command-line-argument]
conftest.c:58:18: warning: this function declaration is not a prototype [-Wstrict-prototypes]
char fallocate64 ();
                 ^
                  void
1 warning generated.
configure:17339: $? = 0
configure:17339: result: yes
configure:17339: checking for posix_fallocate
configure:17339: /home/dev/tm/transmission/builder/toolchain_arm/bin/arm-linux-androideabi-clang -o conftest --sysroot=/home/dev/tm/transmission/builder/toolchain_arm/sysroot -I/home/dev/tm/transmission/builder/toolchain_arm/sysroot/usr/include -I/home/dev/tm/transmission/builder/toolchain_arm/include -O3 -DNDEBUG -fPIC -static -std=gnu99 -ggdb3 -Wall -W -Wpointer-arith -Wformat-security -Wundef -Wcast-align -Wstrict-prototypes -Wmissing-declarations -Wmissing-format-attribute -Wredundant-decls -Wnested-externs -Wunused-parameter -Wwrite-strings -Winline -Wfloat-equal -Wextra -Winit-self --sysroot=/home/dev/tm/transmission/builder/toolchain_arm/sysroot -I/home/dev/tm/transmission/builder/toolchain_arm/sysroot/usr/include -I/home/dev/tm/transmission/builder/toolchain_arm/include -O3 -DNDEBUG -fPIC -static -DNDEBUG --sysroot=/home/dev/tm/transmission/builder/toolchain_arm/sysroot -L/home/dev/tm/transmission/builder/toolchain_arm/sysroot/usr/lib -L/home/dev/tm/transmission/builder/toolchain_arm/lib -fPIC -pie -static conftest.c  >&5
clang60: warning: argument unused during compilation: '-pie' [-Wunused-command-line-argument]
conftest.c:59:22: warning: this function declaration is not a prototype [-Wstrict-prototypes]
char posix_fallocate ();
                     ^
                      void
1 warning generated.
configure:17339: $? = 0
configure:17339: result: yes
configure:17339: checking for memmem
configure:17339: /home/dev/tm/transmission/builder/toolchain_arm/bin/arm-linux-androideabi-clang -o conftest --sysroot=/home/dev/tm/transmission/builder/toolchain_arm/sysroot -I/home/dev/tm/transmission/builder/toolchain_arm/sysroot/usr/include -I/home/dev/tm/transmission/builder/toolchain_arm/include -O3 -DNDEBUG -fPIC -static -std=gnu99 -ggdb3 -Wall -W -Wpointer-arith -Wformat-security -Wundef -Wcast-align -Wstrict-prototypes -Wmissing-declarations -Wmissing-format-attribute -Wredundant-decls -Wnested-externs -Wunused-parameter -Wwrite-strings -Winline -Wfloat-equal -Wextra -Winit-self --sysroot=/home/dev/tm/transmission/builder/toolchain_arm/sysroot -I/home/dev/tm/transmission/builder/toolchain_arm/sysroot/usr/include -I/home/dev/tm/transmission/builder/toolchain_arm/include -O3 -DNDEBUG -fPIC -static -DNDEBUG --sysroot=/home/dev/tm/transmission/builder/toolchain_arm/sysroot -L/home/dev/tm/transmission/builder/toolchain_arm/sysroot/usr/lib -L/home/dev/tm/transmission/builder/toolchain_arm/lib -fPIC -pie -static conftest.c  >&5
clang60: warning: argument unused during compilation: '-pie' [-Wunused-command-line-argument]
conftest.c:60:13: warning: this function declaration is not a prototype [-Wstrict-prototypes]
char memmem ();
            ^
             void
1 warning generated.
configure:17339: $? = 0
configure:17339: result: yes
configure:17339: checking for strsep
configure:17339: /home/dev/tm/transmission/builder/toolchain_arm/bin/arm-linux-androideabi-clang -o conftest --sysroot=/home/dev/tm/transmission/builder/toolchain_arm/sysroot -I/home/dev/tm/transmission/builder/toolchain_arm/sysroot/usr/include -I/home/dev/tm/transmission/builder/toolchain_arm/include -O3 -DNDEBUG -fPIC -static -std=gnu99 -ggdb3 -Wall -W -Wpointer-arith -Wformat-security -Wundef -Wcast-align -Wstrict-prototypes -Wmissing-declarations -Wmissing-format-attribute -Wredundant-decls -Wnested-externs -Wunused-parameter -Wwrite-strings -Winline -Wfloat-equal -Wextra -Winit-self --sysroot=/home/dev/tm/transmission/builder/toolchain_arm/sysroot -I/home/dev/tm/transmission/builder/toolchain_arm/sysroot/usr/include -I/home/dev/tm/transmission/builder/toolchain_arm/include -O3 -DNDEBUG -fPIC -static -DNDEBUG --sysroot=/home/dev/tm/transmission/builder/toolchain_arm/sysroot -L/home/dev/tm/transmission/builder/toolchain_arm/sysroot/usr/lib -L/home/dev/tm/transmission/builder/toolchain_arm/lib -fPIC -pie -static conftest.c  >&5
clang60: warning: argument unused during compilation: '-pie' [-Wunused-command-line-argument]
conftest.c:61:13: warning: this function declaration is not a prototype [-Wstrict-prototypes]
char strsep ();
            ^
             void
1 warning generated.
configure:17339: $? = 0
configure:17339: result: yes
configure:17339: checking for strtold
configure:17339: /home/dev/tm/transmission/builder/toolchain_arm/bin/arm-linux-androideabi-clang -o conftest --sysroot=/home/dev/tm/transmission/builder/toolchain_arm/sysroot -I/home/dev/tm/transmission/builder/toolchain_arm/sysroot/usr/include -I/home/dev/tm/transmission/builder/toolchain_arm/include -O3 -DNDEBUG -fPIC -static -std=gnu99 -ggdb3 -Wall -W -Wpointer-arith -Wformat-security -Wundef -Wcast-align -Wstrict-prototypes -Wmissing-declarations -Wmissing-format-attribute -Wredundant-decls -Wnested-externs -Wunused-parameter -Wwrite-strings -Winline -Wfloat-equal -Wextra -Winit-self --sysroot=/home/dev/tm/transmission/builder/toolchain_arm/sysroot -I/home/dev/tm/transmission/builder/toolchain_arm/sysroot/usr/include -I/home/dev/tm/transmission/builder/toolchain_arm/include -O3 -DNDEBUG -fPIC -static -DNDEBUG --sysroot=/home/dev/tm/transmission/builder/toolchain_arm/sysroot -L/home/dev/tm/transmission/builder/toolchain_arm/sysroot/usr/lib -L/home/dev/tm/transmission/builder/toolchain_arm/lib -fPIC -pie -static conftest.c  >&5
clang60: warning: argument unused during compilation: '-pie' [-Wunused-command-line-argument]
conftest.c:62:14: warning: this function declaration is not a prototype [-Wstrict-prototypes]
char strtold ();
             ^
              void
1 warning generated.
configure:17339: $? = 0
configure:17339: result: yes
configure:17339: checking for syslog
configure:17339: /home/dev/tm/transmission/builder/toolchain_arm/bin/arm-linux-androideabi-clang -o conftest --sysroot=/home/dev/tm/transmission/builder/toolchain_arm/sysroot -I/home/dev/tm/transmission/builder/toolchain_arm/sysroot/usr/include -I/home/dev/tm/transmission/builder/toolchain_arm/include -O3 -DNDEBUG -fPIC -static -std=gnu99 -ggdb3 -Wall -W -Wpointer-arith -Wformat-security -Wundef -Wcast-align -Wstrict-prototypes -Wmissing-declarations -Wmissing-format-attribute -Wredundant-decls -Wnested-externs -Wunused-parameter -Wwrite-strings -Winline -Wfloat-equal -Wextra -Winit-self --sysroot=/home/dev/tm/transmission/builder/toolchain_arm/sysroot -I/home/dev/tm/transmission/builder/toolchain_arm/sysroot/usr/include -I/home/dev/tm/transmission/builder/toolchain_arm/include -O3 -DNDEBUG -fPIC -static -DNDEBUG --sysroot=/home/dev/tm/transmission/builder/toolchain_arm/sysroot -L/home/dev/tm/transmission/builder/toolchain_arm/sysroot/usr/lib -L/home/dev/tm/transmission/builder/toolchain_arm/lib -fPIC -pie -static conftest.c  >&5
clang60: warning: argument unused during compilation: '-pie' [-Wunused-command-line-argument]
conftest.c:63:13: warning: this function declaration is not a prototype [-Wstrict-prototypes]
char syslog ();
            ^
             void
1 warning generated.
configure:17339: $? = 0
configure:17339: result: yes
configure:17339: checking for valloc
configure:17339: /home/dev/tm/transmission/builder/toolchain_arm/bin/arm-linux-androideabi-clang -o conftest --sysroot=/home/dev/tm/transmission/builder/toolchain_arm/sysroot -I/home/dev/tm/transmission/builder/toolchain_arm/sysroot/usr/include -I/home/dev/tm/transmission/builder/toolchain_arm/include -O3 -DNDEBUG -fPIC -static -std=gnu99 -ggdb3 -Wall -W -Wpointer-arith -Wformat-security -Wundef -Wcast-align -Wstrict-prototypes -Wmissing-declarations -Wmissing-format-attribute -Wredundant-decls -Wnested-externs -Wunused-parameter -Wwrite-strings -Winline -Wfloat-equal -Wextra -Winit-self --sysroot=/home/dev/tm/transmission/builder/toolchain_arm/sysroot -I/home/dev/tm/transmission/builder/toolchain_arm/sysroot/usr/include -I/home/dev/tm/transmission/builder/toolchain_arm/include -O3 -DNDEBUG -fPIC -static -DNDEBUG --sysroot=/home/dev/tm/transmission/builder/toolchain_arm/sysroot -L/home/dev/tm/transmission/builder/toolchain_arm/sysroot/usr/lib -L/home/dev/tm/transmission/builder/toolchain_arm/lib -fPIC -pie -static conftest.c  >&5
clang60: warning: argument unused during compilation: '-pie' [-Wunused-command-line-argument]
conftest.c:64:13: warning: this function declaration is not a prototype [-Wstrict-prototypes]
char valloc ();
            ^
             void
1 warning generated.
configure:17339: $? = 0
configure:17339: result: yes
configure:17339: checking for getpagesize
configure:17339: /home/dev/tm/transmission/builder/toolchain_arm/bin/arm-linux-androideabi-clang -o conftest --sysroot=/home/dev/tm/transmission/builder/toolchain_arm/sysroot -I/home/dev/tm/transmission/builder/toolchain_arm/sysroot/usr/include -I/home/dev/tm/transmission/builder/toolchain_arm/include -O3 -DNDEBUG -fPIC -static -std=gnu99 -ggdb3 -Wall -W -Wpointer-arith -Wformat-security -Wundef -Wcast-align -Wstrict-prototypes -Wmissing-declarations -Wmissing-format-attribute -Wredundant-decls -Wnested-externs -Wunused-parameter -Wwrite-strings -Winline -Wfloat-equal -Wextra -Winit-self --sysroot=/home/dev/tm/transmission/builder/toolchain_arm/sysroot -I/home/dev/tm/transmission/builder/toolchain_arm/sysroot/usr/include -I/home/dev/tm/transmission/builder/toolchain_arm/include -O3 -DNDEBUG -fPIC -static -DNDEBUG --sysroot=/home/dev/tm/transmission/builder/toolchain_arm/sysroot -L/home/dev/tm/transmission/builder/toolchain_arm/sysroot/usr/lib -L/home/dev/tm/transmission/builder/toolchain_arm/lib -fPIC -pie -static conftest.c  >&5
clang60: warning: argument unused during compilation: '-pie' [-Wunused-command-line-argument]
conftest.c:65:18: warning: this function declaration is not a prototype [-Wstrict-prototypes]
char getpagesize ();
                 ^
                  void
1 warning generated.
configure:17339: $? = 0
configure:17339: result: yes
configure:17339: checking for posix_memalign
configure:17339: /home/dev/tm/transmission/builder/toolchain_arm/bin/arm-linux-androideabi-clang -o conftest --sysroot=/home/dev/tm/transmission/builder/toolchain_arm/sysroot -I/home/dev/tm/transmission/builder/toolchain_arm/sysroot/usr/include -I/home/dev/tm/transmission/builder/toolchain_arm/include -O3 -DNDEBUG -fPIC -static -std=gnu99 -ggdb3 -Wall -W -Wpointer-arith -Wformat-security -Wundef -Wcast-align -Wstrict-prototypes -Wmissing-declarations -Wmissing-format-attribute -Wredundant-decls -Wnested-externs -Wunused-parameter -Wwrite-strings -Winline -Wfloat-equal -Wextra -Winit-self --sysroot=/home/dev/tm/transmission/builder/toolchain_arm/sysroot -I/home/dev/tm/transmission/builder/toolchain_arm/sysroot/usr/include -I/home/dev/tm/transmission/builder/toolchain_arm/include -O3 -DNDEBUG -fPIC -static -DNDEBUG --sysroot=/home/dev/tm/transmission/builder/toolchain_arm/sysroot -L/home/dev/tm/transmission/builder/toolchain_arm/sysroot/usr/lib -L/home/dev/tm/transmission/builder/toolchain_arm/lib -fPIC -pie -static conftest.c  >&5
clang60: warning: argument unused during compilation: '-pie' [-Wunused-command-line-argument]
conftest.c:66:21: warning: this function declaration is not a prototype [-Wstrict-prototypes]
char posix_memalign ();
                    ^
                     void
1 warning generated.
configure:17339: $? = 0
configure:17339: result: yes
configure:17339: checking for statvfs
configure:17339: /home/dev/tm/transmission/builder/toolchain_arm/bin/arm-linux-androideabi-clang -o conftest --sysroot=/home/dev/tm/transmission/builder/toolchain_arm/sysroot -I/home/dev/tm/transmission/builder/toolchain_arm/sysroot/usr/include -I/home/dev/tm/transmission/builder/toolchain_arm/include -O3 -DNDEBUG -fPIC -static -std=gnu99 -ggdb3 -Wall -W -Wpointer-arith -Wformat-security -Wundef -Wcast-align -Wstrict-prototypes -Wmissing-declarations -Wmissing-format-attribute -Wredundant-decls -Wnested-externs -Wunused-parameter -Wwrite-strings -Winline -Wfloat-equal -Wextra -Winit-self --sysroot=/home/dev/tm/transmission/builder/toolchain_arm/sysroot -I/home/dev/tm/transmission/builder/toolchain_arm/sysroot/usr/include -I/home/dev/tm/transmission/builder/toolchain_arm/include -O3 -DNDEBUG -fPIC -static -DNDEBUG --sysroot=/home/dev/tm/transmission/builder/toolchain_arm/sysroot -L/home/dev/tm/transmission/builder/toolchain_arm/sysroot/usr/lib -L/home/dev/tm/transmission/builder/toolchain_arm/lib -fPIC -pie -static conftest.c  >&5
clang60: warning: argument unused during compilation: '-pie' [-Wunused-command-line-argument]
conftest.c:67:14: warning: this function declaration is not a prototype [-Wstrict-prototypes]
char statvfs ();
             ^
              void
1 warning generated.
configure:17339: $? = 0
configure:17339: result: yes
configure:17339: checking for htonll
configure:17339: /home/dev/tm/transmission/builder/toolchain_arm/bin/arm-linux-androideabi-clang -o conftest --sysroot=/home/dev/tm/transmission/builder/toolchain_arm/sysroot -I/home/dev/tm/transmission/builder/toolchain_arm/sysroot/usr/include -I/home/dev/tm/transmission/builder/toolchain_arm/include -O3 -DNDEBUG -fPIC -static -std=gnu99 -ggdb3 -Wall -W -Wpointer-arith -Wformat-security -Wundef -Wcast-align -Wstrict-prototypes -Wmissing-declarations -Wmissing-format-attribute -Wredundant-decls -Wnested-externs -Wunused-parameter -Wwrite-strings -Winline -Wfloat-equal -Wextra -Winit-self --sysroot=/home/dev/tm/transmission/builder/toolchain_arm/sysroot -I/home/dev/tm/transmission/builder/toolchain_arm/sysroot/usr/include -I/home/dev/tm/transmission/builder/toolchain_arm/include -O3 -DNDEBUG -fPIC -static -DNDEBUG --sysroot=/home/dev/tm/transmission/builder/toolchain_arm/sysroot -L/home/dev/tm/transmission/builder/toolchain_arm/sysroot/usr/lib -L/home/dev/tm/transmission/builder/toolchain_arm/lib -fPIC -pie -static conftest.c  >&5
clang60: warning: argument unused during compilation: '-pie' [-Wunused-command-line-argument]
conftest.c:68:13: warning: this function declaration is not a prototype [-Wstrict-prototypes]
char htonll ();
            ^
             void
1 warning generated.
conftest.c:79: error: undefined reference to 'htonll'
clang60: error: linker command failed with exit code 1 (use -v to see invocation)
configure:17339: $? = 1
configure: failed program was:
| /* confdefs.h */
| #define PACKAGE_NAME "transmission"
| #define PACKAGE_TARNAME "transmission"
| #define PACKAGE_VERSION "2.94"
| #define PACKAGE_STRING "transmission 2.94"
| #define PACKAGE_BUGREPORT "https://github.com/transmission/transmission"
| #define PACKAGE_URL ""
| #define PACKAGE "transmission"
| #define VERSION "2.94"
| #define STDC_HEADERS 1
| #define HAVE_SYS_TYPES_H 1
| #define HAVE_SYS_STAT_H 1
| #define HAVE_STDLIB_H 1
| #define HAVE_STRING_H 1
| #define HAVE_MEMORY_H 1
| #define HAVE_STRINGS_H 1
| #define HAVE_INTTYPES_H 1
| #define HAVE_STDINT_H 1
| #define HAVE_UNISTD_H 1
| #define HAVE_DLFCN_H 1
| #define LT_OBJDIR ".libs/"
| #define STDC_HEADERS 1
| #define TIME_WITH_SYS_TIME 1
| #define HAVE_STDBOOL_H 1
| #define HAVE_XLOCALE_H 1
| #define HAVE_PREAD 1
| #define HAVE_PWRITE 1
| #define HAVE_STRLCPY 1
| #define HAVE_DAEMON 1
| #define HAVE_DIRNAME 1
| #define HAVE_BASENAME 1
| #define HAVE_STRCASECMP 1
| #define HAVE_LOCALTIME_R 1
| #define HAVE_FALLOCATE64 1
| #define HAVE_POSIX_FALLOCATE 1
| #define HAVE_MEMMEM 1
| #define HAVE_STRSEP 1
| #define HAVE_STRTOLD 1
| #define HAVE_SYSLOG 1
| #define HAVE_VALLOC 1
| #define HAVE_GETPAGESIZE 1
| #define HAVE_POSIX_MEMALIGN 1
| #define HAVE_STATVFS 1
| /* end confdefs.h.  */
| /* Define htonll to an innocuous variant, in case <limits.h> declares htonll.
|    For example, HP-UX 11i <limits.h> declares gettimeofday.  */
| #define htonll innocuous_htonll
| 
| /* System header to define __stub macros and hopefully few prototypes,
|     which can conflict with char htonll (); below.
|     Prefer <limits.h> to <assert.h> if __STDC__ is defined, since
|     <limits.h> exists even on freestanding compilers.  */
| 
| #ifdef __STDC__
| # include <limits.h>
| #else
| # include <assert.h>
| #endif
| 
| #undef htonll
| 
| /* Override any GCC internal prototype to avoid an error.
|    Use char because int might match the return type of a GCC
|    builtin and then its argument prototype would still apply.  */
| #ifdef __cplusplus
| extern "C"
| #endif
| char htonll ();
| /* The GNU C library defines this for functions which it implements
|     to always fail with ENOSYS.  Some functions are actually named
|     something starting with __ and the normal name is an alias.  */
| #if defined __stub_htonll || defined __stub___htonll
| choke me
| #endif
| 
| int
| main ()
| {
| return htonll ();
|   ;
|   return 0;
| }
configure:17339: result: no
configure:17339: checking for ntohll
configure:17339: /home/dev/tm/transmission/builder/toolchain_arm/bin/arm-linux-androideabi-clang -o conftest --sysroot=/home/dev/tm/transmission/builder/toolchain_arm/sysroot -I/home/dev/tm/transmission/builder/toolchain_arm/sysroot/usr/include -I/home/dev/tm/transmission/builder/toolchain_arm/include -O3 -DNDEBUG -fPIC -static -std=gnu99 -ggdb3 -Wall -W -Wpointer-arith -Wformat-security -Wundef -Wcast-align -Wstrict-prototypes -Wmissing-declarations -Wmissing-format-attribute -Wredundant-decls -Wnested-externs -Wunused-parameter -Wwrite-strings -Winline -Wfloat-equal -Wextra -Winit-self --sysroot=/home/dev/tm/transmission/builder/toolchain_arm/sysroot -I/home/dev/tm/transmission/builder/toolchain_arm/sysroot/usr/include -I/home/dev/tm/transmission/builder/toolchain_arm/include -O3 -DNDEBUG -fPIC -static -DNDEBUG --sysroot=/home/dev/tm/transmission/builder/toolchain_arm/sysroot -L/home/dev/tm/transmission/builder/toolchain_arm/sysroot/usr/lib -L/home/dev/tm/transmission/builder/toolchain_arm/lib -fPIC -pie -static conftest.c  >&5
clang60: warning: argument unused during compilation: '-pie' [-Wunused-command-line-argument]
conftest.c:68:13: warning: this function declaration is not a prototype [-Wstrict-prototypes]
char ntohll ();
            ^
             void
1 warning generated.
conftest.c:79: error: undefined reference to 'ntohll'
clang60: error: linker command failed with exit code 1 (use -v to see invocation)
configure:17339: $? = 1
configure: failed program was:
| /* confdefs.h */
| #define PACKAGE_NAME "transmission"
| #define PACKAGE_TARNAME "transmission"
| #define PACKAGE_VERSION "2.94"
| #define PACKAGE_STRING "transmission 2.94"
| #define PACKAGE_BUGREPORT "https://github.com/transmission/transmission"
| #define PACKAGE_URL ""
| #define PACKAGE "transmission"
| #define VERSION "2.94"
| #define STDC_HEADERS 1
| #define HAVE_SYS_TYPES_H 1
| #define HAVE_SYS_STAT_H 1
| #define HAVE_STDLIB_H 1
| #define HAVE_STRING_H 1
| #define HAVE_MEMORY_H 1
| #define HAVE_STRINGS_H 1
| #define HAVE_INTTYPES_H 1
| #define HAVE_STDINT_H 1
| #define HAVE_UNISTD_H 1
| #define HAVE_DLFCN_H 1
| #define LT_OBJDIR ".libs/"
| #define STDC_HEADERS 1
| #define TIME_WITH_SYS_TIME 1
| #define HAVE_STDBOOL_H 1
| #define HAVE_XLOCALE_H 1
| #define HAVE_PREAD 1
| #define HAVE_PWRITE 1
| #define HAVE_STRLCPY 1
| #define HAVE_DAEMON 1
| #define HAVE_DIRNAME 1
| #define HAVE_BASENAME 1
| #define HAVE_STRCASECMP 1
| #define HAVE_LOCALTIME_R 1
| #define HAVE_FALLOCATE64 1
| #define HAVE_POSIX_FALLOCATE 1
| #define HAVE_MEMMEM 1
| #define HAVE_STRSEP 1
| #define HAVE_STRTOLD 1
| #define HAVE_SYSLOG 1
| #define HAVE_VALLOC 1
| #define HAVE_GETPAGESIZE 1
| #define HAVE_POSIX_MEMALIGN 1
| #define HAVE_STATVFS 1
| /* end confdefs.h.  */
| /* Define ntohll to an innocuous variant, in case <limits.h> declares ntohll.
|    For example, HP-UX 11i <limits.h> declares gettimeofday.  */
| #define ntohll innocuous_ntohll
| 
| /* System header to define __stub macros and hopefully few prototypes,
|     which can conflict with char ntohll (); below.
|     Prefer <limits.h> to <assert.h> if __STDC__ is defined, since
|     <limits.h> exists even on freestanding compilers.  */
| 
| #ifdef __STDC__
| # include <limits.h>
| #else
| # include <assert.h>
| #endif
| 
| #undef ntohll
| 
| /* Override any GCC internal prototype to avoid an error.
|    Use char because int might match the return type of a GCC
|    builtin and then its argument prototype would still apply.  */
| #ifdef __cplusplus
| extern "C"
| #endif
| char ntohll ();
| /* The GNU C library defines this for functions which it implements
|     to always fail with ENOSYS.  Some functions are actually named
|     something starting with __ and the normal name is an alias.  */
| #if defined __stub_ntohll || defined __stub___ntohll
| choke me
| #endif
| 
| int
| main ()
| {
| return ntohll ();
|   ;
|   return 0;
| }
configure:17339: result: no
configure:17339: checking for mkdtemp
configure:17339: /home/dev/tm/transmission/builder/toolchain_arm/bin/arm-linux-androideabi-clang -o conftest --sysroot=/home/dev/tm/transmission/builder/toolchain_arm/sysroot -I/home/dev/tm/transmission/builder/toolchain_arm/sysroot/usr/include -I/home/dev/tm/transmission/builder/toolchain_arm/include -O3 -DNDEBUG -fPIC -static -std=gnu99 -ggdb3 -Wall -W -Wpointer-arith -Wformat-security -Wundef -Wcast-align -Wstrict-prototypes -Wmissing-declarations -Wmissing-format-attribute -Wredundant-decls -Wnested-externs -Wunused-parameter -Wwrite-strings -Winline -Wfloat-equal -Wextra -Winit-self --sysroot=/home/dev/tm/transmission/builder/toolchain_arm/sysroot -I/home/dev/tm/transmission/builder/toolchain_arm/sysroot/usr/include -I/home/dev/tm/transmission/builder/toolchain_arm/include -O3 -DNDEBUG -fPIC -static -DNDEBUG --sysroot=/home/dev/tm/transmission/builder/toolchain_arm/sysroot -L/home/dev/tm/transmission/builder/toolchain_arm/sysroot/usr/lib -L/home/dev/tm/transmission/builder/toolchain_arm/lib -fPIC -pie -static conftest.c  >&5
clang60: warning: argument unused during compilation: '-pie' [-Wunused-command-line-argument]
conftest.c:68:14: warning: this function declaration is not a prototype [-Wstrict-prototypes]
char mkdtemp ();
             ^
              void
1 warning generated.
configure:17339: $? = 0
configure:17339: result: yes
configure:17339: checking for uselocale
configure:17339: /home/dev/tm/transmission/builder/toolchain_arm/bin/arm-linux-androideabi-clang -o conftest --sysroot=/home/dev/tm/transmission/builder/toolchain_arm/sysroot -I/home/dev/tm/transmission/builder/toolchain_arm/sysroot/usr/include -I/home/dev/tm/transmission/builder/toolchain_arm/include -O3 -DNDEBUG -fPIC -static -std=gnu99 -ggdb3 -Wall -W -Wpointer-arith -Wformat-security -Wundef -Wcast-align -Wstrict-prototypes -Wmissing-declarations -Wmissing-format-attribute -Wredundant-decls -Wnested-externs -Wunused-parameter -Wwrite-strings -Winline -Wfloat-equal -Wextra -Winit-self --sysroot=/home/dev/tm/transmission/builder/toolchain_arm/sysroot -I/home/dev/tm/transmission/builder/toolchain_arm/sysroot/usr/include -I/home/dev/tm/transmission/builder/toolchain_arm/include -O3 -DNDEBUG -fPIC -static -DNDEBUG --sysroot=/home/dev/tm/transmission/builder/toolchain_arm/sysroot -L/home/dev/tm/transmission/builder/toolchain_arm/sysroot/usr/lib -L/home/dev/tm/transmission/builder/toolchain_arm/lib -fPIC -pie -static conftest.c  >&5
clang60: warning: argument unused during compilation: '-pie' [-Wunused-command-line-argument]
conftest.c:69:16: warning: this function declaration is not a prototype [-Wstrict-prototypes]
char uselocale ();
               ^
                void
1 warning generated.
configure:17339: $? = 0
configure:17339: result: yes
configure:17339: checking for _configthreadlocale
configure:17339: /home/dev/tm/transmission/builder/toolchain_arm/bin/arm-linux-androideabi-clang -o conftest --sysroot=/home/dev/tm/transmission/builder/toolchain_arm/sysroot -I/home/dev/tm/transmission/builder/toolchain_arm/sysroot/usr/include -I/home/dev/tm/transmission/builder/toolchain_arm/include -O3 -DNDEBUG -fPIC -static -std=gnu99 -ggdb3 -Wall -W -Wpointer-arith -Wformat-security -Wundef -Wcast-align -Wstrict-prototypes -Wmissing-declarations -Wmissing-format-attribute -Wredundant-decls -Wnested-externs -Wunused-parameter -Wwrite-strings -Winline -Wfloat-equal -Wextra -Winit-self --sysroot=/home/dev/tm/transmission/builder/toolchain_arm/sysroot -I/home/dev/tm/transmission/builder/toolchain_arm/sysroot/usr/include -I/home/dev/tm/transmission/builder/toolchain_arm/include -O3 -DNDEBUG -fPIC -static -DNDEBUG --sysroot=/home/dev/tm/transmission/builder/toolchain_arm/sysroot -L/home/dev/tm/transmission/builder/toolchain_arm/sysroot/usr/lib -L/home/dev/tm/transmission/builder/toolchain_arm/lib -fPIC -pie -static conftest.c  >&5
clang60: warning: argument unused during compilation: '-pie' [-Wunused-command-line-argument]
conftest.c:70:26: warning: this function declaration is not a prototype [-Wstrict-prototypes]
char _configthreadlocale ();
                         ^
                          void
1 warning generated.
conftest.c:81: error: undefined reference to '_configthreadlocale'
clang60: error: linker command failed with exit code 1 (use -v to see invocation)
configure:17339: $? = 1
configure: failed program was:
| /* confdefs.h */
| #define PACKAGE_NAME "transmission"
| #define PACKAGE_TARNAME "transmission"
| #define PACKAGE_VERSION "2.94"
| #define PACKAGE_STRING "transmission 2.94"
| #define PACKAGE_BUGREPORT "https://github.com/transmission/transmission"
| #define PACKAGE_URL ""
| #define PACKAGE "transmission"
| #define VERSION "2.94"
| #define STDC_HEADERS 1
| #define HAVE_SYS_TYPES_H 1
| #define HAVE_SYS_STAT_H 1
| #define HAVE_STDLIB_H 1
| #define HAVE_STRING_H 1
| #define HAVE_MEMORY_H 1
| #define HAVE_STRINGS_H 1
| #define HAVE_INTTYPES_H 1
| #define HAVE_STDINT_H 1
| #define HAVE_UNISTD_H 1
| #define HAVE_DLFCN_H 1
| #define LT_OBJDIR ".libs/"
| #define STDC_HEADERS 1
| #define TIME_WITH_SYS_TIME 1
| #define HAVE_STDBOOL_H 1
| #define HAVE_XLOCALE_H 1
| #define HAVE_PREAD 1
| #define HAVE_PWRITE 1
| #define HAVE_STRLCPY 1
| #define HAVE_DAEMON 1
| #define HAVE_DIRNAME 1
| #define HAVE_BASENAME 1
| #define HAVE_STRCASECMP 1
| #define HAVE_LOCALTIME_R 1
| #define HAVE_FALLOCATE64 1
| #define HAVE_POSIX_FALLOCATE 1
| #define HAVE_MEMMEM 1
| #define HAVE_STRSEP 1
| #define HAVE_STRTOLD 1
| #define HAVE_SYSLOG 1
| #define HAVE_VALLOC 1
| #define HAVE_GETPAGESIZE 1
| #define HAVE_POSIX_MEMALIGN 1
| #define HAVE_STATVFS 1
| #define HAVE_MKDTEMP 1
| #define HAVE_USELOCALE 1
| /* end confdefs.h.  */
| /* Define _configthreadlocale to an innocuous variant, in case <limits.h> declares _configthreadlocale.
|    For example, HP-UX 11i <limits.h> declares gettimeofday.  */
| #define _configthreadlocale innocuous__configthreadlocale
| 
| /* System header to define __stub macros and hopefully few prototypes,
|     which can conflict with char _configthreadlocale (); below.
|     Prefer <limits.h> to <assert.h> if __STDC__ is defined, since
|     <limits.h> exists even on freestanding compilers.  */
| 
| #ifdef __STDC__
| # include <limits.h>
| #else
| # include <assert.h>
| #endif
| 
| #undef _configthreadlocale
| 
| /* Override any GCC internal prototype to avoid an error.
|    Use char because int might match the return type of a GCC
|    builtin and then its argument prototype would still apply.  */
| #ifdef __cplusplus
| extern "C"
| #endif
| char _configthreadlocale ();
| /* The GNU C library defines this for functions which it implements
|     to always fail with ENOSYS.  Some functions are actually named
|     something starting with __ and the normal name is an alias.  */
| #if defined __stub__configthreadlocale || defined __stub____configthreadlocale
| choke me
| #endif
| 
| int
| main ()
| {
| return _configthreadlocale ();
|   ;
|   return 0;
| }
configure:17339: result: no
configure:17349: checking whether make sets $(MAKE)
configure:17371: result: yes
configure:17545: checking for the pthreads library -lpthreads
configure:17578: /home/dev/tm/transmission/builder/toolchain_arm/bin/arm-linux-androideabi-clang -o conftest --sysroot=/home/dev/tm/transmission/builder/toolchain_arm/sysroot -I/home/dev/tm/transmission/builder/toolchain_arm/sysroot/usr/include -I/home/dev/tm/transmission/builder/toolchain_arm/include -O3 -DNDEBUG -fPIC -static -std=gnu99 -ggdb3 -Wall -W -Wpointer-arith -Wformat-security -Wundef -Wcast-align -Wstrict-prototypes -Wmissing-declarations -Wmissing-format-attribute -Wredundant-decls -Wnested-externs -Wunused-parameter -Wwrite-strings -Winline -Wfloat-equal -Wextra -Winit-self  --sysroot=/home/dev/tm/transmission/builder/toolchain_arm/sysroot -I/home/dev/tm/transmission/builder/toolchain_arm/sysroot/usr/include -I/home/dev/tm/transmission/builder/toolchain_arm/include -O3 -DNDEBUG -fPIC -static -DNDEBUG --sysroot=/home/dev/tm/transmission/builder/toolchain_arm/sysroot -L/home/dev/tm/transmission/builder/toolchain_arm/sysroot/usr/lib -L/home/dev/tm/transmission/builder/toolchain_arm/lib -fPIC -pie -static conftest.c -lpthreads  >&5
clang60: warning: argument unused during compilation: '-pie' [-Wunused-command-line-argument]
conftest.c:51:28: warning: variable 'th' is uninitialized when used here [-Wuninitialized]
pthread_t th; pthread_join(th, 0);
                           ^~
conftest.c:51:13: note: initialize the variable 'th' to silence this warning
pthread_t th; pthread_join(th, 0);
            ^
             = 0
1 warning generated.
/home/dev/tm/transmission/builder/toolchain_arm/bin/../lib/gcc/arm-linux-androideabi/4.9.x/../../../../arm-linux-androideabi/bin/ld: error: cannot find -lpthreads
clang60: error: linker command failed with exit code 1 (use -v to see invocation)
configure:17578: $? = 1
configure: failed program was:
| /* confdefs.h */
| #define PACKAGE_NAME "transmission"
| #define PACKAGE_TARNAME "transmission"
| #define PACKAGE_VERSION "2.94"
| #define PACKAGE_STRING "transmission 2.94"
| #define PACKAGE_BUGREPORT "https://github.com/transmission/transmission"
| #define PACKAGE_URL ""
| #define PACKAGE "transmission"
| #define VERSION "2.94"
| #define STDC_HEADERS 1
| #define HAVE_SYS_TYPES_H 1
| #define HAVE_SYS_STAT_H 1
| #define HAVE_STDLIB_H 1
| #define HAVE_STRING_H 1
| #define HAVE_MEMORY_H 1
| #define HAVE_STRINGS_H 1
| #define HAVE_INTTYPES_H 1
| #define HAVE_STDINT_H 1
| #define HAVE_UNISTD_H 1
| #define HAVE_DLFCN_H 1
| #define LT_OBJDIR ".libs/"
| #define STDC_HEADERS 1
| #define TIME_WITH_SYS_TIME 1
| #define HAVE_STDBOOL_H 1
| #define HAVE_XLOCALE_H 1
| #define HAVE_PREAD 1
| #define HAVE_PWRITE 1
| #define HAVE_STRLCPY 1
| #define HAVE_DAEMON 1
| #define HAVE_DIRNAME 1
| #define HAVE_BASENAME 1
| #define HAVE_STRCASECMP 1
| #define HAVE_LOCALTIME_R 1
| #define HAVE_FALLOCATE64 1
| #define HAVE_POSIX_FALLOCATE 1
| #define HAVE_MEMMEM 1
| #define HAVE_STRSEP 1
| #define HAVE_STRTOLD 1
| #define HAVE_SYSLOG 1
| #define HAVE_VALLOC 1
| #define HAVE_GETPAGESIZE 1
| #define HAVE_POSIX_MEMALIGN 1
| #define HAVE_STATVFS 1
| #define HAVE_MKDTEMP 1
| #define HAVE_USELOCALE 1
| /* end confdefs.h.  */
| #include <pthread.h>
| int
| main ()
| {
| pthread_t th; pthread_join(th, 0);
|                      pthread_attr_init(0); pthread_cleanup_push(0, 0);
|                      pthread_create(0,0,0,0); pthread_cleanup_pop(0);
|   ;
|   return 0;
| }
configure:17587: result: no
configure:17490: checking whether pthreads work without any flags
configure:17578: /home/dev/tm/transmission/builder/toolchain_arm/bin/arm-linux-androideabi-clang -o conftest --sysroot=/home/dev/tm/transmission/builder/toolchain_arm/sysroot -I/home/dev/tm/transmission/builder/toolchain_arm/sysroot/usr/include -I/home/dev/tm/transmission/builder/toolchain_arm/include -O3 -DNDEBUG -fPIC -static -std=gnu99 -ggdb3 -Wall -W -Wpointer-arith -Wformat-security -Wundef -Wcast-align -Wstrict-prototypes -Wmissing-declarations -Wmissing-format-attribute -Wredundant-decls -Wnested-externs -Wunused-parameter -Wwrite-strings -Winline -Wfloat-equal -Wextra -Winit-self  --sysroot=/home/dev/tm/transmission/builder/toolchain_arm/sysroot -I/home/dev/tm/transmission/builder/toolchain_arm/sysroot/usr/include -I/home/dev/tm/transmission/builder/toolchain_arm/include -O3 -DNDEBUG -fPIC -static -DNDEBUG --sysroot=/home/dev/tm/transmission/builder/toolchain_arm/sysroot -L/home/dev/tm/transmission/builder/toolchain_arm/sysroot/usr/lib -L/home/dev/tm/transmission/builder/toolchain_arm/lib -fPIC -pie -static conftest.c   >&5
clang60: warning: argument unused during compilation: '-pie' [-Wunused-command-line-argument]
conftest.c:51:28: warning: variable 'th' is uninitialized when used here [-Wuninitialized]
pthread_t th; pthread_join(th, 0);
                           ^~
conftest.c:51:13: note: initialize the variable 'th' to silence this warning
pthread_t th; pthread_join(th, 0);
            ^
             = 0
1 warning generated.
configure:17578: $? = 0
configure:17587: result: yes
configure:17606: checking for joinable pthread attribute
configure:17621: /home/dev/tm/transmission/builder/toolchain_arm/bin/arm-linux-androideabi-clang -o conftest --sysroot=/home/dev/tm/transmission/builder/toolchain_arm/sysroot -I/home/dev/tm/transmission/builder/toolchain_arm/sysroot/usr/include -I/home/dev/tm/transmission/builder/toolchain_arm/include -O3 -DNDEBUG -fPIC -static -std=gnu99 -ggdb3 -Wall -W -Wpointer-arith -Wformat-security -Wundef -Wcast-align -Wstrict-prototypes -Wmissing-declarations -Wmissing-format-attribute -Wredundant-decls -Wnested-externs -Wunused-parameter -Wwrite-strings -Winline -Wfloat-equal -Wextra -Winit-self  --sysroot=/home/dev/tm/transmission/builder/toolchain_arm/sysroot -I/home/dev/tm/transmission/builder/toolchain_arm/sysroot/usr/include -I/home/dev/tm/transmission/builder/toolchain_arm/include -O3 -DNDEBUG -fPIC -static -DNDEBUG --sysroot=/home/dev/tm/transmission/builder/toolchain_arm/sysroot -L/home/dev/tm/transmission/builder/toolchain_arm/sysroot/usr/lib -L/home/dev/tm/transmission/builder/toolchain_arm/lib -fPIC -pie -static conftest.c   >&5
clang60: warning: argument unused during compilation: '-pie' [-Wunused-command-line-argument]
configure:17621: $? = 0
configure:17627: result: PTHREAD_CREATE_JOINABLE
configure:17637: checking if more special flags are required for pthreads
configure:17644: result: no
configure:17731: checking for library containing cos
configure:17762: /home/dev/tm/transmission/builder/toolchain_arm/bin/arm-linux-androideabi-clang -o conftest --sysroot=/home/dev/tm/transmission/builder/toolchain_arm/sysroot -I/home/dev/tm/transmission/builder/toolchain_arm/sysroot/usr/include -I/home/dev/tm/transmission/builder/toolchain_arm/include -O3 -DNDEBUG -fPIC -static -std=gnu99 -ggdb3 -Wall -W -Wpointer-arith -Wformat-security -Wundef -Wcast-align -Wstrict-prototypes -Wmissing-declarations -Wmissing-format-attribute -Wredundant-decls -Wnested-externs -Wunused-parameter -Wwrite-strings -Winline -Wfloat-equal -Wextra -Winit-self --sysroot=/home/dev/tm/transmission/builder/toolchain_arm/sysroot -I/home/dev/tm/transmission/builder/toolchain_arm/sysroot/usr/include -I/home/dev/tm/transmission/builder/toolchain_arm/include -O3 -DNDEBUG -fPIC -static -DNDEBUG --sysroot=/home/dev/tm/transmission/builder/toolchain_arm/sysroot -L/home/dev/tm/transmission/builder/toolchain_arm/sysroot/usr/lib -L/home/dev/tm/transmission/builder/toolchain_arm/lib -fPIC -pie -static conftest.c  >&5
clang60: warning: argument unused during compilation: '-pie' [-Wunused-command-line-argument]
conftest.c:55:10: warning: this function declaration is not a prototype [-Wstrict-prototypes]
char cos ();
         ^
          void
conftest.c:55:6: warning: incompatible redeclaration of library function 'cos' [-Wincompatible-library-redeclaration]
char cos ();
     ^
conftest.c:55:6: note: 'cos' is a builtin with type 'double (double)'
2 warnings generated.
conftest.c:59: error: undefined reference to 'cos'
clang60: error: linker command failed with exit code 1 (use -v to see invocation)
configure:17762: $? = 1
configure: failed program was:
| /* confdefs.h */
| #define PACKAGE_NAME "transmission"
| #define PACKAGE_TARNAME "transmission"
| #define PACKAGE_VERSION "2.94"
| #define PACKAGE_STRING "transmission 2.94"
| #define PACKAGE_BUGREPORT "https://github.com/transmission/transmission"
| #define PACKAGE_URL ""
| #define PACKAGE "transmission"
| #define VERSION "2.94"
| #define STDC_HEADERS 1
| #define HAVE_SYS_TYPES_H 1
| #define HAVE_SYS_STAT_H 1
| #define HAVE_STDLIB_H 1
| #define HAVE_STRING_H 1
| #define HAVE_MEMORY_H 1
| #define HAVE_STRINGS_H 1
| #define HAVE_INTTYPES_H 1
| #define HAVE_STDINT_H 1
| #define HAVE_UNISTD_H 1
| #define HAVE_DLFCN_H 1
| #define LT_OBJDIR ".libs/"
| #define STDC_HEADERS 1
| #define TIME_WITH_SYS_TIME 1
| #define HAVE_STDBOOL_H 1
| #define HAVE_XLOCALE_H 1
| #define HAVE_PREAD 1
| #define HAVE_PWRITE 1
| #define HAVE_STRLCPY 1
| #define HAVE_DAEMON 1
| #define HAVE_DIRNAME 1
| #define HAVE_BASENAME 1
| #define HAVE_STRCASECMP 1
| #define HAVE_LOCALTIME_R 1
| #define HAVE_FALLOCATE64 1
| #define HAVE_POSIX_FALLOCATE 1
| #define HAVE_MEMMEM 1
| #define HAVE_STRSEP 1
| #define HAVE_STRTOLD 1
| #define HAVE_SYSLOG 1
| #define HAVE_VALLOC 1
| #define HAVE_GETPAGESIZE 1
| #define HAVE_POSIX_MEMALIGN 1
| #define HAVE_STATVFS 1
| #define HAVE_MKDTEMP 1
| #define HAVE_USELOCALE 1
| #define HAVE_PTHREAD 1
| /* end confdefs.h.  */
| 
| /* Override any GCC internal prototype to avoid an error.
|    Use char because int might match the return type of a GCC
|    builtin and then its argument prototype would still apply.  */
| #ifdef __cplusplus
| extern "C"
| #endif
| char cos ();
| int
| main ()
| {
| return cos ();
|   ;
|   return 0;
| }
configure:17762: /home/dev/tm/transmission/builder/toolchain_arm/bin/arm-linux-androideabi-clang -o conftest --sysroot=/home/dev/tm/transmission/builder/toolchain_arm/sysroot -I/home/dev/tm/transmission/builder/toolchain_arm/sysroot/usr/include -I/home/dev/tm/transmission/builder/toolchain_arm/include -O3 -DNDEBUG -fPIC -static -std=gnu99 -ggdb3 -Wall -W -Wpointer-arith -Wformat-security -Wundef -Wcast-align -Wstrict-prototypes -Wmissing-declarations -Wmissing-format-attribute -Wredundant-decls -Wnested-externs -Wunused-parameter -Wwrite-strings -Winline -Wfloat-equal -Wextra -Winit-self --sysroot=/home/dev/tm/transmission/builder/toolchain_arm/sysroot -I/home/dev/tm/transmission/builder/toolchain_arm/sysroot/usr/include -I/home/dev/tm/transmission/builder/toolchain_arm/include -O3 -DNDEBUG -fPIC -static -DNDEBUG --sysroot=/home/dev/tm/transmission/builder/toolchain_arm/sysroot -L/home/dev/tm/transmission/builder/toolchain_arm/sysroot/usr/lib -L/home/dev/tm/transmission/builder/toolchain_arm/lib -fPIC -pie -static conftest.c -lm   >&5
clang60: warning: argument unused during compilation: '-pie' [-Wunused-command-line-argument]
conftest.c:55:10: warning: this function declaration is not a prototype [-Wstrict-prototypes]
char cos ();
         ^
          void
conftest.c:55:6: warning: incompatible redeclaration of library function 'cos' [-Wincompatible-library-redeclaration]
char cos ();
     ^
conftest.c:55:6: note: 'cos' is a builtin with type 'double (double)'
2 warnings generated.
configure:17762: $? = 0
configure:17779: result: -lm
configure:17787: checking for library containing socket
configure:17818: /home/dev/tm/transmission/builder/toolchain_arm/bin/arm-linux-androideabi-clang -o conftest --sysroot=/home/dev/tm/transmission/builder/toolchain_arm/sysroot -I/home/dev/tm/transmission/builder/toolchain_arm/sysroot/usr/include -I/home/dev/tm/transmission/builder/toolchain_arm/include -O3 -DNDEBUG -fPIC -static -std=gnu99 -ggdb3 -Wall -W -Wpointer-arith -Wformat-security -Wundef -Wcast-align -Wstrict-prototypes -Wmissing-declarations -Wmissing-format-attribute -Wredundant-decls -Wnested-externs -Wunused-parameter -Wwrite-strings -Winline -Wfloat-equal -Wextra -Winit-self --sysroot=/home/dev/tm/transmission/builder/toolchain_arm/sysroot -I/home/dev/tm/transmission/builder/toolchain_arm/sysroot/usr/include -I/home/dev/tm/transmission/builder/toolchain_arm/include -O3 -DNDEBUG -fPIC -static -DNDEBUG --sysroot=/home/dev/tm/transmission/builder/toolchain_arm/sysroot -L/home/dev/tm/transmission/builder/toolchain_arm/sysroot/usr/lib -L/home/dev/tm/transmission/builder/toolchain_arm/lib -fPIC -pie -static conftest.c -lm  >&5
clang60: warning: argument unused during compilation: '-pie' [-Wunused-command-line-argument]
conftest.c:55:13: warning: this function declaration is not a prototype [-Wstrict-prototypes]
char socket ();
            ^
             void
1 warning generated.
configure:17818: $? = 0
configure:17835: result: none required
configure:17843: checking for library containing gethostbyname
configure:17874: /home/dev/tm/transmission/builder/toolchain_arm/bin/arm-linux-androideabi-clang -o conftest --sysroot=/home/dev/tm/transmission/builder/toolchain_arm/sysroot -I/home/dev/tm/transmission/builder/toolchain_arm/sysroot/usr/include -I/home/dev/tm/transmission/builder/toolchain_arm/include -O3 -DNDEBUG -fPIC -static -std=gnu99 -ggdb3 -Wall -W -Wpointer-arith -Wformat-security -Wundef -Wcast-align -Wstrict-prototypes -Wmissing-declarations -Wmissing-format-attribute -Wredundant-decls -Wnested-externs -Wunused-parameter -Wwrite-strings -Winline -Wfloat-equal -Wextra -Winit-self --sysroot=/home/dev/tm/transmission/builder/toolchain_arm/sysroot -I/home/dev/tm/transmission/builder/toolchain_arm/sysroot/usr/include -I/home/dev/tm/transmission/builder/toolchain_arm/include -O3 -DNDEBUG -fPIC -static -DNDEBUG --sysroot=/home/dev/tm/transmission/builder/toolchain_arm/sysroot -L/home/dev/tm/transmission/builder/toolchain_arm/sysroot/usr/lib -L/home/dev/tm/transmission/builder/toolchain_arm/lib -fPIC -pie -static conftest.c -lm  >&5
clang60: warning: argument unused during compilation: '-pie' [-Wunused-command-line-argument]
conftest.c:55:20: warning: this function declaration is not a prototype [-Wstrict-prototypes]
char gethostbyname ();
                   ^
                    void
1 warning generated.
configure:17874: $? = 0
configure:17891: result: none required
configure:17899: checking for library containing quotacursor_skipidtype
configure:17930: /home/dev/tm/transmission/builder/toolchain_arm/bin/arm-linux-androideabi-clang -o conftest --sysroot=/home/dev/tm/transmission/builder/toolchain_arm/sysroot -I/home/dev/tm/transmission/builder/toolchain_arm/sysroot/usr/include -I/home/dev/tm/transmission/builder/toolchain_arm/include -O3 -DNDEBUG -fPIC -static -std=gnu99 -ggdb3 -Wall -W -Wpointer-arith -Wformat-security -Wundef -Wcast-align -Wstrict-prototypes -Wmissing-declarations -Wmissing-format-attribute -Wredundant-decls -Wnested-externs -Wunused-parameter -Wwrite-strings -Winline -Wfloat-equal -Wextra -Winit-self --sysroot=/home/dev/tm/transmission/builder/toolchain_arm/sysroot -I/home/dev/tm/transmission/builder/toolchain_arm/sysroot/usr/include -I/home/dev/tm/transmission/builder/toolchain_arm/include -O3 -DNDEBUG -fPIC -static -DNDEBUG --sysroot=/home/dev/tm/transmission/builder/toolchain_arm/sysroot -L/home/dev/tm/transmission/builder/toolchain_arm/sysroot/usr/lib -L/home/dev/tm/transmission/builder/toolchain_arm/lib -fPIC -pie -static conftest.c -lm  >&5
clang60: warning: argument unused during compilation: '-pie' [-Wunused-command-line-argument]
conftest.c:55:29: warning: this function declaration is not a prototype [-Wstrict-prototypes]
char quotacursor_skipidtype ();
                            ^
                             void
1 warning generated.
conftest.c:59: error: undefined reference to 'quotacursor_skipidtype'
clang60: error: linker command failed with exit code 1 (use -v to see invocation)
configure:17930: $? = 1
configure: failed program was:
| /* confdefs.h */
| #define PACKAGE_NAME "transmission"
| #define PACKAGE_TARNAME "transmission"
| #define PACKAGE_VERSION "2.94"
| #define PACKAGE_STRING "transmission 2.94"
| #define PACKAGE_BUGREPORT "https://github.com/transmission/transmission"
| #define PACKAGE_URL ""
| #define PACKAGE "transmission"
| #define VERSION "2.94"
| #define STDC_HEADERS 1
| #define HAVE_SYS_TYPES_H 1
| #define HAVE_SYS_STAT_H 1
| #define HAVE_STDLIB_H 1
| #define HAVE_STRING_H 1
| #define HAVE_MEMORY_H 1
| #define HAVE_STRINGS_H 1
| #define HAVE_INTTYPES_H 1
| #define HAVE_STDINT_H 1
| #define HAVE_UNISTD_H 1
| #define HAVE_DLFCN_H 1
| #define LT_OBJDIR ".libs/"
| #define STDC_HEADERS 1
| #define TIME_WITH_SYS_TIME 1
| #define HAVE_STDBOOL_H 1
| #define HAVE_XLOCALE_H 1
| #define HAVE_PREAD 1
| #define HAVE_PWRITE 1
| #define HAVE_STRLCPY 1
| #define HAVE_DAEMON 1
| #define HAVE_DIRNAME 1
| #define HAVE_BASENAME 1
| #define HAVE_STRCASECMP 1
| #define HAVE_LOCALTIME_R 1
| #define HAVE_FALLOCATE64 1
| #define HAVE_POSIX_FALLOCATE 1
| #define HAVE_MEMMEM 1
| #define HAVE_STRSEP 1
| #define HAVE_STRTOLD 1
| #define HAVE_SYSLOG 1
| #define HAVE_VALLOC 1
| #define HAVE_GETPAGESIZE 1
| #define HAVE_POSIX_MEMALIGN 1
| #define HAVE_STATVFS 1
| #define HAVE_MKDTEMP 1
| #define HAVE_USELOCALE 1
| #define HAVE_PTHREAD 1
| /* end confdefs.h.  */
| 
| /* Override any GCC internal prototype to avoid an error.
|    Use char because int might match the return type of a GCC
|    builtin and then its argument prototype would still apply.  */
| #ifdef __cplusplus
| extern "C"
| #endif
| char quotacursor_skipidtype ();
| int
| main ()
| {
| return quotacursor_skipidtype ();
|   ;
|   return 0;
| }
configure:17930: /home/dev/tm/transmission/builder/toolchain_arm/bin/arm-linux-androideabi-clang -o conftest --sysroot=/home/dev/tm/transmission/builder/toolchain_arm/sysroot -I/home/dev/tm/transmission/builder/toolchain_arm/sysroot/usr/include -I/home/dev/tm/transmission/builder/toolchain_arm/include -O3 -DNDEBUG -fPIC -static -std=gnu99 -ggdb3 -Wall -W -Wpointer-arith -Wformat-security -Wundef -Wcast-align -Wstrict-prototypes -Wmissing-declarations -Wmissing-format-attribute -Wredundant-decls -Wnested-externs -Wunused-parameter -Wwrite-strings -Winline -Wfloat-equal -Wextra -Winit-self --sysroot=/home/dev/tm/transmission/builder/toolchain_arm/sysroot -I/home/dev/tm/transmission/builder/toolchain_arm/sysroot/usr/include -I/home/dev/tm/transmission/builder/toolchain_arm/include -O3 -DNDEBUG -fPIC -static -DNDEBUG --sysroot=/home/dev/tm/transmission/builder/toolchain_arm/sysroot -L/home/dev/tm/transmission/builder/toolchain_arm/sysroot/usr/lib -L/home/dev/tm/transmission/builder/toolchain_arm/lib -fPIC -pie -static conftest.c -lquota  -lm  >&5
clang60: warning: argument unused during compilation: '-pie' [-Wunused-command-line-argument]
conftest.c:55:29: warning: this function declaration is not a prototype [-Wstrict-prototypes]
char quotacursor_skipidtype ();
                            ^
                             void
1 warning generated.
/home/dev/tm/transmission/builder/toolchain_arm/bin/../lib/gcc/arm-linux-androideabi/4.9.x/../../../../arm-linux-androideabi/bin/ld: error: cannot find -lquota
conftest.c:59: error: undefined reference to 'quotacursor_skipidtype'
clang60: error: linker command failed with exit code 1 (use -v to see invocation)
configure:17930: $? = 1
configure: failed program was:
| /* confdefs.h */
| #define PACKAGE_NAME "transmission"
| #define PACKAGE_TARNAME "transmission"
| #define PACKAGE_VERSION "2.94"
| #define PACKAGE_STRING "transmission 2.94"
| #define PACKAGE_BUGREPORT "https://github.com/transmission/transmission"
| #define PACKAGE_URL ""
| #define PACKAGE "transmission"
| #define VERSION "2.94"
| #define STDC_HEADERS 1
| #define HAVE_SYS_TYPES_H 1
| #define HAVE_SYS_STAT_H 1
| #define HAVE_STDLIB_H 1
| #define HAVE_STRING_H 1
| #define HAVE_MEMORY_H 1
| #define HAVE_STRINGS_H 1
| #define HAVE_INTTYPES_H 1
| #define HAVE_STDINT_H 1
| #define HAVE_UNISTD_H 1
| #define HAVE_DLFCN_H 1
| #define LT_OBJDIR ".libs/"
| #define STDC_HEADERS 1
| #define TIME_WITH_SYS_TIME 1
| #define HAVE_STDBOOL_H 1
| #define HAVE_XLOCALE_H 1
| #define HAVE_PREAD 1
| #define HAVE_PWRITE 1
| #define HAVE_STRLCPY 1
| #define HAVE_DAEMON 1
| #define HAVE_DIRNAME 1
| #define HAVE_BASENAME 1
| #define HAVE_STRCASECMP 1
| #define HAVE_LOCALTIME_R 1
| #define HAVE_FALLOCATE64 1
| #define HAVE_POSIX_FALLOCATE 1
| #define HAVE_MEMMEM 1
| #define HAVE_STRSEP 1
| #define HAVE_STRTOLD 1
| #define HAVE_SYSLOG 1
| #define HAVE_VALLOC 1
| #define HAVE_GETPAGESIZE 1
| #define HAVE_POSIX_MEMALIGN 1
| #define HAVE_STATVFS 1
| #define HAVE_MKDTEMP 1
| #define HAVE_USELOCALE 1
| #define HAVE_PTHREAD 1
| /* end confdefs.h.  */
| 
| /* Override any GCC internal prototype to avoid an error.
|    Use char because int might match the return type of a GCC
|    builtin and then its argument prototype would still apply.  */
| #ifdef __cplusplus
| extern "C"
| #endif
| char quotacursor_skipidtype ();
| int
| main ()
| {
| return quotacursor_skipidtype ();
|   ;
|   return 0;
| }
configure:17947: result: no
configure:18059: checking pkg-config is at least version 0.9.0
configure:18062: result: yes
configure:18073: checking for LIBCURL
configure:18081: $PKG_CONFIG --exists --print-errors "libcurl >= $CURL_MINIMUM"
configure:18084: $? = 0
configure:18099: $PKG_CONFIG --exists --print-errors "libcurl >= $CURL_MINIMUM"
configure:18102: $? = 0
configure:18157: result: yes
configure:18163: checking for LIBEVENT
configure:18171: $PKG_CONFIG --exists --print-errors "libevent >= $LIBEVENT_MINIMUM"
configure:18174: $? = 0
configure:18189: $PKG_CONFIG --exists --print-errors "libevent >= $LIBEVENT_MINIMUM"
configure:18192: $? = 0
configure:18247: result: yes
configure:18253: checking for ZLIB
configure:18261: $PKG_CONFIG --exists --print-errors "zlib >= $ZLIB_MINIMUM"
configure:18264: $? = 0
configure:18279: $PKG_CONFIG --exists --print-errors "zlib >= $ZLIB_MINIMUM"
configure:18282: $? = 0
configure:18337: result: yes
configure:18356: checking for OPENSSL
configure:18364: $PKG_CONFIG --exists --print-errors "openssl >= $OPENSSL_MINIMUM"
configure:18367: $? = 0
configure:18382: $PKG_CONFIG --exists --print-errors "openssl >= $OPENSSL_MINIMUM"
configure:18385: $? = 0
configure:18429: result: yes
configure:18948: checking for special C compiler options needed for large files
configure:18993: result: no
configure:18999: checking for _FILE_OFFSET_BITS value needed for large files
configure:19024: /home/dev/tm/transmission/builder/toolchain_arm/bin/arm-linux-androideabi-clang -c --sysroot=/home/dev/tm/transmission/builder/toolchain_arm/sysroot -I/home/dev/tm/transmission/builder/toolchain_arm/sysroot/usr/include -I/home/dev/tm/transmission/builder/toolchain_arm/include -O3 -DNDEBUG -fPIC -static -std=gnu99 -ggdb3 -Wall -W -Wpointer-arith -Wformat-security -Wundef -Wcast-align -Wstrict-prototypes -Wmissing-declarations -Wmissing-format-attribute -Wredundant-decls -Wnested-externs -Wunused-parameter -Wwrite-strings -Winline -Wfloat-equal -Wextra -Winit-self --sysroot=/home/dev/tm/transmission/builder/toolchain_arm/sysroot -I/home/dev/tm/transmission/builder/toolchain_arm/sysroot/usr/include -I/home/dev/tm/transmission/builder/toolchain_arm/include -O3 -DNDEBUG -fPIC -static -DNDEBUG conftest.c >&5
conftest.c:54:22: error: 'off_t_is_large' declared as an array with a negative size
  int off_t_is_large[(LARGE_OFF_T % 2147483629 == 721
                     ^~~~~~~~~~~~~~~~~~~~~~~~~~~~~~~~
1 error generated.
configure:19024: $? = 1
configure: failed program was:
| /* confdefs.h */
| #define PACKAGE_NAME "transmission"
| #define PACKAGE_TARNAME "transmission"
| #define PACKAGE_VERSION "2.94"
| #define PACKAGE_STRING "transmission 2.94"
| #define PACKAGE_BUGREPORT "https://github.com/transmission/transmission"
| #define PACKAGE_URL ""
| #define PACKAGE "transmission"
| #define VERSION "2.94"
| #define STDC_HEADERS 1
| #define HAVE_SYS_TYPES_H 1
| #define HAVE_SYS_STAT_H 1
| #define HAVE_STDLIB_H 1
| #define HAVE_STRING_H 1
| #define HAVE_MEMORY_H 1
| #define HAVE_STRINGS_H 1
| #define HAVE_INTTYPES_H 1
| #define HAVE_STDINT_H 1
| #define HAVE_UNISTD_H 1
| #define HAVE_DLFCN_H 1
| #define LT_OBJDIR ".libs/"
| #define STDC_HEADERS 1
| #define TIME_WITH_SYS_TIME 1
| #define HAVE_STDBOOL_H 1
| #define HAVE_XLOCALE_H 1
| #define HAVE_PREAD 1
| #define HAVE_PWRITE 1
| #define HAVE_STRLCPY 1
| #define HAVE_DAEMON 1
| #define HAVE_DIRNAME 1
| #define HAVE_BASENAME 1
| #define HAVE_STRCASECMP 1
| #define HAVE_LOCALTIME_R 1
| #define HAVE_FALLOCATE64 1
| #define HAVE_POSIX_FALLOCATE 1
| #define HAVE_MEMMEM 1
| #define HAVE_STRSEP 1
| #define HAVE_STRTOLD 1
| #define HAVE_SYSLOG 1
| #define HAVE_VALLOC 1
| #define HAVE_GETPAGESIZE 1
| #define HAVE_POSIX_MEMALIGN 1
| #define HAVE_STATVFS 1
| #define HAVE_MKDTEMP 1
| #define HAVE_USELOCALE 1
| #define HAVE_PTHREAD 1
| /* end confdefs.h.  */
| #include <sys/types.h>
|  /* Check that off_t can represent 2**63 - 1 correctly.
|     We can't simply define LARGE_OFF_T to be 9223372036854775807,
|     since some C++ compilers masquerading as C compilers
|     incorrectly reject 9223372036854775807.  */
| #define LARGE_OFF_T ((((off_t) 1 << 31) << 31) - 1 + (((off_t) 1 << 31) << 31))
|   int off_t_is_large[(LARGE_OFF_T % 2147483629 == 721
| 		       && LARGE_OFF_T % 2147483647 == 1)
| 		      ? 1 : -1];
| int
| main ()
| {
| 
|   ;
|   return 0;
| }
configure:19048: /home/dev/tm/transmission/builder/toolchain_arm/bin/arm-linux-androideabi-clang -c --sysroot=/home/dev/tm/transmission/builder/toolchain_arm/sysroot -I/home/dev/tm/transmission/builder/toolchain_arm/sysroot/usr/include -I/home/dev/tm/transmission/builder/toolchain_arm/include -O3 -DNDEBUG -fPIC -static -std=gnu99 -ggdb3 -Wall -W -Wpointer-arith -Wformat-security -Wundef -Wcast-align -Wstrict-prototypes -Wmissing-declarations -Wmissing-format-attribute -Wredundant-decls -Wnested-externs -Wunused-parameter -Wwrite-strings -Winline -Wfloat-equal -Wextra -Winit-self --sysroot=/home/dev/tm/transmission/builder/toolchain_arm/sysroot -I/home/dev/tm/transmission/builder/toolchain_arm/sysroot/usr/include -I/home/dev/tm/transmission/builder/toolchain_arm/include -O3 -DNDEBUG -fPIC -static -DNDEBUG conftest.c >&5
configure:19048: $? = 0
configure:19056: result: 64
configure:19144: checking for library containing getmntent
configure:19175: /home/dev/tm/transmission/builder/toolchain_arm/bin/arm-linux-androideabi-clang -o conftest --sysroot=/home/dev/tm/transmission/builder/toolchain_arm/sysroot -I/home/dev/tm/transmission/builder/toolchain_arm/sysroot/usr/include -I/home/dev/tm/transmission/builder/toolchain_arm/include -O3 -DNDEBUG -fPIC -static -std=gnu99 -ggdb3 -Wall -W -Wpointer-arith -Wformat-security -Wundef -Wcast-align -Wstrict-prototypes -Wmissing-declarations -Wmissing-format-attribute -Wredundant-decls -Wnested-externs -Wunused-parameter -Wwrite-strings -Winline -Wfloat-equal -Wextra -Winit-self --sysroot=/home/dev/tm/transmission/builder/toolchain_arm/sysroot -I/home/dev/tm/transmission/builder/toolchain_arm/sysroot/usr/include -I/home/dev/tm/transmission/builder/toolchain_arm/include -O3 -DNDEBUG -fPIC -static -DNDEBUG --sysroot=/home/dev/tm/transmission/builder/toolchain_arm/sysroot -L/home/dev/tm/transmission/builder/toolchain_arm/sysroot/usr/lib -L/home/dev/tm/transmission/builder/toolchain_arm/lib -fPIC -pie -static conftest.c -lm  >&5
clang60: warning: argument unused during compilation: '-pie' [-Wunused-command-line-argument]
conftest.c:56:16: warning: this function declaration is not a prototype [-Wstrict-prototypes]
char getmntent ();
               ^
                void
1 warning generated.
configure:19175: $? = 0
configure:19192: result: none required
configure:19208: checking whether posix_fadvise is declared
configure:19208: /home/dev/tm/transmission/builder/toolchain_arm/bin/arm-linux-androideabi-clang -c --sysroot=/home/dev/tm/transmission/builder/toolchain_arm/sysroot -I/home/dev/tm/transmission/builder/toolchain_arm/sysroot/usr/include -I/home/dev/tm/transmission/builder/toolchain_arm/include -O3 -DNDEBUG -fPIC -static -std=gnu99 -ggdb3 -Wall -W -Wpointer-arith -Wformat-security -Wundef -Wcast-align -Wstrict-prototypes -Wmissing-declarations -Wmissing-format-attribute -Wredundant-decls -Wnested-externs -Wunused-parameter -Wwrite-strings -Winline -Wfloat-equal -Wextra -Winit-self --sysroot=/home/dev/tm/transmission/builder/toolchain_arm/sysroot -I/home/dev/tm/transmission/builder/toolchain_arm/sysroot/usr/include -I/home/dev/tm/transmission/builder/toolchain_arm/include -O3 -DNDEBUG -fPIC -static -DNDEBUG conftest.c >&5
configure:19208: $? = 0
configure:19208: result: yes
configure:19224: checking for posix_fadvise
configure:19224: /home/dev/tm/transmission/builder/toolchain_arm/bin/arm-linux-androideabi-clang -o conftest --sysroot=/home/dev/tm/transmission/builder/toolchain_arm/sysroot -I/home/dev/tm/transmission/builder/toolchain_arm/sysroot/usr/include -I/home/dev/tm/transmission/builder/toolchain_arm/include -O3 -DNDEBUG -fPIC -static -std=gnu99 -ggdb3 -Wall -W -Wpointer-arith -Wformat-security -Wundef -Wcast-align -Wstrict-prototypes -Wmissing-declarations -Wmissing-format-attribute -Wredundant-decls -Wnested-externs -Wunused-parameter -Wwrite-strings -Winline -Wfloat-equal -Wextra -Winit-self --sysroot=/home/dev/tm/transmission/builder/toolchain_arm/sysroot -I/home/dev/tm/transmission/builder/toolchain_arm/sysroot/usr/include -I/home/dev/tm/transmission/builder/toolchain_arm/include -O3 -DNDEBUG -fPIC -static -DNDEBUG --sysroot=/home/dev/tm/transmission/builder/toolchain_arm/sysroot -L/home/dev/tm/transmission/builder/toolchain_arm/sysroot/usr/lib -L/home/dev/tm/transmission/builder/toolchain_arm/lib -fPIC -pie -static conftest.c -lm  >&5
clang60: warning: argument unused during compilation: '-pie' [-Wunused-command-line-argument]
conftest.c:74:20: warning: this function declaration is not a prototype [-Wstrict-prototypes]
char posix_fadvise ();
                   ^
                    void
1 warning generated.
configure:19224: $? = 0
configure:19224: result: yes
configure:19246: checking sys/inotify.h usability
configure:19246: /home/dev/tm/transmission/builder/toolchain_arm/bin/arm-linux-androideabi-clang -c --sysroot=/home/dev/tm/transmission/builder/toolchain_arm/sysroot -I/home/dev/tm/transmission/builder/toolchain_arm/sysroot/usr/include -I/home/dev/tm/transmission/builder/toolchain_arm/include -O3 -DNDEBUG -fPIC -static -std=gnu99 -ggdb3 -Wall -W -Wpointer-arith -Wformat-security -Wundef -Wcast-align -Wstrict-prototypes -Wmissing-declarations -Wmissing-format-attribute -Wredundant-decls -Wnested-externs -Wunused-parameter -Wwrite-strings -Winline -Wfloat-equal -Wextra -Winit-self --sysroot=/home/dev/tm/transmission/builder/toolchain_arm/sysroot -I/home/dev/tm/transmission/builder/toolchain_arm/sysroot/usr/include -I/home/dev/tm/transmission/builder/toolchain_arm/include -O3 -DNDEBUG -fPIC -static -DNDEBUG conftest.c >&5
configure:19246: $? = 0
configure:19246: result: yes
configure:19246: checking sys/inotify.h presence
configure:19246: /home/dev/tm/transmission/builder/toolchain_arm/bin/arm-linux-androideabi-cpp --sysroot=/home/dev/tm/transmission/builder/toolchain_arm/sysroot -I/home/dev/tm/transmission/builder/toolchain_arm/sysroot/usr/include -I/home/dev/tm/transmission/builder/toolchain_arm/include -O3 -DNDEBUG -fPIC -static -DNDEBUG conftest.c
configure:19246: $? = 0
configure:19246: result: yes
configure:19246: checking for sys/inotify.h
configure:19246: result: yes
configure:19248: checking for inotify_init
configure:19248: /home/dev/tm/transmission/builder/toolchain_arm/bin/arm-linux-androideabi-clang -o conftest --sysroot=/home/dev/tm/transmission/builder/toolchain_arm/sysroot -I/home/dev/tm/transmission/builder/toolchain_arm/sysroot/usr/include -I/home/dev/tm/transmission/builder/toolchain_arm/include -O3 -DNDEBUG -fPIC -static -std=gnu99 -ggdb3 -Wall -W -Wpointer-arith -Wformat-security -Wundef -Wcast-align -Wstrict-prototypes -Wmissing-declarations -Wmissing-format-attribute -Wredundant-decls -Wnested-externs -Wunused-parameter -Wwrite-strings -Winline -Wfloat-equal -Wextra -Winit-self --sysroot=/home/dev/tm/transmission/builder/toolchain_arm/sysroot -I/home/dev/tm/transmission/builder/toolchain_arm/sysroot/usr/include -I/home/dev/tm/transmission/builder/toolchain_arm/include -O3 -DNDEBUG -fPIC -static -DNDEBUG --sysroot=/home/dev/tm/transmission/builder/toolchain_arm/sysroot -L/home/dev/tm/transmission/builder/toolchain_arm/sysroot/usr/lib -L/home/dev/tm/transmission/builder/toolchain_arm/lib -fPIC -pie -static conftest.c -lm  >&5
clang60: warning: argument unused during compilation: '-pie' [-Wunused-command-line-argument]
conftest.c:75:19: warning: this function declaration is not a prototype [-Wstrict-prototypes]
char inotify_init ();
                  ^
                   void
1 warning generated.
configure:19248: $? = 0
configure:19248: result: yes
configure:19280: checking sys/event.h usability
configure:19280: /home/dev/tm/transmission/builder/toolchain_arm/bin/arm-linux-androideabi-clang -c --sysroot=/home/dev/tm/transmission/builder/toolchain_arm/sysroot -I/home/dev/tm/transmission/builder/toolchain_arm/sysroot/usr/include -I/home/dev/tm/transmission/builder/toolchain_arm/include -O3 -DNDEBUG -fPIC -static -std=gnu99 -ggdb3 -Wall -W -Wpointer-arith -Wformat-security -Wundef -Wcast-align -Wstrict-prototypes -Wmissing-declarations -Wmissing-format-attribute -Wredundant-decls -Wnested-externs -Wunused-parameter -Wwrite-strings -Winline -Wfloat-equal -Wextra -Winit-self --sysroot=/home/dev/tm/transmission/builder/toolchain_arm/sysroot -I/home/dev/tm/transmission/builder/toolchain_arm/sysroot/usr/include -I/home/dev/tm/transmission/builder/toolchain_arm/include -O3 -DNDEBUG -fPIC -static -DNDEBUG conftest.c >&5
conftest.c:85:10: fatal error: 'sys/event.h' file not found
#include <sys/event.h>
         ^~~~~~~~~~~~~
1 error generated.
configure:19280: $? = 1
configure: failed program was:
| /* confdefs.h */
| #define PACKAGE_NAME "transmission"
| #define PACKAGE_TARNAME "transmission"
| #define PACKAGE_VERSION "2.94"
| #define PACKAGE_STRING "transmission 2.94"
| #define PACKAGE_BUGREPORT "https://github.com/transmission/transmission"
| #define PACKAGE_URL ""
| #define PACKAGE "transmission"
| #define VERSION "2.94"
| #define STDC_HEADERS 1
| #define HAVE_SYS_TYPES_H 1
| #define HAVE_SYS_STAT_H 1
| #define HAVE_STDLIB_H 1
| #define HAVE_STRING_H 1
| #define HAVE_MEMORY_H 1
| #define HAVE_STRINGS_H 1
| #define HAVE_INTTYPES_H 1
| #define HAVE_STDINT_H 1
| #define HAVE_UNISTD_H 1
| #define HAVE_DLFCN_H 1
| #define LT_OBJDIR ".libs/"
| #define STDC_HEADERS 1
| #define TIME_WITH_SYS_TIME 1
| #define HAVE_STDBOOL_H 1
| #define HAVE_XLOCALE_H 1
| #define HAVE_PREAD 1
| #define HAVE_PWRITE 1
| #define HAVE_STRLCPY 1
| #define HAVE_DAEMON 1
| #define HAVE_DIRNAME 1
| #define HAVE_BASENAME 1
| #define HAVE_STRCASECMP 1
| #define HAVE_LOCALTIME_R 1
| #define HAVE_FALLOCATE64 1
| #define HAVE_POSIX_FALLOCATE 1
| #define HAVE_MEMMEM 1
| #define HAVE_STRSEP 1
| #define HAVE_STRTOLD 1
| #define HAVE_SYSLOG 1
| #define HAVE_VALLOC 1
| #define HAVE_GETPAGESIZE 1
| #define HAVE_POSIX_MEMALIGN 1
| #define HAVE_STATVFS 1
| #define HAVE_MKDTEMP 1
| #define HAVE_USELOCALE 1
| #define HAVE_PTHREAD 1
| #define _FILE_OFFSET_BITS 64
| #define HAVE_GETMNTENT 1
| #define HAVE_DECL_POSIX_FADVISE 1
| #define HAVE_POSIX_FADVISE 1
| /* end confdefs.h.  */
| #include <stdio.h>
| #ifdef HAVE_SYS_TYPES_H
| # include <sys/types.h>
| #endif
| #ifdef HAVE_SYS_STAT_H
| # include <sys/stat.h>
| #endif
| #ifdef STDC_HEADERS
| # include <stdlib.h>
| # include <stddef.h>
| #else
| # ifdef HAVE_STDLIB_H
| #  include <stdlib.h>
| # endif
| #endif
| #ifdef HAVE_STRING_H
| # if !defined STDC_HEADERS && defined HAVE_MEMORY_H
| #  include <memory.h>
| # endif
| # include <string.h>
| #endif
| #ifdef HAVE_STRINGS_H
| # include <strings.h>
| #endif
| #ifdef HAVE_INTTYPES_H
| # include <inttypes.h>
| #endif
| #ifdef HAVE_STDINT_H
| # include <stdint.h>
| #endif
| #ifdef HAVE_UNISTD_H
| # include <unistd.h>
| #endif
| #include <sys/event.h>
configure:19280: result: no
configure:19280: checking sys/event.h presence
configure:19280: /home/dev/tm/transmission/builder/toolchain_arm/bin/arm-linux-androideabi-cpp --sysroot=/home/dev/tm/transmission/builder/toolchain_arm/sysroot -I/home/dev/tm/transmission/builder/toolchain_arm/sysroot/usr/include -I/home/dev/tm/transmission/builder/toolchain_arm/include -O3 -DNDEBUG -fPIC -static -DNDEBUG conftest.c
conftest.c:52:23: fatal error: sys/event.h: No such file or directory
 #include <sys/event.h>
                       ^
compilation terminated.
configure:19280: $? = 1
configure: failed program was:
| /* confdefs.h */
| #define PACKAGE_NAME "transmission"
| #define PACKAGE_TARNAME "transmission"
| #define PACKAGE_VERSION "2.94"
| #define PACKAGE_STRING "transmission 2.94"
| #define PACKAGE_BUGREPORT "https://github.com/transmission/transmission"
| #define PACKAGE_URL ""
| #define PACKAGE "transmission"
| #define VERSION "2.94"
| #define STDC_HEADERS 1
| #define HAVE_SYS_TYPES_H 1
| #define HAVE_SYS_STAT_H 1
| #define HAVE_STDLIB_H 1
| #define HAVE_STRING_H 1
| #define HAVE_MEMORY_H 1
| #define HAVE_STRINGS_H 1
| #define HAVE_INTTYPES_H 1
| #define HAVE_STDINT_H 1
| #define HAVE_UNISTD_H 1
| #define HAVE_DLFCN_H 1
| #define LT_OBJDIR ".libs/"
| #define STDC_HEADERS 1
| #define TIME_WITH_SYS_TIME 1
| #define HAVE_STDBOOL_H 1
| #define HAVE_XLOCALE_H 1
| #define HAVE_PREAD 1
| #define HAVE_PWRITE 1
| #define HAVE_STRLCPY 1
| #define HAVE_DAEMON 1
| #define HAVE_DIRNAME 1
| #define HAVE_BASENAME 1
| #define HAVE_STRCASECMP 1
| #define HAVE_LOCALTIME_R 1
| #define HAVE_FALLOCATE64 1
| #define HAVE_POSIX_FALLOCATE 1
| #define HAVE_MEMMEM 1
| #define HAVE_STRSEP 1
| #define HAVE_STRTOLD 1
| #define HAVE_SYSLOG 1
| #define HAVE_VALLOC 1
| #define HAVE_GETPAGESIZE 1
| #define HAVE_POSIX_MEMALIGN 1
| #define HAVE_STATVFS 1
| #define HAVE_MKDTEMP 1
| #define HAVE_USELOCALE 1
| #define HAVE_PTHREAD 1
| #define _FILE_OFFSET_BITS 64
| #define HAVE_GETMNTENT 1
| #define HAVE_DECL_POSIX_FADVISE 1
| #define HAVE_POSIX_FADVISE 1
| /* end confdefs.h.  */
| #include <sys/event.h>
configure:19280: result: no
configure:19280: checking for sys/event.h
configure:19280: result: no
configure:19309: checking sys/statvfs.h usability
configure:19309: /home/dev/tm/transmission/builder/toolchain_arm/bin/arm-linux-androideabi-clang -c --sysroot=/home/dev/tm/transmission/builder/toolchain_arm/sysroot -I/home/dev/tm/transmission/builder/toolchain_arm/sysroot/usr/include -I/home/dev/tm/transmission/builder/toolchain_arm/include -O3 -DNDEBUG -fPIC -static -std=gnu99 -ggdb3 -Wall -W -Wpointer-arith -Wformat-security -Wundef -Wcast-align -Wstrict-prototypes -Wmissing-declarations -Wmissing-format-attribute -Wredundant-decls -Wnested-externs -Wunused-parameter -Wwrite-strings -Winline -Wfloat-equal -Wextra -Winit-self --sysroot=/home/dev/tm/transmission/builder/toolchain_arm/sysroot -I/home/dev/tm/transmission/builder/toolchain_arm/sysroot/usr/include -I/home/dev/tm/transmission/builder/toolchain_arm/include -O3 -DNDEBUG -fPIC -static -DNDEBUG conftest.c >&5
configure:19309: $? = 0
configure:19309: result: yes
configure:19309: checking sys/statvfs.h presence
configure:19309: /home/dev/tm/transmission/builder/toolchain_arm/bin/arm-linux-androideabi-cpp --sysroot=/home/dev/tm/transmission/builder/toolchain_arm/sysroot -I/home/dev/tm/transmission/builder/toolchain_arm/sysroot/usr/include -I/home/dev/tm/transmission/builder/toolchain_arm/include -O3 -DNDEBUG -fPIC -static -DNDEBUG conftest.c
configure:19309: $? = 0
configure:19309: result: yes
configure:19309: checking for sys/statvfs.h
configure:19309: result: yes
configure:19309: checking xfs/xfs.h usability
configure:19309: /home/dev/tm/transmission/builder/toolchain_arm/bin/arm-linux-androideabi-clang -c --sysroot=/home/dev/tm/transmission/builder/toolchain_arm/sysroot -I/home/dev/tm/transmission/builder/toolchain_arm/sysroot/usr/include -I/home/dev/tm/transmission/builder/toolchain_arm/include -O3 -DNDEBUG -fPIC -static -std=gnu99 -ggdb3 -Wall -W -Wpointer-arith -Wformat-security -Wundef -Wcast-align -Wstrict-prototypes -Wmissing-declarations -Wmissing-format-attribute -Wredundant-decls -Wnested-externs -Wunused-parameter -Wwrite-strings -Winline -Wfloat-equal -Wextra -Winit-self --sysroot=/home/dev/tm/transmission/builder/toolchain_arm/sysroot -I/home/dev/tm/transmission/builder/toolchain_arm/sysroot/usr/include -I/home/dev/tm/transmission/builder/toolchain_arm/include -O3 -DNDEBUG -fPIC -static -DNDEBUG conftest.c >&5
conftest.c:86:10: fatal error: 'xfs/xfs.h' file not found
#include <xfs/xfs.h>
         ^~~~~~~~~~~
1 error generated.
configure:19309: $? = 1
configure: failed program was:
| /* confdefs.h */
| #define PACKAGE_NAME "transmission"
| #define PACKAGE_TARNAME "transmission"
| #define PACKAGE_VERSION "2.94"
| #define PACKAGE_STRING "transmission 2.94"
| #define PACKAGE_BUGREPORT "https://github.com/transmission/transmission"
| #define PACKAGE_URL ""
| #define PACKAGE "transmission"
| #define VERSION "2.94"
| #define STDC_HEADERS 1
| #define HAVE_SYS_TYPES_H 1
| #define HAVE_SYS_STAT_H 1
| #define HAVE_STDLIB_H 1
| #define HAVE_STRING_H 1
| #define HAVE_MEMORY_H 1
| #define HAVE_STRINGS_H 1
| #define HAVE_INTTYPES_H 1
| #define HAVE_STDINT_H 1
| #define HAVE_UNISTD_H 1
| #define HAVE_DLFCN_H 1
| #define LT_OBJDIR ".libs/"
| #define STDC_HEADERS 1
| #define TIME_WITH_SYS_TIME 1
| #define HAVE_STDBOOL_H 1
| #define HAVE_XLOCALE_H 1
| #define HAVE_PREAD 1
| #define HAVE_PWRITE 1
| #define HAVE_STRLCPY 1
| #define HAVE_DAEMON 1
| #define HAVE_DIRNAME 1
| #define HAVE_BASENAME 1
| #define HAVE_STRCASECMP 1
| #define HAVE_LOCALTIME_R 1
| #define HAVE_FALLOCATE64 1
| #define HAVE_POSIX_FALLOCATE 1
| #define HAVE_MEMMEM 1
| #define HAVE_STRSEP 1
| #define HAVE_STRTOLD 1
| #define HAVE_SYSLOG 1
| #define HAVE_VALLOC 1
| #define HAVE_GETPAGESIZE 1
| #define HAVE_POSIX_MEMALIGN 1
| #define HAVE_STATVFS 1
| #define HAVE_MKDTEMP 1
| #define HAVE_USELOCALE 1
| #define HAVE_PTHREAD 1
| #define _FILE_OFFSET_BITS 64
| #define HAVE_GETMNTENT 1
| #define HAVE_DECL_POSIX_FADVISE 1
| #define HAVE_POSIX_FADVISE 1
| #define HAVE_SYS_STATVFS_H 1
| /* end confdefs.h.  */
| #include <stdio.h>
| #ifdef HAVE_SYS_TYPES_H
| # include <sys/types.h>
| #endif
| #ifdef HAVE_SYS_STAT_H
| # include <sys/stat.h>
| #endif
| #ifdef STDC_HEADERS
| # include <stdlib.h>
| # include <stddef.h>
| #else
| # ifdef HAVE_STDLIB_H
| #  include <stdlib.h>
| # endif
| #endif
| #ifdef HAVE_STRING_H
| # if !defined STDC_HEADERS && defined HAVE_MEMORY_H
| #  include <memory.h>
| # endif
| # include <string.h>
| #endif
| #ifdef HAVE_STRINGS_H
| # include <strings.h>
| #endif
| #ifdef HAVE_INTTYPES_H
| # include <inttypes.h>
| #endif
| #ifdef HAVE_STDINT_H
| # include <stdint.h>
| #endif
| #ifdef HAVE_UNISTD_H
| # include <unistd.h>
| #endif
| #include <xfs/xfs.h>
configure:19309: result: no
configure:19309: checking xfs/xfs.h presence
configure:19309: /home/dev/tm/transmission/builder/toolchain_arm/bin/arm-linux-androideabi-cpp --sysroot=/home/dev/tm/transmission/builder/toolchain_arm/sysroot -I/home/dev/tm/transmission/builder/toolchain_arm/sysroot/usr/include -I/home/dev/tm/transmission/builder/toolchain_arm/include -O3 -DNDEBUG -fPIC -static -DNDEBUG conftest.c
conftest.c:53:21: fatal error: xfs/xfs.h: No such file or directory
 #include <xfs/xfs.h>
                     ^
compilation terminated.
configure:19309: $? = 1
configure: failed program was:
| /* confdefs.h */
| #define PACKAGE_NAME "transmission"
| #define PACKAGE_TARNAME "transmission"
| #define PACKAGE_VERSION "2.94"
| #define PACKAGE_STRING "transmission 2.94"
| #define PACKAGE_BUGREPORT "https://github.com/transmission/transmission"
| #define PACKAGE_URL ""
| #define PACKAGE "transmission"
| #define VERSION "2.94"
| #define STDC_HEADERS 1
| #define HAVE_SYS_TYPES_H 1
| #define HAVE_SYS_STAT_H 1
| #define HAVE_STDLIB_H 1
| #define HAVE_STRING_H 1
| #define HAVE_MEMORY_H 1
| #define HAVE_STRINGS_H 1
| #define HAVE_INTTYPES_H 1
| #define HAVE_STDINT_H 1
| #define HAVE_UNISTD_H 1
| #define HAVE_DLFCN_H 1
| #define LT_OBJDIR ".libs/"
| #define STDC_HEADERS 1
| #define TIME_WITH_SYS_TIME 1
| #define HAVE_STDBOOL_H 1
| #define HAVE_XLOCALE_H 1
| #define HAVE_PREAD 1
| #define HAVE_PWRITE 1
| #define HAVE_STRLCPY 1
| #define HAVE_DAEMON 1
| #define HAVE_DIRNAME 1
| #define HAVE_BASENAME 1
| #define HAVE_STRCASECMP 1
| #define HAVE_LOCALTIME_R 1
| #define HAVE_FALLOCATE64 1
| #define HAVE_POSIX_FALLOCATE 1
| #define HAVE_MEMMEM 1
| #define HAVE_STRSEP 1
| #define HAVE_STRTOLD 1
| #define HAVE_SYSLOG 1
| #define HAVE_VALLOC 1
| #define HAVE_GETPAGESIZE 1
| #define HAVE_POSIX_MEMALIGN 1
| #define HAVE_STATVFS 1
| #define HAVE_MKDTEMP 1
| #define HAVE_USELOCALE 1
| #define HAVE_PTHREAD 1
| #define _FILE_OFFSET_BITS 64
| #define HAVE_GETMNTENT 1
| #define HAVE_DECL_POSIX_FADVISE 1
| #define HAVE_POSIX_FADVISE 1
| #define HAVE_SYS_STATVFS_H 1
| /* end confdefs.h.  */
| #include <xfs/xfs.h>
configure:19309: result: no
configure:19309: checking for xfs/xfs.h
configure:19309: result: no
configure:19336: checking for SYSTEMD_DAEMON
configure:19344: $PKG_CONFIG --exists --print-errors "libsystemd-daemon"
Package libsystemd-daemon was not found in the pkg-config search path.
Perhaps you should add the directory containing `libsystemd-daemon.pc'
to the PKG_CONFIG_PATH environment variable
No package 'libsystemd-daemon' found
configure:19347: $? = 1
configure:19362: $PKG_CONFIG --exists --print-errors "libsystemd-daemon"
Package libsystemd-daemon was not found in the pkg-config search path.
Perhaps you should add the directory containing `libsystemd-daemon.pc'
to the PKG_CONFIG_PATH environment variable
No package 'libsystemd-daemon' found
configure:19365: $? = 1
No package 'libsystemd-daemon' found
configure:19393: result: no
configure:19484: checking for clock_gettime in -lrt
configure:19509: /home/dev/tm/transmission/builder/toolchain_arm/bin/arm-linux-androideabi-clang -o conftest --sysroot=/home/dev/tm/transmission/builder/toolchain_arm/sysroot -I/home/dev/tm/transmission/builder/toolchain_arm/sysroot/usr/include -I/home/dev/tm/transmission/builder/toolchain_arm/include -O3 -DNDEBUG -fPIC -static -std=gnu99 -ggdb3 -Wall -W -Wpointer-arith -Wformat-security -Wundef -Wcast-align -Wstrict-prototypes -Wmissing-declarations -Wmissing-format-attribute -Wredundant-decls -Wnested-externs -Wunused-parameter -Wwrite-strings -Winline -Wfloat-equal -Wextra -Winit-self --sysroot=/home/dev/tm/transmission/builder/toolchain_arm/sysroot -I/home/dev/tm/transmission/builder/toolchain_arm/sysroot/usr/include -I/home/dev/tm/transmission/builder/toolchain_arm/include -O3 -DNDEBUG -fPIC -static -DNDEBUG --sysroot=/home/dev/tm/transmission/builder/toolchain_arm/sysroot -L/home/dev/tm/transmission/builder/toolchain_arm/sysroot/usr/lib -L/home/dev/tm/transmission/builder/toolchain_arm/lib -fPIC -pie -static conftest.c -lrt  -lm  >&5
clang60: warning: argument unused during compilation: '-pie' [-Wunused-command-line-argument]
conftest.c:60:20: warning: this function declaration is not a prototype [-Wstrict-prototypes]
char clock_gettime ();
                   ^
                    void
1 warning generated.
/home/dev/tm/transmission/builder/toolchain_arm/bin/../lib/gcc/arm-linux-androideabi/4.9.x/../../../../arm-linux-androideabi/bin/ld: error: cannot find -lrt
clang60: error: linker command failed with exit code 1 (use -v to see invocation)
configure:19509: $? = 1
configure: failed program was:
| /* confdefs.h */
| #define PACKAGE_NAME "transmission"
| #define PACKAGE_TARNAME "transmission"
| #define PACKAGE_VERSION "2.94"
| #define PACKAGE_STRING "transmission 2.94"
| #define PACKAGE_BUGREPORT "https://github.com/transmission/transmission"
| #define PACKAGE_URL ""
| #define PACKAGE "transmission"
| #define VERSION "2.94"
| #define STDC_HEADERS 1
| #define HAVE_SYS_TYPES_H 1
| #define HAVE_SYS_STAT_H 1
| #define HAVE_STDLIB_H 1
| #define HAVE_STRING_H 1
| #define HAVE_MEMORY_H 1
| #define HAVE_STRINGS_H 1
| #define HAVE_INTTYPES_H 1
| #define HAVE_STDINT_H 1
| #define HAVE_UNISTD_H 1
| #define HAVE_DLFCN_H 1
| #define LT_OBJDIR ".libs/"
| #define STDC_HEADERS 1
| #define TIME_WITH_SYS_TIME 1
| #define HAVE_STDBOOL_H 1
| #define HAVE_XLOCALE_H 1
| #define HAVE_PREAD 1
| #define HAVE_PWRITE 1
| #define HAVE_STRLCPY 1
| #define HAVE_DAEMON 1
| #define HAVE_DIRNAME 1
| #define HAVE_BASENAME 1
| #define HAVE_STRCASECMP 1
| #define HAVE_LOCALTIME_R 1
| #define HAVE_FALLOCATE64 1
| #define HAVE_POSIX_FALLOCATE 1
| #define HAVE_MEMMEM 1
| #define HAVE_STRSEP 1
| #define HAVE_STRTOLD 1
| #define HAVE_SYSLOG 1
| #define HAVE_VALLOC 1
| #define HAVE_GETPAGESIZE 1
| #define HAVE_POSIX_MEMALIGN 1
| #define HAVE_STATVFS 1
| #define HAVE_MKDTEMP 1
| #define HAVE_USELOCALE 1
| #define HAVE_PTHREAD 1
| #define _FILE_OFFSET_BITS 64
| #define HAVE_GETMNTENT 1
| #define HAVE_DECL_POSIX_FADVISE 1
| #define HAVE_POSIX_FADVISE 1
| #define HAVE_SYS_STATVFS_H 1
| /* end confdefs.h.  */
| 
| /* Override any GCC internal prototype to avoid an error.
|    Use char because int might match the return type of a GCC
|    builtin and then its argument prototype would still apply.  */
| #ifdef __cplusplus
| extern "C"
| #endif
| char clock_gettime ();
| int
| main ()
| {
| return clock_gettime ();
|   ;
|   return 0;
| }
configure:19518: result: no
configure:19527: checking TP
configure:19544: /home/dev/tm/transmission/builder/toolchain_arm/bin/arm-linux-androideabi-clang -o conftest --sysroot=/home/dev/tm/transmission/builder/toolchain_arm/sysroot -I/home/dev/tm/transmission/builder/toolchain_arm/sysroot/usr/include -I/home/dev/tm/transmission/builder/toolchain_arm/include -O3 -DNDEBUG -fPIC -static -std=gnu99 -ggdb3 -Wall -W -Wpointer-arith -Wformat-security -Wundef -Wcast-align -Wstrict-prototypes -Wmissing-declarations -Wmissing-format-attribute -Wredundant-decls -Wnested-externs -Wunused-parameter -Wwrite-strings -Winline -Wfloat-equal -Wextra -Winit-self --sysroot=/home/dev/tm/transmission/builder/toolchain_arm/sysroot -I/home/dev/tm/transmission/builder/toolchain_arm/sysroot/usr/include -I/home/dev/tm/transmission/builder/toolchain_arm/include -O3 -DNDEBUG -fPIC -static -DNDEBUG --sysroot=/home/dev/tm/transmission/builder/toolchain_arm/sysroot -L/home/dev/tm/transmission/builder/toolchain_arm/sysroot/usr/lib -L/home/dev/tm/transmission/builder/toolchain_arm/lib -fPIC -pie -static conftest.c -lutp >&5
clang60: warning: argument unused during compilation: '-pie' [-Wunused-command-line-argument]
conftest.c:53:10: fatal error: 'libutp/utp.h' file not found
#include <libutp/utp.h>
         ^~~~~~~~~~~~~~
1 error generated.
configure:19544: $? = 1
configure: failed program was:
| /* confdefs.h */
| #define PACKAGE_NAME "transmission"
| #define PACKAGE_TARNAME "transmission"
| #define PACKAGE_VERSION "2.94"
| #define PACKAGE_STRING "transmission 2.94"
| #define PACKAGE_BUGREPORT "https://github.com/transmission/transmission"
| #define PACKAGE_URL ""
| #define PACKAGE "transmission"
| #define VERSION "2.94"
| #define STDC_HEADERS 1
| #define HAVE_SYS_TYPES_H 1
| #define HAVE_SYS_STAT_H 1
| #define HAVE_STDLIB_H 1
| #define HAVE_STRING_H 1
| #define HAVE_MEMORY_H 1
| #define HAVE_STRINGS_H 1
| #define HAVE_INTTYPES_H 1
| #define HAVE_STDINT_H 1
| #define HAVE_UNISTD_H 1
| #define HAVE_DLFCN_H 1
| #define LT_OBJDIR ".libs/"
| #define STDC_HEADERS 1
| #define TIME_WITH_SYS_TIME 1
| #define HAVE_STDBOOL_H 1
| #define HAVE_XLOCALE_H 1
| #define HAVE_PREAD 1
| #define HAVE_PWRITE 1
| #define HAVE_STRLCPY 1
| #define HAVE_DAEMON 1
| #define HAVE_DIRNAME 1
| #define HAVE_BASENAME 1
| #define HAVE_STRCASECMP 1
| #define HAVE_LOCALTIME_R 1
| #define HAVE_FALLOCATE64 1
| #define HAVE_POSIX_FALLOCATE 1
| #define HAVE_MEMMEM 1
| #define HAVE_STRSEP 1
| #define HAVE_STRTOLD 1
| #define HAVE_SYSLOG 1
| #define HAVE_VALLOC 1
| #define HAVE_GETPAGESIZE 1
| #define HAVE_POSIX_MEMALIGN 1
| #define HAVE_STATVFS 1
| #define HAVE_MKDTEMP 1
| #define HAVE_USELOCALE 1
| #define HAVE_PTHREAD 1
| #define _FILE_OFFSET_BITS 64
| #define HAVE_GETMNTENT 1
| #define HAVE_DECL_POSIX_FADVISE 1
| #define HAVE_POSIX_FADVISE 1
| #define HAVE_SYS_STATVFS_H 1
| /* end confdefs.h.  */
| #include <libutp/utp.h>
| int
| main ()
| {
| struct UTPFunctionTable func;
|   ;
|   return 0;
| }
configure:19601: result: yes
configure:19608: checking system miniupnpc library
configure:19622: /home/dev/tm/transmission/builder/toolchain_arm/bin/arm-linux-androideabi-clang -o conftest --sysroot=/home/dev/tm/transmission/builder/toolchain_arm/sysroot -I/home/dev/tm/transmission/builder/toolchain_arm/sysroot/usr/include -I/home/dev/tm/transmission/builder/toolchain_arm/include -O3 -DNDEBUG -fPIC -static -std=gnu99 -ggdb3 -Wall -W -Wpointer-arith -Wformat-security -Wundef -Wcast-align -Wstrict-prototypes -Wmissing-declarations -Wmissing-format-attribute -Wredundant-decls -Wnested-externs -Wunused-parameter -Wwrite-strings -Winline -Wfloat-equal -Wextra -Winit-self --sysroot=/home/dev/tm/transmission/builder/toolchain_arm/sysroot -I/home/dev/tm/transmission/builder/toolchain_arm/sysroot/usr/include -I/home/dev/tm/transmission/builder/toolchain_arm/include -O3 -DNDEBUG -fPIC -static -DNDEBUG --sysroot=/home/dev/tm/transmission/builder/toolchain_arm/sysroot -L/home/dev/tm/transmission/builder/toolchain_arm/sysroot/usr/lib -L/home/dev/tm/transmission/builder/toolchain_arm/lib -fPIC -pie -static conftest.c -lminiupnpc >&5
clang60: warning: argument unused during compilation: '-pie' [-Wunused-command-line-argument]
conftest.c:54:10: fatal error: 'miniupnpc/miniupnpc.h' file not found
#include <miniupnpc/miniupnpc.h>
         ^~~~~~~~~~~~~~~~~~~~~~~
1 error generated.
configure:19622: $? = 1
configure: failed program was:
| /* confdefs.h */
| #define PACKAGE_NAME "transmission"
| #define PACKAGE_TARNAME "transmission"
| #define PACKAGE_VERSION "2.94"
| #define PACKAGE_STRING "transmission 2.94"
| #define PACKAGE_BUGREPORT "https://github.com/transmission/transmission"
| #define PACKAGE_URL ""
| #define PACKAGE "transmission"
| #define VERSION "2.94"
| #define STDC_HEADERS 1
| #define HAVE_SYS_TYPES_H 1
| #define HAVE_SYS_STAT_H 1
| #define HAVE_STDLIB_H 1
| #define HAVE_STRING_H 1
| #define HAVE_MEMORY_H 1
| #define HAVE_STRINGS_H 1
| #define HAVE_INTTYPES_H 1
| #define HAVE_STDINT_H 1
| #define HAVE_UNISTD_H 1
| #define HAVE_DLFCN_H 1
| #define LT_OBJDIR ".libs/"
| #define STDC_HEADERS 1
| #define TIME_WITH_SYS_TIME 1
| #define HAVE_STDBOOL_H 1
| #define HAVE_XLOCALE_H 1
| #define HAVE_PREAD 1
| #define HAVE_PWRITE 1
| #define HAVE_STRLCPY 1
| #define HAVE_DAEMON 1
| #define HAVE_DIRNAME 1
| #define HAVE_BASENAME 1
| #define HAVE_STRCASECMP 1
| #define HAVE_LOCALTIME_R 1
| #define HAVE_FALLOCATE64 1
| #define HAVE_POSIX_FALLOCATE 1
| #define HAVE_MEMMEM 1
| #define HAVE_STRSEP 1
| #define HAVE_STRTOLD 1
| #define HAVE_SYSLOG 1
| #define HAVE_VALLOC 1
| #define HAVE_GETPAGESIZE 1
| #define HAVE_POSIX_MEMALIGN 1
| #define HAVE_STATVFS 1
| #define HAVE_MKDTEMP 1
| #define HAVE_USELOCALE 1
| #define HAVE_PTHREAD 1
| #define _FILE_OFFSET_BITS 64
| #define HAVE_GETMNTENT 1
| #define HAVE_DECL_POSIX_FADVISE 1
| #define HAVE_POSIX_FADVISE 1
| #define HAVE_SYS_STATVFS_H 1
| #define WITH_UTP 1
| /* end confdefs.h.  */
| #include <miniupnpc/miniupnpc.h>
| int
| main ()
| {
| struct UPNPDev dev;
|   ;
|   return 0;
| }
configure:19735: result: none
configure:19807: $PKG_CONFIG --exists --print-errors "gtk+-3.0 >= $GTK_MINIMUM
                  glib-2.0 >= $GLIB_MINIMUM
                  gio-2.0 >= $GIO_MINIMUM,
                  gmodule-2.0 >= $GLIB_MINIMUM
                  gthread-2.0 >= $GLIB_MINIMUM"
Package gtk+-3.0 was not found in the pkg-config search path.
Perhaps you should add the directory containing `gtk+-3.0.pc'
to the PKG_CONFIG_PATH environment variable
No package 'gtk+-3.0' found
Package glib-2.0 was not found in the pkg-config search path.
Perhaps you should add the directory containing `glib-2.0.pc'
to the PKG_CONFIG_PATH environment variable
No package 'glib-2.0' found
Package gio-2.0 was not found in the pkg-config search path.
Perhaps you should add the directory containing `gio-2.0.pc'
to the PKG_CONFIG_PATH environment variable
No package 'gio-2.0' found
Package gmodule-2.0 was not found in the pkg-config search path.
Perhaps you should add the directory containing `gmodule-2.0.pc'
to the PKG_CONFIG_PATH environment variable
No package 'gmodule-2.0' found
Package gthread-2.0 was not found in the pkg-config search path.
Perhaps you should add the directory containing `gthread-2.0.pc'
to the PKG_CONFIG_PATH environment variable
No package 'gthread-2.0' found
configure:19814: $? = 1
configure:21650: checking that generated files are newer than configure
configure:21656: result: done
configure:21763: creating ./config.status

## ---------------------- ##
## Running config.status. ##
## ---------------------- ##

This file was extended by transmission config.status 2.94, which was
generated by GNU Autoconf 2.69.  Invocation command line was

  CONFIG_FILES    = 
  CONFIG_HEADERS  = 
  CONFIG_LINKS    = 
  CONFIG_COMMANDS = 
  $ ./config.status 

on ubuntu

config.status:1251: creating Makefile
config.status:1251: creating transmission-gtk.spec
config.status:1251: creating cli/Makefile
config.status:1251: creating daemon/Makefile
config.status:1251: creating extras/Makefile
config.status:1251: creating libtransmission/Makefile
config.status:1251: creating utils/Makefile
config.status:1251: creating third-party/Makefile
config.status:1251: creating third-party/dht/Makefile
config.status:1251: creating third-party/libb64/Makefile
config.status:1251: creating third-party/libutp/Makefile
config.status:1251: creating third-party/libnatpmp/Makefile
config.status:1251: creating third-party/miniupnp/Makefile
config.status:1251: creating macosx/Makefile
config.status:1251: creating gtk/Makefile
config.status:1251: creating gtk/icons/Makefile
config.status:1251: creating qt/config.pri
config.status:1251: creating web/Makefile
config.status:1251: creating web/images/Makefile
config.status:1251: creating web/style/Makefile
config.status:1251: creating web/style/jqueryui/Makefile
config.status:1251: creating web/style/jqueryui/images/Makefile
config.status:1251: creating web/style/transmission/Makefile
config.status:1251: creating web/style/transmission/images/Makefile
config.status:1251: creating web/style/transmission/images/buttons/Makefile
config.status:1251: creating web/javascript/Makefile
config.status:1251: creating web/javascript/jquery/Makefile
config.status:1251: creating po/Makefile.in
config.status:1423: executing depfiles commands
config.status:1423: executing libtool commands
config.status:1423: executing po/stamp-it commands
configure:24032: WARNING: unrecognized options: --disable-libnotify, --disable-wx, --disable-beos, --enable-inotify, --with-zlib

## ---------------- ##
## Cache variables. ##
## ---------------- ##

ac_cv_build=x86_64-pc-linux-gnu
ac_cv_c_compiler_gnu=yes
ac_cv_c_inline=inline
ac_cv_cxx_compiler_gnu=yes
ac_cv_env_CCC_set=
ac_cv_env_CCC_value=
ac_cv_env_CC_set=set
ac_cv_env_CC_value=/home/dev/tm/transmission/builder/toolchain_arm/bin/arm-linux-androideabi-clang
ac_cv_env_CFLAGS_set=set
ac_cv_env_CFLAGS_value='--sysroot=/home/dev/tm/transmission/builder/toolchain_arm/sysroot -I/home/dev/tm/transmission/builder/toolchain_arm/sysroot/usr/include -I/home/dev/tm/transmission/builder/toolchain_arm/include -O3 -DNDEBUG -fPIC -static'
ac_cv_env_CPPFLAGS_set=set
ac_cv_env_CPPFLAGS_value='--sysroot=/home/dev/tm/transmission/builder/toolchain_arm/sysroot -I/home/dev/tm/transmission/builder/toolchain_arm/sysroot/usr/include -I/home/dev/tm/transmission/builder/toolchain_arm/include -O3 -DNDEBUG -fPIC -static'
ac_cv_env_CPP_set=set
ac_cv_env_CPP_value=/home/dev/tm/transmission/builder/toolchain_arm/bin/arm-linux-androideabi-cpp
ac_cv_env_CXXCPP_set=
ac_cv_env_CXXCPP_value=
ac_cv_env_CXXFLAGS_set=set
ac_cv_env_CXXFLAGS_value='--sysroot=/home/dev/tm/transmission/builder/toolchain_arm/sysroot -I/home/dev/tm/transmission/builder/toolchain_arm/sysroot/usr/include -I/home/dev/tm/transmission/builder/toolchain_arm/include -O3 -DNDEBUG -fPIC -static'
ac_cv_env_CXX_set=set
ac_cv_env_CXX_value=/home/dev/tm/transmission/builder/toolchain_arm/bin/arm-linux-androideabi-clang++
ac_cv_env_CYASSL_CFLAGS_set=
ac_cv_env_CYASSL_CFLAGS_value=
ac_cv_env_CYASSL_LIBS_set=
ac_cv_env_CYASSL_LIBS_value=
ac_cv_env_GTK_CFLAGS_set=
ac_cv_env_GTK_CFLAGS_value=
ac_cv_env_GTK_LIBS_set=
ac_cv_env_GTK_LIBS_value=
ac_cv_env_LDFLAGS_set=set
ac_cv_env_LDFLAGS_value='--sysroot=/home/dev/tm/transmission/builder/toolchain_arm/sysroot -L/home/dev/tm/transmission/builder/toolchain_arm/sysroot/usr/lib -L/home/dev/tm/transmission/builder/toolchain_arm/lib -fPIC -pie -static'
ac_cv_env_LIBAPPINDICATOR_CFLAGS_set=
ac_cv_env_LIBAPPINDICATOR_CFLAGS_value=
ac_cv_env_LIBAPPINDICATOR_LIBS_set=
ac_cv_env_LIBAPPINDICATOR_LIBS_value=
ac_cv_env_LIBCURL_CFLAGS_set=
ac_cv_env_LIBCURL_CFLAGS_value=
ac_cv_env_LIBCURL_LIBS_set=
ac_cv_env_LIBCURL_LIBS_value=
ac_cv_env_LIBEVENT_CFLAGS_set=
ac_cv_env_LIBEVENT_CFLAGS_value=
ac_cv_env_LIBEVENT_LIBS_set=
ac_cv_env_LIBEVENT_LIBS_value=
ac_cv_env_LIBS_set=
ac_cv_env_LIBS_value=
ac_cv_env_LT_SYS_LIBRARY_PATH_set=
ac_cv_env_LT_SYS_LIBRARY_PATH_value=
ac_cv_env_MBEDTLS_CFLAGS_set=
ac_cv_env_MBEDTLS_CFLAGS_value=
ac_cv_env_MBEDTLS_LIBS_set=
ac_cv_env_MBEDTLS_LIBS_value=
ac_cv_env_OPENSSL_CFLAGS_set=
ac_cv_env_OPENSSL_CFLAGS_value=
ac_cv_env_OPENSSL_LIBS_set=
ac_cv_env_OPENSSL_LIBS_value=
ac_cv_env_PKG_CONFIG_set=set
ac_cv_env_PKG_CONFIG_value=/usr/bin/pkg-config
ac_cv_env_SYSTEMD_DAEMON_CFLAGS_set=
ac_cv_env_SYSTEMD_DAEMON_CFLAGS_value=
ac_cv_env_SYSTEMD_DAEMON_LIBS_set=
ac_cv_env_SYSTEMD_DAEMON_LIBS_value=
ac_cv_env_WOLFSSL_CFLAGS_set=
ac_cv_env_WOLFSSL_CFLAGS_value=
ac_cv_env_WOLFSSL_LIBS_set=
ac_cv_env_WOLFSSL_LIBS_value=
ac_cv_env_ZLIB_CFLAGS_set=
ac_cv_env_ZLIB_CFLAGS_value=
ac_cv_env_ZLIB_LIBS_set=
ac_cv_env_ZLIB_LIBS_value=
ac_cv_env_build_alias_set=
ac_cv_env_build_alias_value=
ac_cv_env_host_alias_set=set
ac_cv_env_host_alias_value=arm-linux-androideabi
ac_cv_env_target_alias_set=
ac_cv_env_target_alias_value=
ac_cv_func__configthreadlocale=no
ac_cv_func_basename=yes
ac_cv_func_canonicalize_file_name=no
ac_cv_func_daemon=yes
ac_cv_func_dirname=yes
ac_cv_func_fallocate64=yes
ac_cv_func_getmntent=yes
ac_cv_func_getpagesize=yes
ac_cv_func_htonll=no
ac_cv_func_inotify_init=yes
ac_cv_func_localtime_r=yes
ac_cv_func_lrintf=no
ac_cv_func_memmem=yes
ac_cv_func_mkdtemp=yes
ac_cv_func_ntohll=no
ac_cv_func_posix_fadvise=yes
ac_cv_func_posix_fallocate=yes
ac_cv_func_posix_memalign=yes
ac_cv_func_pread=yes
ac_cv_func_pwrite=yes
ac_cv_func_statvfs=yes
ac_cv_func_strcasecmp=yes
ac_cv_func_strlcpy=yes
ac_cv_func_strsep=yes
ac_cv_func_strtold=yes
ac_cv_func_syslog=yes
ac_cv_func_uselocale=yes
ac_cv_func_valloc=yes
ac_cv_have_decl_posix_fadvise=yes
ac_cv_header_dlfcn_h=yes
ac_cv_header_inttypes_h=yes
ac_cv_header_memory_h=yes
ac_cv_header_stdbool_h=yes
ac_cv_header_stdc=yes
ac_cv_header_stdint_h=yes
ac_cv_header_stdlib_h=yes
ac_cv_header_string_h=yes
ac_cv_header_strings_h=yes
ac_cv_header_sys_event_h=no
ac_cv_header_sys_inotify_h=yes
ac_cv_header_sys_stat_h=yes
ac_cv_header_sys_statvfs_h=yes
ac_cv_header_sys_types_h=yes
ac_cv_header_time=yes
ac_cv_header_unistd_h=yes
ac_cv_header_xfs_xfs_h=no
ac_cv_header_xlocale_h=yes
ac_cv_host=arm-unknown-linux-androideabi
ac_cv_lib_m_cos=yes
ac_cv_lib_rt_clock_gettime=no
ac_cv_objext=o
ac_cv_path_EGREP='/bin/grep -E'
ac_cv_path_FGREP='/bin/grep -F'
ac_cv_path_GREP=/bin/grep
ac_cv_path_SED=/bin/sed
ac_cv_path_install='/usr/bin/install -c'
ac_cv_path_lt_DD=/bin/dd
ac_cv_path_mkdir=/bin/mkdir
ac_cv_prog_AR=/home/dev/tm/transmission/builder/toolchain_arm/bin/arm-linux-androideabi-ar
ac_cv_prog_AWK=gawk
ac_cv_prog_CC=/home/dev/tm/transmission/builder/toolchain_arm/bin/arm-linux-androideabi-clang
ac_cv_prog_CPP=/home/dev/tm/transmission/builder/toolchain_arm/bin/arm-linux-androideabi-cpp
ac_cv_prog_CXXCPP='/home/dev/tm/transmission/builder/toolchain_arm/bin/arm-linux-androideabi-clang++ -E'
ac_cv_prog_RANLIB=/home/dev/tm/transmission/builder/toolchain_arm/bin/arm-linux-androideabi-ranlib
ac_cv_prog_STRIP=strip
ac_cv_prog_ac_ct_MANIFEST_TOOL=mt
ac_cv_prog_ac_ct_OBJDUMP=objdump
ac_cv_prog_ac_ct_STRIP=strip
ac_cv_prog_cc_c89=
ac_cv_prog_cc_g=yes
ac_cv_prog_cxx_g=yes
ac_cv_prog_make_make_set=yes
ac_cv_search_cos=-lm
ac_cv_search_gethostbyname='none required'
ac_cv_search_getmntent='none required'
ac_cv_search_quotacursor_skipidtype=no
ac_cv_search_socket='none required'
ac_cv_sys_file_offset_bits=64
ac_cv_sys_largefile_CC=no
am_cv_CC_dependencies_compiler_type=gcc3
am_cv_CXX_dependencies_compiler_type=gcc3
am_cv_make_support_nested_variables=yes
am_cv_prog_cc_c_o=yes
am_cv_prog_tar_pax=gnutar
lt_cv_ar_at_file=@
lt_cv_archive_cmds_need_lc=no
lt_cv_deplibs_check_method=pass_all
lt_cv_file_magic_cmd='$MAGIC_CMD'
lt_cv_file_magic_test_file=
lt_cv_ld_reload_flag=-r
lt_cv_nm_interface='BSD nm'
lt_cv_objdir=.libs
lt_cv_path_LD=/home/dev/tm/transmission/builder/toolchain_arm/bin/arm-linux-androideabi-ld.gold
lt_cv_path_LDCXX=/home/dev/tm/transmission/builder/toolchain_arm/bin/arm-linux-androideabi-ld.gold
lt_cv_path_NM=/home/dev/tm/transmission/builder/toolchain_arm/bin/arm-linux-androideabi-nm
lt_cv_path_mainfest_tool=no
lt_cv_prog_compiler_c_o=yes
lt_cv_prog_compiler_c_o_CXX=yes
lt_cv_prog_compiler_pic='-fPIC -DPIC'
lt_cv_prog_compiler_pic_CXX='-fPIC -DPIC'
lt_cv_prog_compiler_pic_works=yes
lt_cv_prog_compiler_pic_works_CXX=yes
lt_cv_prog_compiler_rtti_exceptions=yes
lt_cv_prog_compiler_static_works=yes
lt_cv_prog_compiler_static_works_CXX=yes
lt_cv_prog_gnu_ld=yes
lt_cv_prog_gnu_ldcxx=yes
lt_cv_sharedlib_from_linklib_cmd='printf %s\n'
lt_cv_sys_global_symbol_pipe='sed -n -e '\''s/^.*[	 ]\([ABCDGIRSTW][ABCDGIRSTW]*\)[	 ][	 ]*\([_A-Za-z][_A-Za-z0-9]*\)$/\1 \2 \2/p'\'' | sed '\''/ __gnu_lto/d'\'''
lt_cv_sys_global_symbol_to_c_name_address='sed -n -e '\''s/^: \(.*\) .*$/  {"\1", (void *) 0},/p'\'' -e '\''s/^[ABCDGIRSTW][ABCDGIRSTW]* .* \(.*\)$/  {"\1", (void *) \&\1},/p'\'''
lt_cv_sys_global_symbol_to_c_name_address_lib_prefix='sed -n -e '\''s/^: \(.*\) .*$/  {"\1", (void *) 0},/p'\'' -e '\''s/^[ABCDGIRSTW][ABCDGIRSTW]* .* \(lib.*\)$/  {"\1", (void *) \&\1},/p'\'' -e '\''s/^[ABCDGIRSTW][ABCDGIRSTW]* .* \(.*\)$/  {"lib\1", (void *) \&\1},/p'\'''
lt_cv_sys_global_symbol_to_cdecl='sed -n -e '\''s/^T .* \(.*\)$/extern int \1();/p'\'' -e '\''s/^[ABCDGIRSTW][ABCDGIRSTW]* .* \(.*\)$/extern char \1;/p'\'''
lt_cv_sys_global_symbol_to_import=
lt_cv_sys_max_cmd_len=1572864
lt_cv_to_host_file_cmd=func_convert_file_noop
lt_cv_to_tool_file_cmd=func_convert_file_noop
lt_cv_truncate_bin='/bin/dd bs=4096 count=1'
pkg_cv_LIBCURL_CFLAGS=-I/home/dev/tm/transmission/builder/toolchain_arm/sysroot/usr/include
pkg_cv_LIBCURL_LIBS='-L/home/dev/tm/transmission/builder/toolchain_arm/sysroot/usr/lib -lcurl'
pkg_cv_LIBEVENT_CFLAGS=-I/home/dev/tm/transmission/builder/toolchain_arm/sysroot/usr/include
pkg_cv_LIBEVENT_LIBS='-L/home/dev/tm/transmission/builder/toolchain_arm/sysroot/usr/lib -levent'
pkg_cv_OPENSSL_CFLAGS=-I/home/dev/tm/transmission/builder/toolchain_arm/sysroot/usr/include
pkg_cv_OPENSSL_LIBS='-L/home/dev/tm/transmission/builder/toolchain_arm/sysroot/usr/lib -lssl -lcrypto'
pkg_cv_ZLIB_CFLAGS=-I/home/dev/tm/transmission/builder/toolchain_arm/sysroot/usr/include
pkg_cv_ZLIB_LIBS='-L/home/dev/tm/transmission/builder/toolchain_arm/sysroot/usr/lib -lz'

## ----------------- ##
## Output variables. ##
## ----------------- ##

ACLOCAL='${SHELL} /home/dev/tm/transmission/missing aclocal-1.15'
ALL_LINGUAS=''
AMDEPBACKSLASH='\'
AMDEP_FALSE='#'
AMDEP_TRUE=''
AMTAR='$${TAR-tar}'
AM_BACKSLASH='\'
AM_DEFAULT_V='$(AM_DEFAULT_VERBOSITY)'
AM_DEFAULT_VERBOSITY='0'
AM_V='$(V)'
AR='/home/dev/tm/transmission/builder/toolchain_arm/bin/arm-linux-androideabi-ar'
AUTOCONF='${SHELL} /home/dev/tm/transmission/missing autoconf'
AUTOHEADER='${SHELL} /home/dev/tm/transmission/missing autoheader'
AUTOMAKE='${SHELL} /home/dev/tm/transmission/missing automake-1.15'
AWK='gawk'
BUILD_B64_FALSE='#'
BUILD_B64_TRUE=''
BUILD_CLI_FALSE='#'
BUILD_CLI_TRUE=''
BUILD_DAEMON_FALSE='#'
BUILD_DAEMON_TRUE=''
BUILD_DHT_FALSE='#'
BUILD_DHT_TRUE=''
BUILD_GTK_FALSE=''
BUILD_GTK_TRUE='#'
BUILD_MAC_FALSE=''
BUILD_MAC_TRUE='#'
BUILD_MINIUPNP_FALSE='#'
BUILD_MINIUPNP_TRUE=''
BUILD_NATPMP_FALSE='#'
BUILD_NATPMP_TRUE=''
BUILD_UTP_FALSE='#'
BUILD_UTP_TRUE=''
CATALOGS=''
CATOBJEXT=''
CC='/home/dev/tm/transmission/builder/toolchain_arm/bin/arm-linux-androideabi-clang'
CCDEPMODE='depmode=gcc3'
CFLAGS='--sysroot=/home/dev/tm/transmission/builder/toolchain_arm/sysroot -I/home/dev/tm/transmission/builder/toolchain_arm/sysroot/usr/include -I/home/dev/tm/transmission/builder/toolchain_arm/include -O3 -DNDEBUG -fPIC -static -std=gnu99 -ggdb3 -Wall -W -Wpointer-arith -Wformat-security -Wundef -Wcast-align -Wstrict-prototypes -Wmissing-declarations -Wmissing-format-attribute -Wredundant-decls -Wnested-externs -Wunused-parameter -Wwrite-strings -Winline -Wfloat-equal -Wextra -Winit-self'
CPP='/home/dev/tm/transmission/builder/toolchain_arm/bin/arm-linux-androideabi-cpp'
CPPFLAGS='--sysroot=/home/dev/tm/transmission/builder/toolchain_arm/sysroot -I/home/dev/tm/transmission/builder/toolchain_arm/sysroot/usr/include -I/home/dev/tm/transmission/builder/toolchain_arm/include -O3 -DNDEBUG -fPIC -static -DNDEBUG'
CRYPTO_CFLAGS='-I/home/dev/tm/transmission/builder/toolchain_arm/sysroot/usr/include'
CRYPTO_LIBS='-L/home/dev/tm/transmission/builder/toolchain_arm/sysroot/usr/lib -lssl -lcrypto'
CRYPTO_PKG='openssl'
CRYPTO_USE_CYASSL_FALSE=''
CRYPTO_USE_CYASSL_TRUE='#'
CRYPTO_USE_OPENSSL_FALSE='#'
CRYPTO_USE_OPENSSL_TRUE=''
CRYPTO_USE_POLARSSL_FALSE=''
CRYPTO_USE_POLARSSL_TRUE='#'
CURL_MINIMUM='7.15.4'
CXX='/home/dev/tm/transmission/builder/toolchain_arm/bin/arm-linux-androideabi-clang++'
CXXCPP='/home/dev/tm/transmission/builder/toolchain_arm/bin/arm-linux-androideabi-clang++ -E'
CXXDEPMODE='depmode=gcc3'
CXXFLAGS='--sysroot=/home/dev/tm/transmission/builder/toolchain_arm/sysroot -I/home/dev/tm/transmission/builder/toolchain_arm/sysroot/usr/include -I/home/dev/tm/transmission/builder/toolchain_arm/include -O3 -DNDEBUG -fPIC -static'
CYASSL_CFLAGS=''
CYASSL_LIBS=''
CYASSL_MINIMUM='3.0'
CYGPATH_W='echo'
DATADIRNAME=''
DEFS='-DPACKAGE_NAME=\"transmission\" -DPACKAGE_TARNAME=\"transmission\" -DPACKAGE_VERSION=\"2.94\" -DPACKAGE_STRING=\"transmission\ 2.94\" -DPACKAGE_BUGREPORT=\"https://github.com/transmission/transmission\" -DPACKAGE_URL=\"\" -DPACKAGE=\"transmission\" -DVERSION=\"2.94\" -DSTDC_HEADERS=1 -DHAVE_SYS_TYPES_H=1 -DHAVE_SYS_STAT_H=1 -DHAVE_STDLIB_H=1 -DHAVE_STRING_H=1 -DHAVE_MEMORY_H=1 -DHAVE_STRINGS_H=1 -DHAVE_INTTYPES_H=1 -DHAVE_STDINT_H=1 -DHAVE_UNISTD_H=1 -DHAVE_DLFCN_H=1 -DLT_OBJDIR=\".libs/\" -DSTDC_HEADERS=1 -DTIME_WITH_SYS_TIME=1 -DHAVE_STDBOOL_H=1 -DHAVE_XLOCALE_H=1 -DHAVE_PREAD=1 -DHAVE_PWRITE=1 -DHAVE_STRLCPY=1 -DHAVE_DAEMON=1 -DHAVE_DIRNAME=1 -DHAVE_BASENAME=1 -DHAVE_STRCASECMP=1 -DHAVE_LOCALTIME_R=1 -DHAVE_FALLOCATE64=1 -DHAVE_POSIX_FALLOCATE=1 -DHAVE_MEMMEM=1 -DHAVE_STRSEP=1 -DHAVE_STRTOLD=1 -DHAVE_SYSLOG=1 -DHAVE_VALLOC=1 -DHAVE_GETPAGESIZE=1 -DHAVE_POSIX_MEMALIGN=1 -DHAVE_STATVFS=1 -DHAVE_MKDTEMP=1 -DHAVE_USELOCALE=1 -DHAVE_PTHREAD=1 -D_FILE_OFFSET_BITS=64 -DHAVE_GETMNTENT=1 -DHAVE_DECL_POSIX_FADVISE=1 -DHAVE_POSIX_FADVISE=1 -DHAVE_SYS_STATVFS_H=1 -DWITH_UTP=1 -DTR_LIGHTWEIGHT=1'
DEPDIR='.deps'
DHT_CFLAGS='-I$(top_srcdir)/third-party/dht'
DHT_LIBS='$(top_builddir)/third-party/dht/libdht.a'
DHT_LIBS_QT='$${TRANSMISSION_TOP}/third-party/dht/libdht.a'
DLLTOOL='false'
DSYMUTIL=''
DUMPBIN=''
ECHO_C=''
ECHO_N='-n'
ECHO_T=''
EGREP='/bin/grep -E'
EXEEXT=''
FGREP='/bin/grep -F'
GETTEXT_PACKAGE=''
GIO_MINIMUM='2.26.0'
GLIB_MINIMUM='2.32.0'
GMOFILES=''
GMSGFMT=''
GREP='/bin/grep'
GTK_CFLAGS=''
GTK_LIBS=''
GTK_MINIMUM='3.4.0'
HAVE_REVISION_FILE_FALSE='#'
HAVE_REVISION_FILE_TRUE=''
INSTALL_DATA='${INSTALL} -m 644'
INSTALL_PROGRAM='${INSTALL}'
INSTALL_SCRIPT='${INSTALL}'
INSTALL_STRIP_PROGRAM='$(install_sh) -c -s'
INSTOBJEXT=''
INTLLIBS=''
INTLTOOL_CAVES_RULE=''
INTLTOOL_DESKTOP_RULE=''
INTLTOOL_DIRECTORY_RULE=''
INTLTOOL_EXTRACT=''
INTLTOOL_KBD_RULE=''
INTLTOOL_KEYS_RULE=''
INTLTOOL_MERGE=''
INTLTOOL_OAF_RULE=''
INTLTOOL_PERL=''
INTLTOOL_POLICY_RULE=''
INTLTOOL_PONG_RULE=''
INTLTOOL_PROP_RULE=''
INTLTOOL_SCHEMAS_RULE=''
INTLTOOL_SERVER_RULE=''
INTLTOOL_SERVICE_RULE=''
INTLTOOL_SHEET_RULE=''
INTLTOOL_SOUNDLIST_RULE=''
INTLTOOL_THEME_RULE=''
INTLTOOL_UI_RULE=''
INTLTOOL_UPDATE=''
INTLTOOL_V_MERGE=''
INTLTOOL_V_MERGE_OPTIONS=''
INTLTOOL_XAM_RULE=''
INTLTOOL_XML_NOMERGE_RULE=''
INTLTOOL_XML_RULE=''
INTLTOOL__v_MERGE_0=''
INTLTOOL__v_MERGE_=''
LD='/home/dev/tm/transmission/builder/toolchain_arm/bin/arm-linux-androideabi-ld.gold'
LDFLAGS='--sysroot=/home/dev/tm/transmission/builder/toolchain_arm/sysroot -L/home/dev/tm/transmission/builder/toolchain_arm/sysroot/usr/lib -L/home/dev/tm/transmission/builder/toolchain_arm/lib -fPIC -pie -static'
LIBAPPINDICATOR_CFLAGS=''
LIBAPPINDICATOR_LIBS=''
LIBAPPINDICATOR_MINIMUM='0.4.90'
LIBB64_CFLAGS='-I$(top_srcdir)/third-party/libb64'
LIBB64_LIBS='$(top_builddir)/third-party/libb64/libb64.a'
LIBB64_LIBS_QT='$${TRANSMISSION_TOP}/third-party/libb64/libb64.a'
LIBCURL_CFLAGS='-I/home/dev/tm/transmission/builder/toolchain_arm/sysroot/usr/include'
LIBCURL_LIBS='-L/home/dev/tm/transmission/builder/toolchain_arm/sysroot/usr/lib -lcurl'
LIBEVENT_CFLAGS='-I/home/dev/tm/transmission/builder/toolchain_arm/sysroot/usr/include'
LIBEVENT_LIBS='-L/home/dev/tm/transmission/builder/toolchain_arm/sysroot/usr/lib -levent'
LIBEVENT_MINIMUM='2.0.10'
LIBM='-lm'
LIBNATPMP_CFLAGS='-I$(top_srcdir)/third-party/libnatpmp/'
LIBNATPMP_LIBS='$(top_builddir)/third-party/libnatpmp/libnatpmp.a'
LIBNATPMP_LIBS_QT='$${TRANSMISSION_TOP}/third-party/libnatpmp/libnatpmp.a'
LIBOBJS=''
LIBS='-lm '
LIBTOOL='$(SHELL) $(top_builddir)/libtool'
LIBUPNP_CFLAGS='-I$(top_srcdir)/third-party/'
LIBUPNP_LIBS='$(top_builddir)/third-party/miniupnp/libminiupnp.a'
LIBUPNP_LIBS_QT='$${TRANSMISSION_TOP}/third-party/miniupnp/libminiupnp.a'
LIBUTP_CFLAGS='-I$(top_srcdir)/third-party/'
LIBUTP_LIBS='$(top_builddir)/third-party/libutp/libutp.a'
LIBUTP_LIBS_QT='$${TRANSMISSION_TOP}/third-party/libutp/libutp.a'
LIPO=''
LN_S='ln -s'
LTLIBOBJS=''
LT_SYS_LIBRARY_PATH=''
MAKEINFO='${SHELL} /home/dev/tm/transmission/missing makeinfo'
MANIFEST_TOOL=':'
MBEDTLS_CFLAGS=''
MBEDTLS_LIBS=''
MKDIR_P='/bin/mkdir -p'
MKINSTALLDIRS=''
MSGFMT=''
MSGMERGE=''
NM='/home/dev/tm/transmission/builder/toolchain_arm/bin/arm-linux-androideabi-nm'
NMEDIT=''
OBJDUMP='objdump'
OBJEXT='o'
OPENSSL_CFLAGS='-I/home/dev/tm/transmission/builder/toolchain_arm/sysroot/usr/include'
OPENSSL_LIBS='-L/home/dev/tm/transmission/builder/toolchain_arm/sysroot/usr/lib -lssl -lcrypto'
OPENSSL_MINIMUM='0.9.7'
OTOOL64=''
OTOOL=''
PACKAGE='transmission'
PACKAGE_BUGREPORT='https://github.com/transmission/transmission'
PACKAGE_NAME='transmission'
PACKAGE_STRING='transmission 2.94'
PACKAGE_TARNAME='transmission'
PACKAGE_URL=''
PACKAGE_VERSION='2.94'
PATH_SEPARATOR=':'
PEERID_PREFIX='-TR2940-'
PKG_CONFIG='/usr/bin/pkg-config'
POFILES=''
POLARSSL_IS_MBEDTLS_FALSE=''
POLARSSL_IS_MBEDTLS_TRUE='#'
POLARSSL_MINIMUM='0x01020000'
POSUB=''
PO_IN_DATADIR_FALSE=''
PO_IN_DATADIR_TRUE=''
PTHREAD_CC='/home/dev/tm/transmission/builder/toolchain_arm/bin/arm-linux-androideabi-clang'
PTHREAD_CFLAGS=''
PTHREAD_LIBS=''
RANLIB='/home/dev/tm/transmission/builder/toolchain_arm/bin/arm-linux-androideabi-ranlib'
SED='/bin/sed'
SET_MAKE=''
SHELL='/bin/bash'
STRIP='strip'
SYSTEMD_DAEMON_CFLAGS=''
SYSTEMD_DAEMON_LIBS=''
TR_UNSTABLE_FALSE=''
TR_UNSTABLE_TRUE='#'
USERAGENT_PREFIX='2.94'
USE_INOTIFY_FALSE='#'
USE_INOTIFY_TRUE=''
USE_KQUEUE_FALSE=''
USE_KQUEUE_TRUE='#'
USE_NLS=''
VERSION='2.94'
WIN32_FALSE=''
WIN32_TRUE='#'
WINDRES=''
WOLFSSL_CFLAGS=''
WOLFSSL_LIBS=''
XGETTEXT=''
ZLIB_CFLAGS='-I/home/dev/tm/transmission/builder/toolchain_arm/sysroot/usr/include'
ZLIB_LIBS='-L/home/dev/tm/transmission/builder/toolchain_arm/sysroot/usr/lib -lz'
ZLIB_MINIMUM='1.2.3'
ac_ct_AR=''
ac_ct_CC=''
ac_ct_CXX=''
ac_ct_DUMPBIN=''
acx_pthread_config=''
am__EXEEXT_FALSE=''
am__EXEEXT_TRUE='#'
am__fastdepCC_FALSE='#'
am__fastdepCC_TRUE=''
am__fastdepCXX_FALSE='#'
am__fastdepCXX_TRUE=''
am__include='include'
am__isrc=''
am__leading_dot='.'
am__nodep='_no'
am__quote=''
am__tar='tar --format=posix -chf - "$$tardir"'
am__untar='tar -xf -'
bindir='${exec_prefix}/bin'
build='x86_64-pc-linux-gnu'
build_alias=''
build_cpu='x86_64'
build_os='linux-gnu'
build_vendor='pc'
datadir='${datarootdir}'
datarootdir='${prefix}/share'
docdir='${datarootdir}/doc/${PACKAGE_TARNAME}'
dvidir='${docdir}'
exec_prefix='${prefix}'
host='arm-unknown-linux-androideabi'
host_alias='arm-linux-androideabi'
host_cpu='arm'
host_os='linux-androideabi'
host_vendor='unknown'
htmldir='${docdir}'
includedir='${prefix}/include'
infodir='${datarootdir}/info'
install_sh='${SHELL} /home/dev/tm/transmission/install-sh'
intltool__v_merge_options_0=''
intltool__v_merge_options_=''
libdir='${exec_prefix}/lib'
libexecdir='${exec_prefix}/libexec'
localedir='${datarootdir}/locale'
localstatedir='${prefix}/var'
mandir='${datarootdir}/man'
mkdir_p='$(MKDIR_P)'
oldincludedir='/usr/include'
pdfdir='${docdir}'
prefix='/home/dev/tm/transmission/builder/toolchain_arm/sysroot/usr'
program_transform_name='s,x,x,'
psdir='${docdir}'
runstatedir='${localstatedir}/run'
sbindir='${exec_prefix}/sbin'
sharedstatedir='${prefix}/com'
sysconfdir='${prefix}/etc'
target_alias=''
transmissionlocaledir=''

## ----------- ##
## confdefs.h. ##
## ----------- ##

/* confdefs.h */
#define PACKAGE_NAME "transmission"
#define PACKAGE_TARNAME "transmission"
#define PACKAGE_VERSION "2.94"
#define PACKAGE_STRING "transmission 2.94"
#define PACKAGE_BUGREPORT "https://github.com/transmission/transmission"
#define PACKAGE_URL ""
#define PACKAGE "transmission"
#define VERSION "2.94"
#define STDC_HEADERS 1
#define HAVE_SYS_TYPES_H 1
#define HAVE_SYS_STAT_H 1
#define HAVE_STDLIB_H 1
#define HAVE_STRING_H 1
#define HAVE_MEMORY_H 1
#define HAVE_STRINGS_H 1
#define HAVE_INTTYPES_H 1
#define HAVE_STDINT_H 1
#define HAVE_UNISTD_H 1
#define HAVE_DLFCN_H 1
#define LT_OBJDIR ".libs/"
#define STDC_HEADERS 1
#define TIME_WITH_SYS_TIME 1
#define HAVE_STDBOOL_H 1
#define HAVE_XLOCALE_H 1
#define HAVE_PREAD 1
#define HAVE_PWRITE 1
#define HAVE_STRLCPY 1
#define HAVE_DAEMON 1
#define HAVE_DIRNAME 1
#define HAVE_BASENAME 1
#define HAVE_STRCASECMP 1
#define HAVE_LOCALTIME_R 1
#define HAVE_FALLOCATE64 1
#define HAVE_POSIX_FALLOCATE 1
#define HAVE_MEMMEM 1
#define HAVE_STRSEP 1
#define HAVE_STRTOLD 1
#define HAVE_SYSLOG 1
#define HAVE_VALLOC 1
#define HAVE_GETPAGESIZE 1
#define HAVE_POSIX_MEMALIGN 1
#define HAVE_STATVFS 1
#define HAVE_MKDTEMP 1
#define HAVE_USELOCALE 1
#define HAVE_PTHREAD 1
#define _FILE_OFFSET_BITS 64
#define HAVE_GETMNTENT 1
#define HAVE_DECL_POSIX_FADVISE 1
#define HAVE_POSIX_FADVISE 1
#define HAVE_SYS_STATVFS_H 1
#define WITH_UTP 1
#define TR_LIGHTWEIGHT 1

configure: exit 0
